<?xml version="1.0" encoding="UTF-8" ?>
<testsuite failures="0" time="2.765" errors="9" skipped="0" tests="9" name="com.serjann.force.domain.MechIntegrationTest">
  <properties>
    <property name="java.runtime.name" value="Java(TM) SE Runtime Environment"/>
    <property name="sun.boot.library.path" value="C:\programgm\Java6Sun\jdk1.6.0_17\jre\bin"/>
    <property name="java.vm.version" value="14.3-b01"/>
    <property name="java.vm.vendor" value="Sun Microsystems Inc."/>
    <property name="java.vendor.url" value="http://java.sun.com/"/>
    <property name="path.separator" value=";"/>
    <property name="java.vm.name" value="Java HotSpot(TM) Client VM"/>
    <property name="file.encoding.pkg" value="sun.io"/>
    <property name="user.country" value="US"/>
    <property name="sun.java.launcher" value="SUN_STANDARD"/>
    <property name="sun.os.patch.level" value="Service Pack 3"/>
    <property name="java.vm.specification.name" value="Java Virtual Machine Specification"/>
    <property name="user.dir" value="C:\Projects\RooRelForce120M1"/>
    <property name="java.runtime.version" value="1.6.0_17-b04"/>
    <property name="java.awt.graphicsenv" value="sun.awt.Win32GraphicsEnvironment"/>
    <property name="basedir" value="C:\Projects\RooRelForce120M1"/>
    <property name="java.endorsed.dirs" value="C:\programgm\Java6Sun\jdk1.6.0_17\jre\lib\endorsed"/>
    <property name="os.arch" value="x86"/>
    <property name="surefire.real.class.path" value="C:\Projects\RooRelForce120M1\target\surefire\surefirebooter7595408979296436451.jar"/>
    <property name="java.io.tmpdir" value="C:\DOCUME~1\edwin\LOCALS~1\Temp\"/>
    <property name="line.separator" value="
"/>
    <property name="java.vm.specification.vendor" value="Sun Microsystems Inc."/>
    <property name="user.variant" value=""/>
    <property name="os.name" value="Windows XP"/>
    <property name="sun.jnu.encoding" value="Cp1252"/>
    <property name="java.library.path" value="C:\programgm\Java6Sun\jdk1.6.0_17\jre\bin;.;C:\WINDOWS\Sun\Java\bin;C:\WINDOWS\system32;C:\WINDOWS;C:\Python26\Lib\site-packages\PyQt4;C:\programgm\Ruby192\bin;%ISIS_COMMON%\W3\LIB;%JAVA_HOME%\bin;C:\bin;C:\WINDOWS\system32;C:\WINDOWS;C:\WINDOWS\System32\Wbem;C:\Program Files\ATI Technologies\ATI.ACE\Core-Static;c:\Program Files\Common Files\Lenovo;C:\Program Files\Common Files\Roxio Shared\10.0\DLLShared\;C:\Program Files\Common Files\Roxio Shared\DLLShared\;C:\Program Files\Common Files\Roxio Shared\DLLShared\;C:\Program Files\Common Files\Roxio Shared\10.0\DLLShared\;C:\Program Files\ThinkPad\ConnectUtilities;C:\Program Files\Lenovo\Client Security Solution;C:\Program Files\Intel\WiFi\bin\;C:\PROGRA~2\IBM\SQLLIB\BIN;C:\PROGRA~2\IBM\SQLLIB\FUNCTION;C:\PROGRA~2\IBM\SQLLIB\SAMPLES\REPL;C:\Programgm\TortoiseSVN\bin;C:\Programgm\Git\cmd;C:\Programgm\GNU\GnuPG4\pub;C:\xampp\php;C:\Programgm\TortoiseGit\bin;C:\Program Files\git-cola\bin;C:\Programgm\QuickTime\QTSystem\;C:\PROGRA~2\DISKCO~1\DISKEE~1\;C:\programgm\jruby-1.6.3\bin;C:\programgm\apache-ant-1.7.1\bin;C:\programgm\Java6Sun\jdk1.6.0_17\bin;C:\programgm\maven-2.2.1.RELEASE\bin;C:\Programgm\OpenVPN\bin;C:\Programgm\UltraEdit14.20\;C:\st23\spring-roo-1.1.2.RELEASE\bin;C:\programgm\Mozilla Firefox;C:\programgm\curl-7.19.7-ssl-sspi-zlib-static-bin-w32"/>
    <property name="surefire.test.class.path" value="C:\Projects\RooRelForce120M1\target\test-classes;C:\Projects\RooRelForce120M1\target\classes;C:\Documents and Settings\edwin\.m2\repository\junit\junit\4.8.2\junit-4.8.2.jar;C:\Documents and Settings\edwin\.m2\repository\log4j\log4j\1.2.16\log4j-1.2.16.jar;C:\Documents and Settings\edwin\.m2\repository\org\slf4j\slf4j-api\1.6.1\slf4j-api-1.6.1.jar;C:\Documents and Settings\edwin\.m2\repository\org\slf4j\jcl-over-slf4j\1.6.1\jcl-over-slf4j-1.6.1.jar;C:\Documents and Settings\edwin\.m2\repository\org\slf4j\slf4j-log4j12\1.6.1\slf4j-log4j12-1.6.1.jar;C:\Documents and Settings\edwin\.m2\repository\org\aspectj\aspectjrt\1.6.12.M2\aspectjrt-1.6.12.M2.jar;C:\Documents and Settings\edwin\.m2\repository\org\aspectj\aspectjweaver\1.6.12.M2\aspectjweaver-1.6.12.M2.jar;C:\Documents and Settings\edwin\.m2\repository\javax\servlet\servlet-api\2.5\servlet-api-2.5.jar;C:\Documents and Settings\edwin\.m2\repository\net\sf\flexjson\flexjson\2.1\flexjson-2.1.jar;C:\Documents and Settings\edwin\.m2\repository\org\springframework\roo\org.springframework.roo.annotations\1.2.0.M1\org.springframework.roo.annotations-1.2.0.M1.jar;C:\Documents and Settings\edwin\.m2\repository\org\springframework\spring-core\3.0.6.RELEASE\spring-core-3.0.6.RELEASE.jar;C:\Documents and Settings\edwin\.m2\repository\org\springframework\spring-asm\3.0.6.RELEASE\spring-asm-3.0.6.RELEASE.jar;C:\Documents and Settings\edwin\.m2\repository\org\springframework\spring-test\3.0.6.RELEASE\spring-test-3.0.6.RELEASE.jar;C:\Documents and Settings\edwin\.m2\repository\org\springframework\spring-context\3.0.6.RELEASE\spring-context-3.0.6.RELEASE.jar;C:\Documents and Settings\edwin\.m2\repository\org\springframework\spring-aop\3.0.6.RELEASE\spring-aop-3.0.6.RELEASE.jar;C:\Documents and Settings\edwin\.m2\repository\aopalliance\aopalliance\1.0\aopalliance-1.0.jar;C:\Documents and Settings\edwin\.m2\repository\org\springframework\spring-beans\3.0.6.RELEASE\spring-beans-3.0.6.RELEASE.jar;C:\Documents and Settings\edwin\.m2\repository\org\springframework\spring-expression\3.0.6.RELEASE\spring-expression-3.0.6.RELEASE.jar;C:\Documents and Settings\edwin\.m2\repository\org\springframework\spring-aspects\3.0.6.RELEASE\spring-aspects-3.0.6.RELEASE.jar;C:\Documents and Settings\edwin\.m2\repository\org\springframework\spring-context-support\3.0.6.RELEASE\spring-context-support-3.0.6.RELEASE.jar;C:\Documents and Settings\edwin\.m2\repository\org\springframework\spring-tx\3.0.6.RELEASE\spring-tx-3.0.6.RELEASE.jar;C:\Documents and Settings\edwin\.m2\repository\com\force\sdk\force-jpa\22.0.5-BETA\force-jpa-22.0.5-BETA.jar;C:\Documents and Settings\edwin\.m2\repository\com\force\api\force-metadata-api\22.0.0\force-metadata-api-22.0.0.jar;C:\Documents and Settings\edwin\.m2\repository\com\force\api\force-partner-api\22.0.0\force-partner-api-22.0.0.jar;C:\Documents and Settings\edwin\.m2\repository\com\force\api\force-wsc\22.0.0\force-wsc-22.0.0.jar;C:\Documents and Settings\edwin\.m2\repository\com\force\sdk\force-connector\22.0.5-BETA\force-connector-22.0.5-BETA.jar;C:\Documents and Settings\edwin\.m2\repository\javax\jdo\jdo2-api\2.3-eb\jdo2-api-2.3-eb.jar;C:\Documents and Settings\edwin\.m2\repository\javax\transaction\transaction-api\1.1\transaction-api-1.1.jar;C:\Documents and Settings\edwin\.m2\repository\org\apache\geronimo\specs\geronimo-jpa_2.0_spec\1.1\geronimo-jpa_2.0_spec-1.1.jar;C:\Documents and Settings\edwin\.m2\repository\org\datanucleus\datanucleus-core\2.2.3\datanucleus-core-2.2.3.jar;C:\Documents and Settings\edwin\.m2\repository\org\datanucleus\datanucleus-jpa\2.1.7\datanucleus-jpa-2.1.7.jar;C:\Documents and Settings\edwin\.m2\repository\org\datanucleus\datanucleus-enhancer\2.1.0-release\datanucleus-enhancer-2.1.0-release.jar;C:\Documents and Settings\edwin\.m2\repository\asm\asm\3.3.1\asm-3.3.1.jar;C:\Documents and Settings\edwin\.m2\repository\org\datanucleus\datanucleus-rdbms\2.1.0-release\datanucleus-rdbms-2.1.0-release.jar;C:\Documents and Settings\edwin\.m2\repository\javax\jdo\jdo-api\3.0\jdo-api-3.0.jar;C:\Documents and Settings\edwin\.m2\repository\org\hibernate\hibernate-validator\4.1.0.Final\hibernate-validator-4.1.0.Final.jar;C:\Documents and Settings\edwin\.m2\repository\javax\validation\validation-api\1.0.0.GA\validation-api-1.0.0.GA.jar;C:\Documents and Settings\edwin\.m2\repository\cglib\cglib-nodep\2.2\cglib-nodep-2.2.jar;C:\Documents and Settings\edwin\.m2\repository\javax\transaction\jta\1.1\jta-1.1.jar;C:\Documents and Settings\edwin\.m2\repository\org\springframework\spring-jdbc\3.0.6.RELEASE\spring-jdbc-3.0.6.RELEASE.jar;C:\Documents and Settings\edwin\.m2\repository\org\springframework\spring-orm\3.0.6.RELEASE\spring-orm-3.0.6.RELEASE.jar;C:\Documents and Settings\edwin\.m2\repository\commons-pool\commons-pool\1.5.4\commons-pool-1.5.4.jar;C:\Documents and Settings\edwin\.m2\repository\commons-dbcp\commons-dbcp\1.3\commons-dbcp-1.3.jar;"/>
    <property name="java.specification.name" value="Java Platform API Specification"/>
    <property name="java.class.version" value="50.0"/>
    <property name="sun.management.compiler" value="HotSpot Client Compiler"/>
    <property name="os.version" value="5.1"/>
    <property name="user.home" value="C:\Documents and Settings\edwin"/>
    <property name="user.timezone" value="America/New_York"/>
    <property name="java.awt.printerjob" value="sun.awt.windows.WPrinterJob"/>
    <property name="java.specification.version" value="1.6"/>
    <property name="file.encoding" value="Cp1252"/>
    <property name="user.name" value="edwin"/>
    <property name="java.class.path" value="C:\Projects\RooRelForce120M1\target\test-classes;C:\Projects\RooRelForce120M1\target\classes;C:\Documents and Settings\edwin\.m2\repository\junit\junit\4.8.2\junit-4.8.2.jar;C:\Documents and Settings\edwin\.m2\repository\log4j\log4j\1.2.16\log4j-1.2.16.jar;C:\Documents and Settings\edwin\.m2\repository\org\slf4j\slf4j-api\1.6.1\slf4j-api-1.6.1.jar;C:\Documents and Settings\edwin\.m2\repository\org\slf4j\jcl-over-slf4j\1.6.1\jcl-over-slf4j-1.6.1.jar;C:\Documents and Settings\edwin\.m2\repository\org\slf4j\slf4j-log4j12\1.6.1\slf4j-log4j12-1.6.1.jar;C:\Documents and Settings\edwin\.m2\repository\org\aspectj\aspectjrt\1.6.12.M2\aspectjrt-1.6.12.M2.jar;C:\Documents and Settings\edwin\.m2\repository\org\aspectj\aspectjweaver\1.6.12.M2\aspectjweaver-1.6.12.M2.jar;C:\Documents and Settings\edwin\.m2\repository\javax\servlet\servlet-api\2.5\servlet-api-2.5.jar;C:\Documents and Settings\edwin\.m2\repository\net\sf\flexjson\flexjson\2.1\flexjson-2.1.jar;C:\Documents and Settings\edwin\.m2\repository\org\springframework\roo\org.springframework.roo.annotations\1.2.0.M1\org.springframework.roo.annotations-1.2.0.M1.jar;C:\Documents and Settings\edwin\.m2\repository\org\springframework\spring-core\3.0.6.RELEASE\spring-core-3.0.6.RELEASE.jar;C:\Documents and Settings\edwin\.m2\repository\org\springframework\spring-asm\3.0.6.RELEASE\spring-asm-3.0.6.RELEASE.jar;C:\Documents and Settings\edwin\.m2\repository\org\springframework\spring-test\3.0.6.RELEASE\spring-test-3.0.6.RELEASE.jar;C:\Documents and Settings\edwin\.m2\repository\org\springframework\spring-context\3.0.6.RELEASE\spring-context-3.0.6.RELEASE.jar;C:\Documents and Settings\edwin\.m2\repository\org\springframework\spring-aop\3.0.6.RELEASE\spring-aop-3.0.6.RELEASE.jar;C:\Documents and Settings\edwin\.m2\repository\aopalliance\aopalliance\1.0\aopalliance-1.0.jar;C:\Documents and Settings\edwin\.m2\repository\org\springframework\spring-beans\3.0.6.RELEASE\spring-beans-3.0.6.RELEASE.jar;C:\Documents and Settings\edwin\.m2\repository\org\springframework\spring-expression\3.0.6.RELEASE\spring-expression-3.0.6.RELEASE.jar;C:\Documents and Settings\edwin\.m2\repository\org\springframework\spring-aspects\3.0.6.RELEASE\spring-aspects-3.0.6.RELEASE.jar;C:\Documents and Settings\edwin\.m2\repository\org\springframework\spring-context-support\3.0.6.RELEASE\spring-context-support-3.0.6.RELEASE.jar;C:\Documents and Settings\edwin\.m2\repository\org\springframework\spring-tx\3.0.6.RELEASE\spring-tx-3.0.6.RELEASE.jar;C:\Documents and Settings\edwin\.m2\repository\com\force\sdk\force-jpa\22.0.5-BETA\force-jpa-22.0.5-BETA.jar;C:\Documents and Settings\edwin\.m2\repository\com\force\api\force-metadata-api\22.0.0\force-metadata-api-22.0.0.jar;C:\Documents and Settings\edwin\.m2\repository\com\force\api\force-partner-api\22.0.0\force-partner-api-22.0.0.jar;C:\Documents and Settings\edwin\.m2\repository\com\force\api\force-wsc\22.0.0\force-wsc-22.0.0.jar;C:\Documents and Settings\edwin\.m2\repository\com\force\sdk\force-connector\22.0.5-BETA\force-connector-22.0.5-BETA.jar;C:\Documents and Settings\edwin\.m2\repository\javax\jdo\jdo2-api\2.3-eb\jdo2-api-2.3-eb.jar;C:\Documents and Settings\edwin\.m2\repository\javax\transaction\transaction-api\1.1\transaction-api-1.1.jar;C:\Documents and Settings\edwin\.m2\repository\org\apache\geronimo\specs\geronimo-jpa_2.0_spec\1.1\geronimo-jpa_2.0_spec-1.1.jar;C:\Documents and Settings\edwin\.m2\repository\org\datanucleus\datanucleus-core\2.2.3\datanucleus-core-2.2.3.jar;C:\Documents and Settings\edwin\.m2\repository\org\datanucleus\datanucleus-jpa\2.1.7\datanucleus-jpa-2.1.7.jar;C:\Documents and Settings\edwin\.m2\repository\org\datanucleus\datanucleus-enhancer\2.1.0-release\datanucleus-enhancer-2.1.0-release.jar;C:\Documents and Settings\edwin\.m2\repository\asm\asm\3.3.1\asm-3.3.1.jar;C:\Documents and Settings\edwin\.m2\repository\org\datanucleus\datanucleus-rdbms\2.1.0-release\datanucleus-rdbms-2.1.0-release.jar;C:\Documents and Settings\edwin\.m2\repository\javax\jdo\jdo-api\3.0\jdo-api-3.0.jar;C:\Documents and Settings\edwin\.m2\repository\org\hibernate\hibernate-validator\4.1.0.Final\hibernate-validator-4.1.0.Final.jar;C:\Documents and Settings\edwin\.m2\repository\javax\validation\validation-api\1.0.0.GA\validation-api-1.0.0.GA.jar;C:\Documents and Settings\edwin\.m2\repository\cglib\cglib-nodep\2.2\cglib-nodep-2.2.jar;C:\Documents and Settings\edwin\.m2\repository\javax\transaction\jta\1.1\jta-1.1.jar;C:\Documents and Settings\edwin\.m2\repository\org\springframework\spring-jdbc\3.0.6.RELEASE\spring-jdbc-3.0.6.RELEASE.jar;C:\Documents and Settings\edwin\.m2\repository\org\springframework\spring-orm\3.0.6.RELEASE\spring-orm-3.0.6.RELEASE.jar;C:\Documents and Settings\edwin\.m2\repository\commons-pool\commons-pool\1.5.4\commons-pool-1.5.4.jar;C:\Documents and Settings\edwin\.m2\repository\commons-dbcp\commons-dbcp\1.3\commons-dbcp-1.3.jar;"/>
    <property name="java.vm.specification.version" value="1.0"/>
    <property name="sun.arch.data.model" value="32"/>
    <property name="java.home" value="C:\programgm\Java6Sun\jdk1.6.0_17\jre"/>
    <property name="java.specification.vendor" value="Sun Microsystems Inc."/>
    <property name="user.language" value="en"/>
    <property name="awt.toolkit" value="sun.awt.windows.WToolkit"/>
    <property name="java.vm.info" value="mixed mode, sharing"/>
    <property name="java.version" value="1.6.0_17"/>
    <property name="java.ext.dirs" value="C:\programgm\Java6Sun\jdk1.6.0_17\jre\lib\ext;C:\WINDOWS\Sun\Java\lib\ext"/>
    <property name="sun.boot.class.path" value="C:\programgm\Java6Sun\jdk1.6.0_17\jre\lib\resources.jar;C:\programgm\Java6Sun\jdk1.6.0_17\jre\lib\rt.jar;C:\programgm\Java6Sun\jdk1.6.0_17\jre\lib\sunrsasign.jar;C:\programgm\Java6Sun\jdk1.6.0_17\jre\lib\jsse.jar;C:\programgm\Java6Sun\jdk1.6.0_17\jre\lib\jce.jar;C:\programgm\Java6Sun\jdk1.6.0_17\jre\lib\charsets.jar;C:\programgm\Java6Sun\jdk1.6.0_17\jre\classes"/>
    <property name="java.vendor" value="Sun Microsystems Inc."/>
    <property name="localRepository" value="C:/Documents and Settings/edwin/.m2/repository"/>
    <property name="file.separator" value="\"/>
    <property name="java.vendor.url.bug" value="http://java.sun.com/cgi-bin/bugreport.cgi"/>
    <property name="sun.cpu.endian" value="little"/>
    <property name="sun.io.unicode.encoding" value="UnicodeLittle"/>
    <property name="sun.desktop" value="windows"/>
    <property name="sun.cpu.isalist" value="pentium_pro+mmx pentium_pro pentium+mmx pentium i486 i386 i86"/>
  </properties>
  <testcase time="1.422" classname="com.serjann.force.domain.MechIntegrationTest" name="testMarkerMethod">
    <error message="Failed to load ApplicationContext" type="java.lang.IllegalStateException">java.lang.IllegalStateException: Failed to load ApplicationContext
	at org.springframework.test.context.TestContext.getApplicationContext(TestContext.java:308)
	at org.springframework.test.context.support.DependencyInjectionTestExecutionListener.injectDependencies(DependencyInjectionTestExecutionListener.java:109)
	at org.springframework.test.context.support.DependencyInjectionTestExecutionListener.prepareTestInstance(DependencyInjectionTestExecutionListener.java:75)
	at org.springframework.test.context.TestContextManager.prepareTestInstance(TestContextManager.java:321)
	at org.springframework.test.context.junit4.SpringJUnit4ClassRunner.createTest(SpringJUnit4ClassRunner.java:211)
	at org.springframework.test.context.junit4.SpringJUnit4ClassRunner$1.runReflectiveCall(SpringJUnit4ClassRunner.java:287)
	at org.junit.internal.runners.model.ReflectiveCallable.run(ReflectiveCallable.java:15)
	at org.springframework.test.context.junit4.SpringJUnit4ClassRunner.methodBlock(SpringJUnit4ClassRunner.java:289)
	at org.springframework.test.context.junit4.SpringJUnit4ClassRunner.runChild(SpringJUnit4ClassRunner.java:231)
	at org.junit.runners.BlockJUnit4ClassRunner.runChild(BlockJUnit4ClassRunner.java:49)
	at org.junit.runners.ParentRunner$3.run(ParentRunner.java:193)
	at org.junit.runners.ParentRunner$1.schedule(ParentRunner.java:52)
	at org.junit.runners.ParentRunner.runChildren(ParentRunner.java:191)
	at org.junit.runners.ParentRunner.access$000(ParentRunner.java:42)
	at org.junit.runners.ParentRunner$2.evaluate(ParentRunner.java:184)
	at org.springframework.test.context.junit4.statements.RunBeforeTestClassCallbacks.evaluate(RunBeforeTestClassCallbacks.java:61)
	at org.springframework.test.context.junit4.statements.RunAfterTestClassCallbacks.evaluate(RunAfterTestClassCallbacks.java:70)
	at org.junit.runners.ParentRunner.run(ParentRunner.java:236)
	at org.springframework.test.context.junit4.SpringJUnit4ClassRunner.run(SpringJUnit4ClassRunner.java:174)
	at org.apache.maven.surefire.junit4.JUnit4TestSet.execute(JUnit4TestSet.java:53)
	at org.apache.maven.surefire.junit4.JUnit4Provider.executeTestSet(JUnit4Provider.java:119)
	at org.apache.maven.surefire.junit4.JUnit4Provider.invoke(JUnit4Provider.java:101)
	at sun.reflect.NativeMethodAccessorImpl.invoke0(Native Method)
	at sun.reflect.NativeMethodAccessorImpl.invoke(NativeMethodAccessorImpl.java:39)
	at sun.reflect.DelegatingMethodAccessorImpl.invoke(DelegatingMethodAccessorImpl.java:25)
	at java.lang.reflect.Method.invoke(Method.java:597)
	at org.apache.maven.surefire.booter.ProviderFactory$ClassLoaderProxy.invoke(ProviderFactory.java:103)
	at $Proxy0.invoke(Unknown Source)
	at org.apache.maven.surefire.booter.SurefireStarter.invokeProvider(SurefireStarter.java:150)
	at org.apache.maven.surefire.booter.SurefireStarter.runSuitesInProcess(SurefireStarter.java:91)
	at org.apache.maven.surefire.booter.ForkedBooter.main(ForkedBooter.java:69)
Caused by: org.springframework.beans.factory.BeanCreationException: Error creating bean with name &apos;transactionManager&apos; defined in file [C:\Projects\RooRelForce120M1\target\classes\META-INF\spring\applicationContext.xml]: Cannot resolve reference to bean &apos;entityManagerFactory&apos; while setting bean property &apos;entityManagerFactory&apos;; nested exception is org.springframework.beans.factory.BeanCreationException: Error creating bean with name &apos;entityManagerFactory&apos; defined in file [C:\Projects\RooRelForce120M1\target\classes\META-INF\spring\applicationContext.xml]: Invocation of init method failed; nested exception is org.datanucleus.exceptions.NucleusException: Failed to get next element
	at org.springframework.beans.factory.support.BeanDefinitionValueResolver.resolveReference(BeanDefinitionValueResolver.java:328)
	at org.springframework.beans.factory.support.BeanDefinitionValueResolver.resolveValueIfNecessary(BeanDefinitionValueResolver.java:106)
	at org.springframework.beans.factory.support.AbstractAutowireCapableBeanFactory.applyPropertyValues(AbstractAutowireCapableBeanFactory.java:1325)
	at org.springframework.beans.factory.support.AbstractAutowireCapableBeanFactory.populateBean(AbstractAutowireCapableBeanFactory.java:1086)
	at org.springframework.beans.factory.support.AbstractAutowireCapableBeanFactory.doCreateBean(AbstractAutowireCapableBeanFactory.java:517)
	at org.springframework.beans.factory.support.AbstractAutowireCapableBeanFactory.createBean(AbstractAutowireCapableBeanFactory.java:456)
	at org.springframework.beans.factory.support.AbstractBeanFactory$1.getObject(AbstractBeanFactory.java:293)
	at org.springframework.beans.factory.support.DefaultSingletonBeanRegistry.getSingleton(DefaultSingletonBeanRegistry.java:222)
	at org.springframework.beans.factory.support.AbstractBeanFactory.doGetBean(AbstractBeanFactory.java:290)
	at org.springframework.beans.factory.support.AbstractBeanFactory.getBean(AbstractBeanFactory.java:192)
	at org.springframework.beans.factory.support.DefaultListableBeanFactory.preInstantiateSingletons(DefaultListableBeanFactory.java:585)
	at org.springframework.context.support.AbstractApplicationContext.finishBeanFactoryInitialization(AbstractApplicationContext.java:895)
	at org.springframework.context.support.AbstractApplicationContext.refresh(AbstractApplicationContext.java:425)
	at org.springframework.test.context.support.AbstractGenericContextLoader.loadContext(AbstractGenericContextLoader.java:84)
	at org.springframework.test.context.support.AbstractGenericContextLoader.loadContext(AbstractGenericContextLoader.java:1)
	at org.springframework.test.context.TestContext.loadApplicationContext(TestContext.java:280)
	at org.springframework.test.context.TestContext.getApplicationContext(TestContext.java:304)
	... 30 more
Caused by: org.springframework.beans.factory.BeanCreationException: Error creating bean with name &apos;entityManagerFactory&apos; defined in file [C:\Projects\RooRelForce120M1\target\classes\META-INF\spring\applicationContext.xml]: Invocation of init method failed; nested exception is org.datanucleus.exceptions.NucleusException: Failed to get next element
	at org.springframework.beans.factory.support.AbstractAutowireCapableBeanFactory.initializeBean(AbstractAutowireCapableBeanFactory.java:1420)
	at org.springframework.beans.factory.support.AbstractAutowireCapableBeanFactory.doCreateBean(AbstractAutowireCapableBeanFactory.java:519)
	at org.springframework.beans.factory.support.AbstractAutowireCapableBeanFactory.createBean(AbstractAutowireCapableBeanFactory.java:456)
	at org.springframework.beans.factory.support.AbstractBeanFactory$1.getObject(AbstractBeanFactory.java:293)
	at org.springframework.beans.factory.support.DefaultSingletonBeanRegistry.getSingleton(DefaultSingletonBeanRegistry.java:222)
	at org.springframework.beans.factory.support.AbstractBeanFactory.doGetBean(AbstractBeanFactory.java:290)
	at org.springframework.beans.factory.support.AbstractBeanFactory.getBean(AbstractBeanFactory.java:192)
	at org.springframework.beans.factory.support.BeanDefinitionValueResolver.resolveReference(BeanDefinitionValueResolver.java:322)
	... 46 more
Caused by: org.datanucleus.exceptions.NucleusException: Failed to get next element
	at com.force.sdk.jpa.schema.ForceStoreSchemaHandler.cacheDescribeSObjects(ForceStoreSchemaHandler.java:153)
	at com.force.sdk.jpa.ForceStoreManager.preInitialiseFileMetaData(ForceStoreManager.java:309)
	at com.force.sdk.jpa.ForceMetaDataManager.initialiseFileMetaDataForUse(ForceMetaDataManager.java:262)
	at org.datanucleus.metadata.MetaDataManager.loadPersistenceUnit(MetaDataManager.java:854)
	at com.force.sdk.jpa.ForceMetaDataManager.loadPersistenceUnit(ForceMetaDataManager.java:113)
	at org.datanucleus.jpa.EntityManagerFactoryImpl.initialisePMF(EntityManagerFactoryImpl.java:598)
	at org.datanucleus.jpa.EntityManagerFactoryImpl.&lt;init&gt;(EntityManagerFactoryImpl.java:282)
	at com.force.sdk.jpa.ForceEntityManagerFactory.&lt;init&gt;(ForceEntityManagerFactory.java:53)
	at com.force.sdk.jpa.PersistenceProviderImpl.createContainerEntityManagerFactory(PersistenceProviderImpl.java:59)
	at org.springframework.orm.jpa.LocalContainerEntityManagerFactoryBean.createNativeEntityManagerFactory(LocalContainerEntityManagerFactoryBean.java:225)
	at org.springframework.orm.jpa.AbstractEntityManagerFactoryBean.afterPropertiesSet(AbstractEntityManagerFactoryBean.java:310)
	at org.springframework.beans.factory.support.AbstractAutowireCapableBeanFactory.invokeInitMethods(AbstractAutowireCapableBeanFactory.java:1477)
	at org.springframework.beans.factory.support.AbstractAutowireCapableBeanFactory.initializeBean(AbstractAutowireCapableBeanFactory.java:1417)
	... 53 more
Caused by: com.sforce.ws.ConnectionException: Failed to get next element
	at com.sforce.ws.parser.XmlInputStream.nextTag(XmlInputStream.java:168)
	at com.sforce.ws.transport.SoapConnection.readSoapEnvelopeStart(SoapConnection.java:249)
	at com.sforce.ws.transport.SoapConnection.bind(SoapConnection.java:163)
	at com.sforce.ws.transport.SoapConnection.receive(SoapConnection.java:147)
	at com.sforce.ws.transport.SoapConnection.send(SoapConnection.java:98)
	at com.sforce.soap.partner.PartnerConnection.login(PartnerConnection.java:1664)
	at com.sforce.soap.partner.PartnerConnection.&lt;init&gt;(PartnerConnection.java:430)
	at com.sforce.soap.partner.Connector.newConnection(Connector.java:27)
	at com.force.sdk.connector.ForceServiceConnector.initConnection(ForceServiceConnector.java:260)
	at com.force.sdk.connector.ForceServiceConnector.initMetadataConnection(ForceServiceConnector.java:416)
	at com.force.sdk.connector.ForceServiceConnector.getNamespace(ForceServiceConnector.java:492)
	at com.force.sdk.jpa.ForceManagedConnection.getNamespace(ForceManagedConnection.java:111)
	at com.force.sdk.jpa.schema.ForceStoreSchemaHandler.cacheDescribeSObjects(ForceStoreSchemaHandler.java:124)
	... 65 more
Caused by: com.sforce.ws.parser.XmlPullParserException: only whitespace content allowed before start tag and not  (position: START_DOCUMENT seen ... @1:1) 
	at com.sforce.ws.parser.MXParser.parseProlog(MXParser.java:1505)
	at com.sforce.ws.parser.MXParser.nextImpl(MXParser.java:1382)
	at com.sforce.ws.parser.MXParser.next(MXParser.java:1085)
	at com.sforce.ws.parser.MXParser.nextTag(MXParser.java:1070)
	at com.sforce.ws.parser.XmlInputStream.nextTag(XmlInputStream.java:166)
	... 77 more
</error>
    <system-out>@HL
@HL-------------------------------------------------------
@HL T E S T S
@HL-------------------------------------------------------
@SLRunning com.serjann.force.domain.MechIntegrationTest
2011-09-23 09:29:46,562 [main] ERROR org.springframework.test.context.TestContextManager - Caught exception while allowing TestExecutionListener [org.springframework.test.context.support.DependencyInjectionTestExecutionListener@ffd135] to prepare test instance [com.serjann.force.domain.MechIntegrationTest@1000bcf]
java.lang.IllegalStateException: Failed to load ApplicationContext
	at org.springframework.test.context.TestContext.getApplicationContext(TestContext.java:308)
	at org.springframework.test.context.support.DependencyInjectionTestExecutionListener.injectDependencies(DependencyInjectionTestExecutionListener.java:109)
	at org.springframework.test.context.support.DependencyInjectionTestExecutionListener.prepareTestInstance(DependencyInjectionTestExecutionListener.java:75)
	at org.springframework.test.context.TestContextManager.prepareTestInstance(TestContextManager.java:321)
	at org.springframework.test.context.junit4.SpringJUnit4ClassRunner.createTest(SpringJUnit4ClassRunner.java:211)
	at org.springframework.test.context.junit4.SpringJUnit4ClassRunner$1.runReflectiveCall(SpringJUnit4ClassRunner.java:287)
	at org.junit.internal.runners.model.ReflectiveCallable.run(ReflectiveCallable.java:15)
	at org.springframework.test.context.junit4.SpringJUnit4ClassRunner.methodBlock(SpringJUnit4ClassRunner.java:289)
	at org.springframework.test.context.junit4.SpringJUnit4ClassRunner.runChild(SpringJUnit4ClassRunner.java:231)
	at org.junit.runners.BlockJUnit4ClassRunner.runChild(BlockJUnit4ClassRunner.java:49)
	at org.junit.runners.ParentRunner$3.run(ParentRunner.java:193)
	at org.junit.runners.ParentRunner$1.schedule(ParentRunner.java:52)
	at org.junit.runners.ParentRunner.runChildren(ParentRunner.java:191)
	at org.junit.runners.ParentRunner.access$000(ParentRunner.java:42)
	at org.junit.runners.ParentRunner$2.evaluate(ParentRunner.java:184)
	at org.springframework.test.context.junit4.statements.RunBeforeTestClassCallbacks.evaluate(RunBeforeTestClassCallbacks.java:61)
	at org.springframework.test.context.junit4.statements.RunAfterTestClassCallbacks.evaluate(RunAfterTestClassCallbacks.java:70)
	at org.junit.runners.ParentRunner.run(ParentRunner.java:236)
	at org.springframework.test.context.junit4.SpringJUnit4ClassRunner.run(SpringJUnit4ClassRunner.java:174)
	at org.apache.maven.surefire.junit4.JUnit4TestSet.execute(JUnit4TestSet.java:53)
	at org.apache.maven.surefire.junit4.JUnit4Provider.executeTestSet(JUnit4Provider.java:119)
	at org.apache.maven.surefire.junit4.JUnit4Provider.invoke(JUnit4Provider.java:101)
	at sun.reflect.NativeMethodAccessorImpl.invoke0(Native Method)
	at sun.reflect.NativeMethodAccessorImpl.invoke(NativeMethodAccessorImpl.java:39)
	at sun.reflect.DelegatingMethodAccessorImpl.invoke(DelegatingMethodAccessorImpl.java:25)
	at java.lang.reflect.Method.invoke(Method.java:597)
	at org.apache.maven.surefire.booter.ProviderFactory$ClassLoaderProxy.invoke(ProviderFactory.java:103)
	at $Proxy0.invoke(Unknown Source)
	at org.apache.maven.surefire.booter.SurefireStarter.invokeProvider(SurefireStarter.java:150)
	at org.apache.maven.surefire.booter.SurefireStarter.runSuitesInProcess(SurefireStarter.java:91)
	at org.apache.maven.surefire.booter.ForkedBooter.main(ForkedBooter.java:69)
Caused by: org.springframework.beans.factory.BeanCreationException: Error creating bean with name &apos;transactionManager&apos; defined in file [C:\Projects\RooRelForce120M1\target\classes\META-INF\spring\applicationContext.xml]: Cannot resolve reference to bean &apos;entityManagerFactory&apos; while setting bean property &apos;entityManagerFactory&apos;; nested exception is org.springframework.beans.factory.BeanCreationException: Error creating bean with name &apos;entityManagerFactory&apos; defined in file [C:\Projects\RooRelForce120M1\target\classes\META-INF\spring\applicationContext.xml]: Invocation of init method failed; nested exception is org.datanucleus.exceptions.NucleusException: Failed to get next element
	at org.springframework.beans.factory.support.BeanDefinitionValueResolver.resolveReference(BeanDefinitionValueResolver.java:328)
	at org.springframework.beans.factory.support.BeanDefinitionValueResolver.resolveValueIfNecessary(BeanDefinitionValueResolver.java:106)
	at org.springframework.beans.factory.support.AbstractAutowireCapableBeanFactory.applyPropertyValues(AbstractAutowireCapableBeanFactory.java:1325)
	at org.springframework.beans.factory.support.AbstractAutowireCapableBeanFactory.populateBean(AbstractAutowireCapableBeanFactory.java:1086)
	at org.springframework.beans.factory.support.AbstractAutowireCapableBeanFactory.doCreateBean(AbstractAutowireCapableBeanFactory.java:517)
	at org.springframework.beans.factory.support.AbstractAutowireCapableBeanFactory.createBean(AbstractAutowireCapableBeanFactory.java:456)
	at org.springframework.beans.factory.support.AbstractBeanFactory$1.getObject(AbstractBeanFactory.java:293)
	at org.springframework.beans.factory.support.DefaultSingletonBeanRegistry.getSingleton(DefaultSingletonBeanRegistry.java:222)
	at org.springframework.beans.factory.support.AbstractBeanFactory.doGetBean(AbstractBeanFactory.java:290)
	at org.springframework.beans.factory.support.AbstractBeanFactory.getBean(AbstractBeanFactory.java:192)
	at org.springframework.beans.factory.support.DefaultListableBeanFactory.preInstantiateSingletons(DefaultListableBeanFactory.java:585)
	at org.springframework.context.support.AbstractApplicationContext.finishBeanFactoryInitialization(AbstractApplicationContext.java:895)
	at org.springframework.context.support.AbstractApplicationContext.refresh(AbstractApplicationContext.java:425)
	at org.springframework.test.context.support.AbstractGenericContextLoader.loadContext(AbstractGenericContextLoader.java:84)
	at org.springframework.test.context.support.AbstractGenericContextLoader.loadContext(AbstractGenericContextLoader.java:1)
	at org.springframework.test.context.TestContext.loadApplicationContext(TestContext.java:280)
	at org.springframework.test.context.TestContext.getApplicationContext(TestContext.java:304)
	... 30 more
Caused by: org.springframework.beans.factory.BeanCreationException: Error creating bean with name &apos;entityManagerFactory&apos; defined in file [C:\Projects\RooRelForce120M1\target\classes\META-INF\spring\applicationContext.xml]: Invocation of init method failed; nested exception is org.datanucleus.exceptions.NucleusException: Failed to get next element
	at org.springframework.beans.factory.support.AbstractAutowireCapableBeanFactory.initializeBean(AbstractAutowireCapableBeanFactory.java:1420)
	at org.springframework.beans.factory.support.AbstractAutowireCapableBeanFactory.doCreateBean(AbstractAutowireCapableBeanFactory.java:519)
	at org.springframework.beans.factory.support.AbstractAutowireCapableBeanFactory.createBean(AbstractAutowireCapableBeanFactory.java:456)
	at org.springframework.beans.factory.support.AbstractBeanFactory$1.getObject(AbstractBeanFactory.java:293)
	at org.springframework.beans.factory.support.DefaultSingletonBeanRegistry.getSingleton(DefaultSingletonBeanRegistry.java:222)
	at org.springframework.beans.factory.support.AbstractBeanFactory.doGetBean(AbstractBeanFactory.java:290)
	at org.springframework.beans.factory.support.AbstractBeanFactory.getBean(AbstractBeanFactory.java:192)
	at org.springframework.beans.factory.support.BeanDefinitionValueResolver.resolveReference(BeanDefinitionValueResolver.java:322)
	... 46 more
Caused by: org.datanucleus.exceptions.NucleusException: Failed to get next element
	at com.force.sdk.jpa.schema.ForceStoreSchemaHandler.cacheDescribeSObjects(ForceStoreSchemaHandler.java:153)
	at com.force.sdk.jpa.ForceStoreManager.preInitialiseFileMetaData(ForceStoreManager.java:309)
	at com.force.sdk.jpa.ForceMetaDataManager.initialiseFileMetaDataForUse(ForceMetaDataManager.java:262)
	at org.datanucleus.metadata.MetaDataManager.loadPersistenceUnit(MetaDataManager.java:854)
	at com.force.sdk.jpa.ForceMetaDataManager.loadPersistenceUnit(ForceMetaDataManager.java:113)
	at org.datanucleus.jpa.EntityManagerFactoryImpl.initialisePMF(EntityManagerFactoryImpl.java:598)
	at org.datanucleus.jpa.EntityManagerFactoryImpl.&lt;init&gt;(EntityManagerFactoryImpl.java:282)
	at com.force.sdk.jpa.ForceEntityManagerFactory.&lt;init&gt;(ForceEntityManagerFactory.java:53)
	at com.force.sdk.jpa.PersistenceProviderImpl.createContainerEntityManagerFactory(PersistenceProviderImpl.java:59)
	at org.springframework.orm.jpa.LocalContainerEntityManagerFactoryBean.createNativeEntityManagerFactory(LocalContainerEntityManagerFactoryBean.java:225)
	at org.springframework.orm.jpa.AbstractEntityManagerFactoryBean.afterPropertiesSet(AbstractEntityManagerFactoryBean.java:310)
	at org.springframework.beans.factory.support.AbstractAutowireCapableBeanFactory.invokeInitMethods(AbstractAutowireCapableBeanFactory.java:1477)
	at org.springframework.beans.factory.support.AbstractAutowireCapableBeanFactory.initializeBean(AbstractAutowireCapableBeanFactory.java:1417)
	... 53 more
Caused by: com.sforce.ws.ConnectionException: Failed to get next element
	at com.sforce.ws.parser.XmlInputStream.nextTag(XmlInputStream.java:168)
	at com.sforce.ws.transport.SoapConnection.readSoapEnvelopeStart(SoapConnection.java:249)
	at com.sforce.ws.transport.SoapConnection.bind(SoapConnection.java:163)
	at com.sforce.ws.transport.SoapConnection.receive(SoapConnection.java:147)
	at com.sforce.ws.transport.SoapConnection.send(SoapConnection.java:98)
	at com.sforce.soap.partner.PartnerConnection.login(PartnerConnection.java:1664)
	at com.sforce.soap.partner.PartnerConnection.&lt;init&gt;(PartnerConnection.java:430)
	at com.sforce.soap.partner.Connector.newConnection(Connector.java:27)
	at com.force.sdk.connector.ForceServiceConnector.initConnection(ForceServiceConnector.java:260)
	at com.force.sdk.connector.ForceServiceConnector.initMetadataConnection(ForceServiceConnector.java:416)
	at com.force.sdk.connector.ForceServiceConnector.getNamespace(ForceServiceConnector.java:492)
	at com.force.sdk.jpa.ForceManagedConnection.getNamespace(ForceManagedConnection.java:111)
	at com.force.sdk.jpa.schema.ForceStoreSchemaHandler.cacheDescribeSObjects(ForceStoreSchemaHandler.java:124)
	... 65 more
Caused by: com.sforce.ws.parser.XmlPullParserException: only whitespace content allowed before start tag and not  (position: START_DOCUMENT seen ... @1:1) 
	at com.sforce.ws.parser.MXParser.parseProlog(MXParser.java:1505)
	at com.sforce.ws.parser.MXParser.nextImpl(MXParser.java:1382)
	at com.sforce.ws.parser.MXParser.next(MXParser.java:1085)
	at com.sforce.ws.parser.MXParser.nextTag(MXParser.java:1070)
	at com.sforce.ws.parser.XmlInputStream.nextTag(XmlInputStream.java:166)
	... 77 more
</system-out>
  </testcase>
  <testcase time="0.187" classname="com.serjann.force.domain.MechIntegrationTest" name="testCountMeches">
    <error message="Failed to load ApplicationContext" type="java.lang.IllegalStateException">java.lang.IllegalStateException: Failed to load ApplicationContext
	at org.springframework.test.context.TestContext.getApplicationContext(TestContext.java:308)
	at org.springframework.test.context.support.DependencyInjectionTestExecutionListener.injectDependencies(DependencyInjectionTestExecutionListener.java:109)
	at org.springframework.test.context.support.DependencyInjectionTestExecutionListener.prepareTestInstance(DependencyInjectionTestExecutionListener.java:75)
	at org.springframework.test.context.TestContextManager.prepareTestInstance(TestContextManager.java:321)
	at org.springframework.test.context.junit4.SpringJUnit4ClassRunner.createTest(SpringJUnit4ClassRunner.java:211)
	at org.springframework.test.context.junit4.SpringJUnit4ClassRunner$1.runReflectiveCall(SpringJUnit4ClassRunner.java:287)
	at org.junit.internal.runners.model.ReflectiveCallable.run(ReflectiveCallable.java:15)
	at org.springframework.test.context.junit4.SpringJUnit4ClassRunner.methodBlock(SpringJUnit4ClassRunner.java:289)
	at org.springframework.test.context.junit4.SpringJUnit4ClassRunner.runChild(SpringJUnit4ClassRunner.java:231)
	at org.junit.runners.BlockJUnit4ClassRunner.runChild(BlockJUnit4ClassRunner.java:49)
	at org.junit.runners.ParentRunner$3.run(ParentRunner.java:193)
	at org.junit.runners.ParentRunner$1.schedule(ParentRunner.java:52)
	at org.junit.runners.ParentRunner.runChildren(ParentRunner.java:191)
	at org.junit.runners.ParentRunner.access$000(ParentRunner.java:42)
	at org.junit.runners.ParentRunner$2.evaluate(ParentRunner.java:184)
	at org.springframework.test.context.junit4.statements.RunBeforeTestClassCallbacks.evaluate(RunBeforeTestClassCallbacks.java:61)
	at org.springframework.test.context.junit4.statements.RunAfterTestClassCallbacks.evaluate(RunAfterTestClassCallbacks.java:70)
	at org.junit.runners.ParentRunner.run(ParentRunner.java:236)
	at org.springframework.test.context.junit4.SpringJUnit4ClassRunner.run(SpringJUnit4ClassRunner.java:174)
	at org.apache.maven.surefire.junit4.JUnit4TestSet.execute(JUnit4TestSet.java:53)
	at org.apache.maven.surefire.junit4.JUnit4Provider.executeTestSet(JUnit4Provider.java:119)
	at org.apache.maven.surefire.junit4.JUnit4Provider.invoke(JUnit4Provider.java:101)
	at sun.reflect.NativeMethodAccessorImpl.invoke0(Native Method)
	at sun.reflect.NativeMethodAccessorImpl.invoke(NativeMethodAccessorImpl.java:39)
	at sun.reflect.DelegatingMethodAccessorImpl.invoke(DelegatingMethodAccessorImpl.java:25)
	at java.lang.reflect.Method.invoke(Method.java:597)
	at org.apache.maven.surefire.booter.ProviderFactory$ClassLoaderProxy.invoke(ProviderFactory.java:103)
	at $Proxy0.invoke(Unknown Source)
	at org.apache.maven.surefire.booter.SurefireStarter.invokeProvider(SurefireStarter.java:150)
	at org.apache.maven.surefire.booter.SurefireStarter.runSuitesInProcess(SurefireStarter.java:91)
	at org.apache.maven.surefire.booter.ForkedBooter.main(ForkedBooter.java:69)
Caused by: org.springframework.beans.factory.BeanCreationException: Error creating bean with name &apos;transactionManager&apos; defined in file [C:\Projects\RooRelForce120M1\target\classes\META-INF\spring\applicationContext.xml]: Cannot resolve reference to bean &apos;entityManagerFactory&apos; while setting bean property &apos;entityManagerFactory&apos;; nested exception is org.springframework.beans.factory.BeanCreationException: Error creating bean with name &apos;entityManagerFactory&apos; defined in file [C:\Projects\RooRelForce120M1\target\classes\META-INF\spring\applicationContext.xml]: Invocation of init method failed; nested exception is org.datanucleus.exceptions.NucleusException: Failed to get next element
	at org.springframework.beans.factory.support.BeanDefinitionValueResolver.resolveReference(BeanDefinitionValueResolver.java:328)
	at org.springframework.beans.factory.support.BeanDefinitionValueResolver.resolveValueIfNecessary(BeanDefinitionValueResolver.java:106)
	at org.springframework.beans.factory.support.AbstractAutowireCapableBeanFactory.applyPropertyValues(AbstractAutowireCapableBeanFactory.java:1325)
	at org.springframework.beans.factory.support.AbstractAutowireCapableBeanFactory.populateBean(AbstractAutowireCapableBeanFactory.java:1086)
	at org.springframework.beans.factory.support.AbstractAutowireCapableBeanFactory.doCreateBean(AbstractAutowireCapableBeanFactory.java:517)
	at org.springframework.beans.factory.support.AbstractAutowireCapableBeanFactory.createBean(AbstractAutowireCapableBeanFactory.java:456)
	at org.springframework.beans.factory.support.AbstractBeanFactory$1.getObject(AbstractBeanFactory.java:293)
	at org.springframework.beans.factory.support.DefaultSingletonBeanRegistry.getSingleton(DefaultSingletonBeanRegistry.java:222)
	at org.springframework.beans.factory.support.AbstractBeanFactory.doGetBean(AbstractBeanFactory.java:290)
	at org.springframework.beans.factory.support.AbstractBeanFactory.getBean(AbstractBeanFactory.java:192)
	at org.springframework.beans.factory.support.DefaultListableBeanFactory.preInstantiateSingletons(DefaultListableBeanFactory.java:585)
	at org.springframework.context.support.AbstractApplicationContext.finishBeanFactoryInitialization(AbstractApplicationContext.java:895)
	at org.springframework.context.support.AbstractApplicationContext.refresh(AbstractApplicationContext.java:425)
	at org.springframework.test.context.support.AbstractGenericContextLoader.loadContext(AbstractGenericContextLoader.java:84)
	at org.springframework.test.context.support.AbstractGenericContextLoader.loadContext(AbstractGenericContextLoader.java:1)
	at org.springframework.test.context.TestContext.loadApplicationContext(TestContext.java:280)
	at org.springframework.test.context.TestContext.getApplicationContext(TestContext.java:304)
	... 30 more
Caused by: org.springframework.beans.factory.BeanCreationException: Error creating bean with name &apos;entityManagerFactory&apos; defined in file [C:\Projects\RooRelForce120M1\target\classes\META-INF\spring\applicationContext.xml]: Invocation of init method failed; nested exception is org.datanucleus.exceptions.NucleusException: Failed to get next element
	at org.springframework.beans.factory.support.AbstractAutowireCapableBeanFactory.initializeBean(AbstractAutowireCapableBeanFactory.java:1420)
	at org.springframework.beans.factory.support.AbstractAutowireCapableBeanFactory.doCreateBean(AbstractAutowireCapableBeanFactory.java:519)
	at org.springframework.beans.factory.support.AbstractAutowireCapableBeanFactory.createBean(AbstractAutowireCapableBeanFactory.java:456)
	at org.springframework.beans.factory.support.AbstractBeanFactory$1.getObject(AbstractBeanFactory.java:293)
	at org.springframework.beans.factory.support.DefaultSingletonBeanRegistry.getSingleton(DefaultSingletonBeanRegistry.java:222)
	at org.springframework.beans.factory.support.AbstractBeanFactory.doGetBean(AbstractBeanFactory.java:290)
	at org.springframework.beans.factory.support.AbstractBeanFactory.getBean(AbstractBeanFactory.java:192)
	at org.springframework.beans.factory.support.BeanDefinitionValueResolver.resolveReference(BeanDefinitionValueResolver.java:322)
	... 46 more
Caused by: org.datanucleus.exceptions.NucleusException: Failed to get next element
	at com.force.sdk.jpa.schema.ForceStoreSchemaHandler.cacheDescribeSObjects(ForceStoreSchemaHandler.java:153)
	at com.force.sdk.jpa.ForceStoreManager.preInitialiseFileMetaData(ForceStoreManager.java:309)
	at com.force.sdk.jpa.ForceMetaDataManager.initialiseFileMetaDataForUse(ForceMetaDataManager.java:262)
	at org.datanucleus.metadata.MetaDataManager.loadPersistenceUnit(MetaDataManager.java:854)
	at com.force.sdk.jpa.ForceMetaDataManager.loadPersistenceUnit(ForceMetaDataManager.java:113)
	at org.datanucleus.jpa.EntityManagerFactoryImpl.initialisePMF(EntityManagerFactoryImpl.java:598)
	at org.datanucleus.jpa.EntityManagerFactoryImpl.&lt;init&gt;(EntityManagerFactoryImpl.java:282)
	at com.force.sdk.jpa.ForceEntityManagerFactory.&lt;init&gt;(ForceEntityManagerFactory.java:53)
	at com.force.sdk.jpa.PersistenceProviderImpl.createContainerEntityManagerFactory(PersistenceProviderImpl.java:59)
	at org.springframework.orm.jpa.LocalContainerEntityManagerFactoryBean.createNativeEntityManagerFactory(LocalContainerEntityManagerFactoryBean.java:225)
	at org.springframework.orm.jpa.AbstractEntityManagerFactoryBean.afterPropertiesSet(AbstractEntityManagerFactoryBean.java:310)
	at org.springframework.beans.factory.support.AbstractAutowireCapableBeanFactory.invokeInitMethods(AbstractAutowireCapableBeanFactory.java:1477)
	at org.springframework.beans.factory.support.AbstractAutowireCapableBeanFactory.initializeBean(AbstractAutowireCapableBeanFactory.java:1417)
	... 53 more
Caused by: com.sforce.ws.ConnectionException: Failed to get next element
	at com.sforce.ws.parser.XmlInputStream.nextTag(XmlInputStream.java:168)
	at com.sforce.ws.transport.SoapConnection.readSoapEnvelopeStart(SoapConnection.java:249)
	at com.sforce.ws.transport.SoapConnection.bind(SoapConnection.java:163)
	at com.sforce.ws.transport.SoapConnection.receive(SoapConnection.java:147)
	at com.sforce.ws.transport.SoapConnection.send(SoapConnection.java:98)
	at com.sforce.soap.partner.PartnerConnection.login(PartnerConnection.java:1664)
	at com.sforce.soap.partner.PartnerConnection.&lt;init&gt;(PartnerConnection.java:430)
	at com.sforce.soap.partner.Connector.newConnection(Connector.java:27)
	at com.force.sdk.connector.ForceServiceConnector.initConnection(ForceServiceConnector.java:260)
	at com.force.sdk.connector.ForceServiceConnector.initMetadataConnection(ForceServiceConnector.java:416)
	at com.force.sdk.connector.ForceServiceConnector.getNamespace(ForceServiceConnector.java:492)
	at com.force.sdk.jpa.ForceManagedConnection.getNamespace(ForceManagedConnection.java:111)
	at com.force.sdk.jpa.schema.ForceStoreSchemaHandler.cacheDescribeSObjects(ForceStoreSchemaHandler.java:124)
	... 65 more
Caused by: com.sforce.ws.parser.XmlPullParserException: only whitespace content allowed before start tag and not , (position: START_DOCUMENT seen ,... @1:1) 
	at com.sforce.ws.parser.MXParser.parseProlog(MXParser.java:1505)
	at com.sforce.ws.parser.MXParser.nextImpl(MXParser.java:1382)
	at com.sforce.ws.parser.MXParser.next(MXParser.java:1085)
	at com.sforce.ws.parser.MXParser.nextTag(MXParser.java:1070)
	at com.sforce.ws.parser.XmlInputStream.nextTag(XmlInputStream.java:166)
	... 77 more
</error>
    <system-out>2011-09-23 09:29:46,765 [main] ERROR org.springframework.test.context.TestContextManager - Caught exception while allowing TestExecutionListener [org.springframework.test.context.support.DependencyInjectionTestExecutionListener@ffd135] to prepare test instance [com.serjann.force.domain.MechIntegrationTest@cc7439]
java.lang.IllegalStateException: Failed to load ApplicationContext
	at org.springframework.test.context.TestContext.getApplicationContext(TestContext.java:308)
	at org.springframework.test.context.support.DependencyInjectionTestExecutionListener.injectDependencies(DependencyInjectionTestExecutionListener.java:109)
	at org.springframework.test.context.support.DependencyInjectionTestExecutionListener.prepareTestInstance(DependencyInjectionTestExecutionListener.java:75)
	at org.springframework.test.context.TestContextManager.prepareTestInstance(TestContextManager.java:321)
	at org.springframework.test.context.junit4.SpringJUnit4ClassRunner.createTest(SpringJUnit4ClassRunner.java:211)
	at org.springframework.test.context.junit4.SpringJUnit4ClassRunner$1.runReflectiveCall(SpringJUnit4ClassRunner.java:287)
	at org.junit.internal.runners.model.ReflectiveCallable.run(ReflectiveCallable.java:15)
	at org.springframework.test.context.junit4.SpringJUnit4ClassRunner.methodBlock(SpringJUnit4ClassRunner.java:289)
	at org.springframework.test.context.junit4.SpringJUnit4ClassRunner.runChild(SpringJUnit4ClassRunner.java:231)
	at org.junit.runners.BlockJUnit4ClassRunner.runChild(BlockJUnit4ClassRunner.java:49)
	at org.junit.runners.ParentRunner$3.run(ParentRunner.java:193)
	at org.junit.runners.ParentRunner$1.schedule(ParentRunner.java:52)
	at org.junit.runners.ParentRunner.runChildren(ParentRunner.java:191)
	at org.junit.runners.ParentRunner.access$000(ParentRunner.java:42)
	at org.junit.runners.ParentRunner$2.evaluate(ParentRunner.java:184)
	at org.springframework.test.context.junit4.statements.RunBeforeTestClassCallbacks.evaluate(RunBeforeTestClassCallbacks.java:61)
	at org.springframework.test.context.junit4.statements.RunAfterTestClassCallbacks.evaluate(RunAfterTestClassCallbacks.java:70)
	at org.junit.runners.ParentRunner.run(ParentRunner.java:236)
	at org.springframework.test.context.junit4.SpringJUnit4ClassRunner.run(SpringJUnit4ClassRunner.java:174)
	at org.apache.maven.surefire.junit4.JUnit4TestSet.execute(JUnit4TestSet.java:53)
	at org.apache.maven.surefire.junit4.JUnit4Provider.executeTestSet(JUnit4Provider.java:119)
	at org.apache.maven.surefire.junit4.JUnit4Provider.invoke(JUnit4Provider.java:101)
	at sun.reflect.NativeMethodAccessorImpl.invoke0(Native Method)
	at sun.reflect.NativeMethodAccessorImpl.invoke(NativeMethodAccessorImpl.java:39)
	at sun.reflect.DelegatingMethodAccessorImpl.invoke(DelegatingMethodAccessorImpl.java:25)
	at java.lang.reflect.Method.invoke(Method.java:597)
	at org.apache.maven.surefire.booter.ProviderFactory$ClassLoaderProxy.invoke(ProviderFactory.java:103)
	at $Proxy0.invoke(Unknown Source)
	at org.apache.maven.surefire.booter.SurefireStarter.invokeProvider(SurefireStarter.java:150)
	at org.apache.maven.surefire.booter.SurefireStarter.runSuitesInProcess(SurefireStarter.java:91)
	at org.apache.maven.surefire.booter.ForkedBooter.main(ForkedBooter.java:69)
Caused by: org.springframework.beans.factory.BeanCreationException: Error creating bean with name &apos;transactionManager&apos; defined in file [C:\Projects\RooRelForce120M1\target\classes\META-INF\spring\applicationContext.xml]: Cannot resolve reference to bean &apos;entityManagerFactory&apos; while setting bean property &apos;entityManagerFactory&apos;; nested exception is org.springframework.beans.factory.BeanCreationException: Error creating bean with name &apos;entityManagerFactory&apos; defined in file [C:\Projects\RooRelForce120M1\target\classes\META-INF\spring\applicationContext.xml]: Invocation of init method failed; nested exception is org.datanucleus.exceptions.NucleusException: Failed to get next element
	at org.springframework.beans.factory.support.BeanDefinitionValueResolver.resolveReference(BeanDefinitionValueResolver.java:328)
	at org.springframework.beans.factory.support.BeanDefinitionValueResolver.resolveValueIfNecessary(BeanDefinitionValueResolver.java:106)
	at org.springframework.beans.factory.support.AbstractAutowireCapableBeanFactory.applyPropertyValues(AbstractAutowireCapableBeanFactory.java:1325)
	at org.springframework.beans.factory.support.AbstractAutowireCapableBeanFactory.populateBean(AbstractAutowireCapableBeanFactory.java:1086)
	at org.springframework.beans.factory.support.AbstractAutowireCapableBeanFactory.doCreateBean(AbstractAutowireCapableBeanFactory.java:517)
	at org.springframework.beans.factory.support.AbstractAutowireCapableBeanFactory.createBean(AbstractAutowireCapableBeanFactory.java:456)
	at org.springframework.beans.factory.support.AbstractBeanFactory$1.getObject(AbstractBeanFactory.java:293)
	at org.springframework.beans.factory.support.DefaultSingletonBeanRegistry.getSingleton(DefaultSingletonBeanRegistry.java:222)
	at org.springframework.beans.factory.support.AbstractBeanFactory.doGetBean(AbstractBeanFactory.java:290)
	at org.springframework.beans.factory.support.AbstractBeanFactory.getBean(AbstractBeanFactory.java:192)
	at org.springframework.beans.factory.support.DefaultListableBeanFactory.preInstantiateSingletons(DefaultListableBeanFactory.java:585)
	at org.springframework.context.support.AbstractApplicationContext.finishBeanFactoryInitialization(AbstractApplicationContext.java:895)
	at org.springframework.context.support.AbstractApplicationContext.refresh(AbstractApplicationContext.java:425)
	at org.springframework.test.context.support.AbstractGenericContextLoader.loadContext(AbstractGenericContextLoader.java:84)
	at org.springframework.test.context.support.AbstractGenericContextLoader.loadContext(AbstractGenericContextLoader.java:1)
	at org.springframework.test.context.TestContext.loadApplicationContext(TestContext.java:280)
	at org.springframework.test.context.TestContext.getApplicationContext(TestContext.java:304)
	... 30 more
Caused by: org.springframework.beans.factory.BeanCreationException: Error creating bean with name &apos;entityManagerFactory&apos; defined in file [C:\Projects\RooRelForce120M1\target\classes\META-INF\spring\applicationContext.xml]: Invocation of init method failed; nested exception is org.datanucleus.exceptions.NucleusException: Failed to get next element
	at org.springframework.beans.factory.support.AbstractAutowireCapableBeanFactory.initializeBean(AbstractAutowireCapableBeanFactory.java:1420)
	at org.springframework.beans.factory.support.AbstractAutowireCapableBeanFactory.doCreateBean(AbstractAutowireCapableBeanFactory.java:519)
	at org.springframework.beans.factory.support.AbstractAutowireCapableBeanFactory.createBean(AbstractAutowireCapableBeanFactory.java:456)
	at org.springframework.beans.factory.support.AbstractBeanFactory$1.getObject(AbstractBeanFactory.java:293)
	at org.springframework.beans.factory.support.DefaultSingletonBeanRegistry.getSingleton(DefaultSingletonBeanRegistry.java:222)
	at org.springframework.beans.factory.support.AbstractBeanFactory.doGetBean(AbstractBeanFactory.java:290)
	at org.springframework.beans.factory.support.AbstractBeanFactory.getBean(AbstractBeanFactory.java:192)
	at org.springframework.beans.factory.support.BeanDefinitionValueResolver.resolveReference(BeanDefinitionValueResolver.java:322)
	... 46 more
Caused by: org.datanucleus.exceptions.NucleusException: Failed to get next element
	at com.force.sdk.jpa.schema.ForceStoreSchemaHandler.cacheDescribeSObjects(ForceStoreSchemaHandler.java:153)
	at com.force.sdk.jpa.ForceStoreManager.preInitialiseFileMetaData(ForceStoreManager.java:309)
	at com.force.sdk.jpa.ForceMetaDataManager.initialiseFileMetaDataForUse(ForceMetaDataManager.java:262)
	at org.datanucleus.metadata.MetaDataManager.loadPersistenceUnit(MetaDataManager.java:854)
	at com.force.sdk.jpa.ForceMetaDataManager.loadPersistenceUnit(ForceMetaDataManager.java:113)
	at org.datanucleus.jpa.EntityManagerFactoryImpl.initialisePMF(EntityManagerFactoryImpl.java:598)
	at org.datanucleus.jpa.EntityManagerFactoryImpl.&lt;init&gt;(EntityManagerFactoryImpl.java:282)
	at com.force.sdk.jpa.ForceEntityManagerFactory.&lt;init&gt;(ForceEntityManagerFactory.java:53)
	at com.force.sdk.jpa.PersistenceProviderImpl.createContainerEntityManagerFactory(PersistenceProviderImpl.java:59)
	at org.springframework.orm.jpa.LocalContainerEntityManagerFactoryBean.createNativeEntityManagerFactory(LocalContainerEntityManagerFactoryBean.java:225)
	at org.springframework.orm.jpa.AbstractEntityManagerFactoryBean.afterPropertiesSet(AbstractEntityManagerFactoryBean.java:310)
	at org.springframework.beans.factory.support.AbstractAutowireCapableBeanFactory.invokeInitMethods(AbstractAutowireCapableBeanFactory.java:1477)
	at org.springframework.beans.factory.support.AbstractAutowireCapableBeanFactory.initializeBean(AbstractAutowireCapableBeanFactory.java:1417)
	... 53 more
Caused by: com.sforce.ws.ConnectionException: Failed to get next element
	at com.sforce.ws.parser.XmlInputStream.nextTag(XmlInputStream.java:168)
	at com.sforce.ws.transport.SoapConnection.readSoapEnvelopeStart(SoapConnection.java:249)
	at com.sforce.ws.transport.SoapConnection.bind(SoapConnection.java:163)
	at com.sforce.ws.transport.SoapConnection.receive(SoapConnection.java:147)
	at com.sforce.ws.transport.SoapConnection.send(SoapConnection.java:98)
	at com.sforce.soap.partner.PartnerConnection.login(PartnerConnection.java:1664)
	at com.sforce.soap.partner.PartnerConnection.&lt;init&gt;(PartnerConnection.java:430)
	at com.sforce.soap.partner.Connector.newConnection(Connector.java:27)
	at com.force.sdk.connector.ForceServiceConnector.initConnection(ForceServiceConnector.java:260)
	at com.force.sdk.connector.ForceServiceConnector.initMetadataConnection(ForceServiceConnector.java:416)
	at com.force.sdk.connector.ForceServiceConnector.getNamespace(ForceServiceConnector.java:492)
	at com.force.sdk.jpa.ForceManagedConnection.getNamespace(ForceManagedConnection.java:111)
	at com.force.sdk.jpa.schema.ForceStoreSchemaHandler.cacheDescribeSObjects(ForceStoreSchemaHandler.java:124)
	... 65 more
Caused by: com.sforce.ws.parser.XmlPullParserException: only whitespace content allowed before start tag and not , (position: START_DOCUMENT seen ,... @1:1) 
	at com.sforce.ws.parser.MXParser.parseProlog(MXParser.java:1505)
	at com.sforce.ws.parser.MXParser.nextImpl(MXParser.java:1382)
	at com.sforce.ws.parser.MXParser.next(MXParser.java:1085)
	at com.sforce.ws.parser.MXParser.nextTag(MXParser.java:1070)
	at com.sforce.ws.parser.XmlInputStream.nextTag(XmlInputStream.java:166)
	... 77 more
</system-out>
  </testcase>
  <testcase time="0.156" classname="com.serjann.force.domain.MechIntegrationTest" name="testFindMech">
    <error message="Failed to load ApplicationContext" type="java.lang.IllegalStateException">java.lang.IllegalStateException: Failed to load ApplicationContext
	at org.springframework.test.context.TestContext.getApplicationContext(TestContext.java:308)
	at org.springframework.test.context.support.DependencyInjectionTestExecutionListener.injectDependencies(DependencyInjectionTestExecutionListener.java:109)
	at org.springframework.test.context.support.DependencyInjectionTestExecutionListener.prepareTestInstance(DependencyInjectionTestExecutionListener.java:75)
	at org.springframework.test.context.TestContextManager.prepareTestInstance(TestContextManager.java:321)
	at org.springframework.test.context.junit4.SpringJUnit4ClassRunner.createTest(SpringJUnit4ClassRunner.java:211)
	at org.springframework.test.context.junit4.SpringJUnit4ClassRunner$1.runReflectiveCall(SpringJUnit4ClassRunner.java:287)
	at org.junit.internal.runners.model.ReflectiveCallable.run(ReflectiveCallable.java:15)
	at org.springframework.test.context.junit4.SpringJUnit4ClassRunner.methodBlock(SpringJUnit4ClassRunner.java:289)
	at org.springframework.test.context.junit4.SpringJUnit4ClassRunner.runChild(SpringJUnit4ClassRunner.java:231)
	at org.junit.runners.BlockJUnit4ClassRunner.runChild(BlockJUnit4ClassRunner.java:49)
	at org.junit.runners.ParentRunner$3.run(ParentRunner.java:193)
	at org.junit.runners.ParentRunner$1.schedule(ParentRunner.java:52)
	at org.junit.runners.ParentRunner.runChildren(ParentRunner.java:191)
	at org.junit.runners.ParentRunner.access$000(ParentRunner.java:42)
	at org.junit.runners.ParentRunner$2.evaluate(ParentRunner.java:184)
	at org.springframework.test.context.junit4.statements.RunBeforeTestClassCallbacks.evaluate(RunBeforeTestClassCallbacks.java:61)
	at org.springframework.test.context.junit4.statements.RunAfterTestClassCallbacks.evaluate(RunAfterTestClassCallbacks.java:70)
	at org.junit.runners.ParentRunner.run(ParentRunner.java:236)
	at org.springframework.test.context.junit4.SpringJUnit4ClassRunner.run(SpringJUnit4ClassRunner.java:174)
	at org.apache.maven.surefire.junit4.JUnit4TestSet.execute(JUnit4TestSet.java:53)
	at org.apache.maven.surefire.junit4.JUnit4Provider.executeTestSet(JUnit4Provider.java:119)
	at org.apache.maven.surefire.junit4.JUnit4Provider.invoke(JUnit4Provider.java:101)
	at sun.reflect.NativeMethodAccessorImpl.invoke0(Native Method)
	at sun.reflect.NativeMethodAccessorImpl.invoke(NativeMethodAccessorImpl.java:39)
	at sun.reflect.DelegatingMethodAccessorImpl.invoke(DelegatingMethodAccessorImpl.java:25)
	at java.lang.reflect.Method.invoke(Method.java:597)
	at org.apache.maven.surefire.booter.ProviderFactory$ClassLoaderProxy.invoke(ProviderFactory.java:103)
	at $Proxy0.invoke(Unknown Source)
	at org.apache.maven.surefire.booter.SurefireStarter.invokeProvider(SurefireStarter.java:150)
	at org.apache.maven.surefire.booter.SurefireStarter.runSuitesInProcess(SurefireStarter.java:91)
	at org.apache.maven.surefire.booter.ForkedBooter.main(ForkedBooter.java:69)
Caused by: org.springframework.beans.factory.BeanCreationException: Error creating bean with name &apos;transactionManager&apos; defined in file [C:\Projects\RooRelForce120M1\target\classes\META-INF\spring\applicationContext.xml]: Cannot resolve reference to bean &apos;entityManagerFactory&apos; while setting bean property &apos;entityManagerFactory&apos;; nested exception is org.springframework.beans.factory.BeanCreationException: Error creating bean with name &apos;entityManagerFactory&apos; defined in file [C:\Projects\RooRelForce120M1\target\classes\META-INF\spring\applicationContext.xml]: Invocation of init method failed; nested exception is org.datanucleus.exceptions.NucleusException: Failed to get next element
	at org.springframework.beans.factory.support.BeanDefinitionValueResolver.resolveReference(BeanDefinitionValueResolver.java:328)
	at org.springframework.beans.factory.support.BeanDefinitionValueResolver.resolveValueIfNecessary(BeanDefinitionValueResolver.java:106)
	at org.springframework.beans.factory.support.AbstractAutowireCapableBeanFactory.applyPropertyValues(AbstractAutowireCapableBeanFactory.java:1325)
	at org.springframework.beans.factory.support.AbstractAutowireCapableBeanFactory.populateBean(AbstractAutowireCapableBeanFactory.java:1086)
	at org.springframework.beans.factory.support.AbstractAutowireCapableBeanFactory.doCreateBean(AbstractAutowireCapableBeanFactory.java:517)
	at org.springframework.beans.factory.support.AbstractAutowireCapableBeanFactory.createBean(AbstractAutowireCapableBeanFactory.java:456)
	at org.springframework.beans.factory.support.AbstractBeanFactory$1.getObject(AbstractBeanFactory.java:293)
	at org.springframework.beans.factory.support.DefaultSingletonBeanRegistry.getSingleton(DefaultSingletonBeanRegistry.java:222)
	at org.springframework.beans.factory.support.AbstractBeanFactory.doGetBean(AbstractBeanFactory.java:290)
	at org.springframework.beans.factory.support.AbstractBeanFactory.getBean(AbstractBeanFactory.java:192)
	at org.springframework.beans.factory.support.DefaultListableBeanFactory.preInstantiateSingletons(DefaultListableBeanFactory.java:585)
	at org.springframework.context.support.AbstractApplicationContext.finishBeanFactoryInitialization(AbstractApplicationContext.java:895)
	at org.springframework.context.support.AbstractApplicationContext.refresh(AbstractApplicationContext.java:425)
	at org.springframework.test.context.support.AbstractGenericContextLoader.loadContext(AbstractGenericContextLoader.java:84)
	at org.springframework.test.context.support.AbstractGenericContextLoader.loadContext(AbstractGenericContextLoader.java:1)
	at org.springframework.test.context.TestContext.loadApplicationContext(TestContext.java:280)
	at org.springframework.test.context.TestContext.getApplicationContext(TestContext.java:304)
	... 30 more
Caused by: org.springframework.beans.factory.BeanCreationException: Error creating bean with name &apos;entityManagerFactory&apos; defined in file [C:\Projects\RooRelForce120M1\target\classes\META-INF\spring\applicationContext.xml]: Invocation of init method failed; nested exception is org.datanucleus.exceptions.NucleusException: Failed to get next element
	at org.springframework.beans.factory.support.AbstractAutowireCapableBeanFactory.initializeBean(AbstractAutowireCapableBeanFactory.java:1420)
	at org.springframework.beans.factory.support.AbstractAutowireCapableBeanFactory.doCreateBean(AbstractAutowireCapableBeanFactory.java:519)
	at org.springframework.beans.factory.support.AbstractAutowireCapableBeanFactory.createBean(AbstractAutowireCapableBeanFactory.java:456)
	at org.springframework.beans.factory.support.AbstractBeanFactory$1.getObject(AbstractBeanFactory.java:293)
	at org.springframework.beans.factory.support.DefaultSingletonBeanRegistry.getSingleton(DefaultSingletonBeanRegistry.java:222)
	at org.springframework.beans.factory.support.AbstractBeanFactory.doGetBean(AbstractBeanFactory.java:290)
	at org.springframework.beans.factory.support.AbstractBeanFactory.getBean(AbstractBeanFactory.java:192)
	at org.springframework.beans.factory.support.BeanDefinitionValueResolver.resolveReference(BeanDefinitionValueResolver.java:322)
	... 46 more
Caused by: org.datanucleus.exceptions.NucleusException: Failed to get next element
	at com.force.sdk.jpa.schema.ForceStoreSchemaHandler.cacheDescribeSObjects(ForceStoreSchemaHandler.java:153)
	at com.force.sdk.jpa.ForceStoreManager.preInitialiseFileMetaData(ForceStoreManager.java:309)
	at com.force.sdk.jpa.ForceMetaDataManager.initialiseFileMetaDataForUse(ForceMetaDataManager.java:262)
	at org.datanucleus.metadata.MetaDataManager.loadPersistenceUnit(MetaDataManager.java:854)
	at com.force.sdk.jpa.ForceMetaDataManager.loadPersistenceUnit(ForceMetaDataManager.java:113)
	at org.datanucleus.jpa.EntityManagerFactoryImpl.initialisePMF(EntityManagerFactoryImpl.java:598)
	at org.datanucleus.jpa.EntityManagerFactoryImpl.&lt;init&gt;(EntityManagerFactoryImpl.java:282)
	at com.force.sdk.jpa.ForceEntityManagerFactory.&lt;init&gt;(ForceEntityManagerFactory.java:53)
	at com.force.sdk.jpa.PersistenceProviderImpl.createContainerEntityManagerFactory(PersistenceProviderImpl.java:59)
	at org.springframework.orm.jpa.LocalContainerEntityManagerFactoryBean.createNativeEntityManagerFactory(LocalContainerEntityManagerFactoryBean.java:225)
	at org.springframework.orm.jpa.AbstractEntityManagerFactoryBean.afterPropertiesSet(AbstractEntityManagerFactoryBean.java:310)
	at org.springframework.beans.factory.support.AbstractAutowireCapableBeanFactory.invokeInitMethods(AbstractAutowireCapableBeanFactory.java:1477)
	at org.springframework.beans.factory.support.AbstractAutowireCapableBeanFactory.initializeBean(AbstractAutowireCapableBeanFactory.java:1417)
	... 53 more
Caused by: com.sforce.ws.ConnectionException: Failed to get next element
	at com.sforce.ws.parser.XmlInputStream.nextTag(XmlInputStream.java:168)
	at com.sforce.ws.transport.SoapConnection.readSoapEnvelopeStart(SoapConnection.java:249)
	at com.sforce.ws.transport.SoapConnection.bind(SoapConnection.java:163)
	at com.sforce.ws.transport.SoapConnection.receive(SoapConnection.java:147)
	at com.sforce.ws.transport.SoapConnection.send(SoapConnection.java:98)
	at com.sforce.soap.partner.PartnerConnection.login(PartnerConnection.java:1664)
	at com.sforce.soap.partner.PartnerConnection.&lt;init&gt;(PartnerConnection.java:430)
	at com.sforce.soap.partner.Connector.newConnection(Connector.java:27)
	at com.force.sdk.connector.ForceServiceConnector.initConnection(ForceServiceConnector.java:260)
	at com.force.sdk.connector.ForceServiceConnector.initMetadataConnection(ForceServiceConnector.java:416)
	at com.force.sdk.connector.ForceServiceConnector.getNamespace(ForceServiceConnector.java:492)
	at com.force.sdk.jpa.ForceManagedConnection.getNamespace(ForceManagedConnection.java:111)
	at com.force.sdk.jpa.schema.ForceStoreSchemaHandler.cacheDescribeSObjects(ForceStoreSchemaHandler.java:124)
	... 65 more
Caused by: com.sforce.ws.parser.XmlPullParserException: only whitespace content allowed before start tag and not \ufffd (position: START_DOCUMENT seen \ufffd... @1:1) 
	at com.sforce.ws.parser.MXParser.parseProlog(MXParser.java:1505)
	at com.sforce.ws.parser.MXParser.nextImpl(MXParser.java:1382)
	at com.sforce.ws.parser.MXParser.next(MXParser.java:1085)
	at com.sforce.ws.parser.MXParser.nextTag(MXParser.java:1070)
	at com.sforce.ws.parser.XmlInputStream.nextTag(XmlInputStream.java:166)
	... 77 more
</error>
    <system-out>2011-09-23 09:29:46,921 [main] ERROR org.springframework.test.context.TestContextManager - Caught exception while allowing TestExecutionListener [org.springframework.test.context.support.DependencyInjectionTestExecutionListener@ffd135] to prepare test instance [com.serjann.force.domain.MechIntegrationTest@143a083]
java.lang.IllegalStateException: Failed to load ApplicationContext
	at org.springframework.test.context.TestContext.getApplicationContext(TestContext.java:308)
	at org.springframework.test.context.support.DependencyInjectionTestExecutionListener.injectDependencies(DependencyInjectionTestExecutionListener.java:109)
	at org.springframework.test.context.support.DependencyInjectionTestExecutionListener.prepareTestInstance(DependencyInjectionTestExecutionListener.java:75)
	at org.springframework.test.context.TestContextManager.prepareTestInstance(TestContextManager.java:321)
	at org.springframework.test.context.junit4.SpringJUnit4ClassRunner.createTest(SpringJUnit4ClassRunner.java:211)
	at org.springframework.test.context.junit4.SpringJUnit4ClassRunner$1.runReflectiveCall(SpringJUnit4ClassRunner.java:287)
	at org.junit.internal.runners.model.ReflectiveCallable.run(ReflectiveCallable.java:15)
	at org.springframework.test.context.junit4.SpringJUnit4ClassRunner.methodBlock(SpringJUnit4ClassRunner.java:289)
	at org.springframework.test.context.junit4.SpringJUnit4ClassRunner.runChild(SpringJUnit4ClassRunner.java:231)
	at org.junit.runners.BlockJUnit4ClassRunner.runChild(BlockJUnit4ClassRunner.java:49)
	at org.junit.runners.ParentRunner$3.run(ParentRunner.java:193)
	at org.junit.runners.ParentRunner$1.schedule(ParentRunner.java:52)
	at org.junit.runners.ParentRunner.runChildren(ParentRunner.java:191)
	at org.junit.runners.ParentRunner.access$000(ParentRunner.java:42)
	at org.junit.runners.ParentRunner$2.evaluate(ParentRunner.java:184)
	at org.springframework.test.context.junit4.statements.RunBeforeTestClassCallbacks.evaluate(RunBeforeTestClassCallbacks.java:61)
	at org.springframework.test.context.junit4.statements.RunAfterTestClassCallbacks.evaluate(RunAfterTestClassCallbacks.java:70)
	at org.junit.runners.ParentRunner.run(ParentRunner.java:236)
	at org.springframework.test.context.junit4.SpringJUnit4ClassRunner.run(SpringJUnit4ClassRunner.java:174)
	at org.apache.maven.surefire.junit4.JUnit4TestSet.execute(JUnit4TestSet.java:53)
	at org.apache.maven.surefire.junit4.JUnit4Provider.executeTestSet(JUnit4Provider.java:119)
	at org.apache.maven.surefire.junit4.JUnit4Provider.invoke(JUnit4Provider.java:101)
	at sun.reflect.NativeMethodAccessorImpl.invoke0(Native Method)
	at sun.reflect.NativeMethodAccessorImpl.invoke(NativeMethodAccessorImpl.java:39)
	at sun.reflect.DelegatingMethodAccessorImpl.invoke(DelegatingMethodAccessorImpl.java:25)
	at java.lang.reflect.Method.invoke(Method.java:597)
	at org.apache.maven.surefire.booter.ProviderFactory$ClassLoaderProxy.invoke(ProviderFactory.java:103)
	at $Proxy0.invoke(Unknown Source)
	at org.apache.maven.surefire.booter.SurefireStarter.invokeProvider(SurefireStarter.java:150)
	at org.apache.maven.surefire.booter.SurefireStarter.runSuitesInProcess(SurefireStarter.java:91)
	at org.apache.maven.surefire.booter.ForkedBooter.main(ForkedBooter.java:69)
Caused by: org.springframework.beans.factory.BeanCreationException: Error creating bean with name &apos;transactionManager&apos; defined in file [C:\Projects\RooRelForce120M1\target\classes\META-INF\spring\applicationContext.xml]: Cannot resolve reference to bean &apos;entityManagerFactory&apos; while setting bean property &apos;entityManagerFactory&apos;; nested exception is org.springframework.beans.factory.BeanCreationException: Error creating bean with name &apos;entityManagerFactory&apos; defined in file [C:\Projects\RooRelForce120M1\target\classes\META-INF\spring\applicationContext.xml]: Invocation of init method failed; nested exception is org.datanucleus.exceptions.NucleusException: Failed to get next element
	at org.springframework.beans.factory.support.BeanDefinitionValueResolver.resolveReference(BeanDefinitionValueResolver.java:328)
	at org.springframework.beans.factory.support.BeanDefinitionValueResolver.resolveValueIfNecessary(BeanDefinitionValueResolver.java:106)
	at org.springframework.beans.factory.support.AbstractAutowireCapableBeanFactory.applyPropertyValues(AbstractAutowireCapableBeanFactory.java:1325)
	at org.springframework.beans.factory.support.AbstractAutowireCapableBeanFactory.populateBean(AbstractAutowireCapableBeanFactory.java:1086)
	at org.springframework.beans.factory.support.AbstractAutowireCapableBeanFactory.doCreateBean(AbstractAutowireCapableBeanFactory.java:517)
	at org.springframework.beans.factory.support.AbstractAutowireCapableBeanFactory.createBean(AbstractAutowireCapableBeanFactory.java:456)
	at org.springframework.beans.factory.support.AbstractBeanFactory$1.getObject(AbstractBeanFactory.java:293)
	at org.springframework.beans.factory.support.DefaultSingletonBeanRegistry.getSingleton(DefaultSingletonBeanRegistry.java:222)
	at org.springframework.beans.factory.support.AbstractBeanFactory.doGetBean(AbstractBeanFactory.java:290)
	at org.springframework.beans.factory.support.AbstractBeanFactory.getBean(AbstractBeanFactory.java:192)
	at org.springframework.beans.factory.support.DefaultListableBeanFactory.preInstantiateSingletons(DefaultListableBeanFactory.java:585)
	at org.springframework.context.support.AbstractApplicationContext.finishBeanFactoryInitialization(AbstractApplicationContext.java:895)
	at org.springframework.context.support.AbstractApplicationContext.refresh(AbstractApplicationContext.java:425)
	at org.springframework.test.context.support.AbstractGenericContextLoader.loadContext(AbstractGenericContextLoader.java:84)
	at org.springframework.test.context.support.AbstractGenericContextLoader.loadContext(AbstractGenericContextLoader.java:1)
	at org.springframework.test.context.TestContext.loadApplicationContext(TestContext.java:280)
	at org.springframework.test.context.TestContext.getApplicationContext(TestContext.java:304)
	... 30 more
Caused by: org.springframework.beans.factory.BeanCreationException: Error creating bean with name &apos;entityManagerFactory&apos; defined in file [C:\Projects\RooRelForce120M1\target\classes\META-INF\spring\applicationContext.xml]: Invocation of init method failed; nested exception is org.datanucleus.exceptions.NucleusException: Failed to get next element
	at org.springframework.beans.factory.support.AbstractAutowireCapableBeanFactory.initializeBean(AbstractAutowireCapableBeanFactory.java:1420)
	at org.springframework.beans.factory.support.AbstractAutowireCapableBeanFactory.doCreateBean(AbstractAutowireCapableBeanFactory.java:519)
	at org.springframework.beans.factory.support.AbstractAutowireCapableBeanFactory.createBean(AbstractAutowireCapableBeanFactory.java:456)
	at org.springframework.beans.factory.support.AbstractBeanFactory$1.getObject(AbstractBeanFactory.java:293)
	at org.springframework.beans.factory.support.DefaultSingletonBeanRegistry.getSingleton(DefaultSingletonBeanRegistry.java:222)
	at org.springframework.beans.factory.support.AbstractBeanFactory.doGetBean(AbstractBeanFactory.java:290)
	at org.springframework.beans.factory.support.AbstractBeanFactory.getBean(AbstractBeanFactory.java:192)
	at org.springframework.beans.factory.support.BeanDefinitionValueResolver.resolveReference(BeanDefinitionValueResolver.java:322)
	... 46 more
Caused by: org.datanucleus.exceptions.NucleusException: Failed to get next element
	at com.force.sdk.jpa.schema.ForceStoreSchemaHandler.cacheDescribeSObjects(ForceStoreSchemaHandler.java:153)
	at com.force.sdk.jpa.ForceStoreManager.preInitialiseFileMetaData(ForceStoreManager.java:309)
	at com.force.sdk.jpa.ForceMetaDataManager.initialiseFileMetaDataForUse(ForceMetaDataManager.java:262)
	at org.datanucleus.metadata.MetaDataManager.loadPersistenceUnit(MetaDataManager.java:854)
	at com.force.sdk.jpa.ForceMetaDataManager.loadPersistenceUnit(ForceMetaDataManager.java:113)
	at org.datanucleus.jpa.EntityManagerFactoryImpl.initialisePMF(EntityManagerFactoryImpl.java:598)
	at org.datanucleus.jpa.EntityManagerFactoryImpl.&lt;init&gt;(EntityManagerFactoryImpl.java:282)
	at com.force.sdk.jpa.ForceEntityManagerFactory.&lt;init&gt;(ForceEntityManagerFactory.java:53)
	at com.force.sdk.jpa.PersistenceProviderImpl.createContainerEntityManagerFactory(PersistenceProviderImpl.java:59)
	at org.springframework.orm.jpa.LocalContainerEntityManagerFactoryBean.createNativeEntityManagerFactory(LocalContainerEntityManagerFactoryBean.java:225)
	at org.springframework.orm.jpa.AbstractEntityManagerFactoryBean.afterPropertiesSet(AbstractEntityManagerFactoryBean.java:310)
	at org.springframework.beans.factory.support.AbstractAutowireCapableBeanFactory.invokeInitMethods(AbstractAutowireCapableBeanFactory.java:1477)
	at org.springframework.beans.factory.support.AbstractAutowireCapableBeanFactory.initializeBean(AbstractAutowireCapableBeanFactory.java:1417)
	... 53 more
Caused by: com.sforce.ws.ConnectionException: Failed to get next element
	at com.sforce.ws.parser.XmlInputStream.nextTag(XmlInputStream.java:168)
	at com.sforce.ws.transport.SoapConnection.readSoapEnvelopeStart(SoapConnection.java:249)
	at com.sforce.ws.transport.SoapConnection.bind(SoapConnection.java:163)
	at com.sforce.ws.transport.SoapConnection.receive(SoapConnection.java:147)
	at com.sforce.ws.transport.SoapConnection.send(SoapConnection.java:98)
	at com.sforce.soap.partner.PartnerConnection.login(PartnerConnection.java:1664)
	at com.sforce.soap.partner.PartnerConnection.&lt;init&gt;(PartnerConnection.java:430)
	at com.sforce.soap.partner.Connector.newConnection(Connector.java:27)
	at com.force.sdk.connector.ForceServiceConnector.initConnection(ForceServiceConnector.java:260)
	at com.force.sdk.connector.ForceServiceConnector.initMetadataConnection(ForceServiceConnector.java:416)
	at com.force.sdk.connector.ForceServiceConnector.getNamespace(ForceServiceConnector.java:492)
	at com.force.sdk.jpa.ForceManagedConnection.getNamespace(ForceManagedConnection.java:111)
	at com.force.sdk.jpa.schema.ForceStoreSchemaHandler.cacheDescribeSObjects(ForceStoreSchemaHandler.java:124)
	... 65 more
Caused by: com.sforce.ws.parser.XmlPullParserException: only whitespace content allowed before start tag and not \ufffd (position: START_DOCUMENT seen \ufffd... @1:1) 
	at com.sforce.ws.parser.MXParser.parseProlog(MXParser.java:1505)
	at com.sforce.ws.parser.MXParser.nextImpl(MXParser.java:1382)
	at com.sforce.ws.parser.MXParser.next(MXParser.java:1085)
	at com.sforce.ws.parser.MXParser.nextTag(MXParser.java:1070)
	at com.sforce.ws.parser.XmlInputStream.nextTag(XmlInputStream.java:166)
	... 77 more
</system-out>
  </testcase>
  <testcase time="0.157" classname="com.serjann.force.domain.MechIntegrationTest" name="testFindAllMeches">
    <error message="Failed to load ApplicationContext" type="java.lang.IllegalStateException">java.lang.IllegalStateException: Failed to load ApplicationContext
	at org.springframework.test.context.TestContext.getApplicationContext(TestContext.java:308)
	at org.springframework.test.context.support.DependencyInjectionTestExecutionListener.injectDependencies(DependencyInjectionTestExecutionListener.java:109)
	at org.springframework.test.context.support.DependencyInjectionTestExecutionListener.prepareTestInstance(DependencyInjectionTestExecutionListener.java:75)
	at org.springframework.test.context.TestContextManager.prepareTestInstance(TestContextManager.java:321)
	at org.springframework.test.context.junit4.SpringJUnit4ClassRunner.createTest(SpringJUnit4ClassRunner.java:211)
	at org.springframework.test.context.junit4.SpringJUnit4ClassRunner$1.runReflectiveCall(SpringJUnit4ClassRunner.java:287)
	at org.junit.internal.runners.model.ReflectiveCallable.run(ReflectiveCallable.java:15)
	at org.springframework.test.context.junit4.SpringJUnit4ClassRunner.methodBlock(SpringJUnit4ClassRunner.java:289)
	at org.springframework.test.context.junit4.SpringJUnit4ClassRunner.runChild(SpringJUnit4ClassRunner.java:231)
	at org.junit.runners.BlockJUnit4ClassRunner.runChild(BlockJUnit4ClassRunner.java:49)
	at org.junit.runners.ParentRunner$3.run(ParentRunner.java:193)
	at org.junit.runners.ParentRunner$1.schedule(ParentRunner.java:52)
	at org.junit.runners.ParentRunner.runChildren(ParentRunner.java:191)
	at org.junit.runners.ParentRunner.access$000(ParentRunner.java:42)
	at org.junit.runners.ParentRunner$2.evaluate(ParentRunner.java:184)
	at org.springframework.test.context.junit4.statements.RunBeforeTestClassCallbacks.evaluate(RunBeforeTestClassCallbacks.java:61)
	at org.springframework.test.context.junit4.statements.RunAfterTestClassCallbacks.evaluate(RunAfterTestClassCallbacks.java:70)
	at org.junit.runners.ParentRunner.run(ParentRunner.java:236)
	at org.springframework.test.context.junit4.SpringJUnit4ClassRunner.run(SpringJUnit4ClassRunner.java:174)
	at org.apache.maven.surefire.junit4.JUnit4TestSet.execute(JUnit4TestSet.java:53)
	at org.apache.maven.surefire.junit4.JUnit4Provider.executeTestSet(JUnit4Provider.java:119)
	at org.apache.maven.surefire.junit4.JUnit4Provider.invoke(JUnit4Provider.java:101)
	at sun.reflect.NativeMethodAccessorImpl.invoke0(Native Method)
	at sun.reflect.NativeMethodAccessorImpl.invoke(NativeMethodAccessorImpl.java:39)
	at sun.reflect.DelegatingMethodAccessorImpl.invoke(DelegatingMethodAccessorImpl.java:25)
	at java.lang.reflect.Method.invoke(Method.java:597)
	at org.apache.maven.surefire.booter.ProviderFactory$ClassLoaderProxy.invoke(ProviderFactory.java:103)
	at $Proxy0.invoke(Unknown Source)
	at org.apache.maven.surefire.booter.SurefireStarter.invokeProvider(SurefireStarter.java:150)
	at org.apache.maven.surefire.booter.SurefireStarter.runSuitesInProcess(SurefireStarter.java:91)
	at org.apache.maven.surefire.booter.ForkedBooter.main(ForkedBooter.java:69)
Caused by: org.springframework.beans.factory.BeanCreationException: Error creating bean with name &apos;transactionManager&apos; defined in file [C:\Projects\RooRelForce120M1\target\classes\META-INF\spring\applicationContext.xml]: Cannot resolve reference to bean &apos;entityManagerFactory&apos; while setting bean property &apos;entityManagerFactory&apos;; nested exception is org.springframework.beans.factory.BeanCreationException: Error creating bean with name &apos;entityManagerFactory&apos; defined in file [C:\Projects\RooRelForce120M1\target\classes\META-INF\spring\applicationContext.xml]: Invocation of init method failed; nested exception is org.datanucleus.exceptions.NucleusException: Failed to get next element
	at org.springframework.beans.factory.support.BeanDefinitionValueResolver.resolveReference(BeanDefinitionValueResolver.java:328)
	at org.springframework.beans.factory.support.BeanDefinitionValueResolver.resolveValueIfNecessary(BeanDefinitionValueResolver.java:106)
	at org.springframework.beans.factory.support.AbstractAutowireCapableBeanFactory.applyPropertyValues(AbstractAutowireCapableBeanFactory.java:1325)
	at org.springframework.beans.factory.support.AbstractAutowireCapableBeanFactory.populateBean(AbstractAutowireCapableBeanFactory.java:1086)
	at org.springframework.beans.factory.support.AbstractAutowireCapableBeanFactory.doCreateBean(AbstractAutowireCapableBeanFactory.java:517)
	at org.springframework.beans.factory.support.AbstractAutowireCapableBeanFactory.createBean(AbstractAutowireCapableBeanFactory.java:456)
	at org.springframework.beans.factory.support.AbstractBeanFactory$1.getObject(AbstractBeanFactory.java:293)
	at org.springframework.beans.factory.support.DefaultSingletonBeanRegistry.getSingleton(DefaultSingletonBeanRegistry.java:222)
	at org.springframework.beans.factory.support.AbstractBeanFactory.doGetBean(AbstractBeanFactory.java:290)
	at org.springframework.beans.factory.support.AbstractBeanFactory.getBean(AbstractBeanFactory.java:192)
	at org.springframework.beans.factory.support.DefaultListableBeanFactory.preInstantiateSingletons(DefaultListableBeanFactory.java:585)
	at org.springframework.context.support.AbstractApplicationContext.finishBeanFactoryInitialization(AbstractApplicationContext.java:895)
	at org.springframework.context.support.AbstractApplicationContext.refresh(AbstractApplicationContext.java:425)
	at org.springframework.test.context.support.AbstractGenericContextLoader.loadContext(AbstractGenericContextLoader.java:84)
	at org.springframework.test.context.support.AbstractGenericContextLoader.loadContext(AbstractGenericContextLoader.java:1)
	at org.springframework.test.context.TestContext.loadApplicationContext(TestContext.java:280)
	at org.springframework.test.context.TestContext.getApplicationContext(TestContext.java:304)
	... 30 more
Caused by: org.springframework.beans.factory.BeanCreationException: Error creating bean with name &apos;entityManagerFactory&apos; defined in file [C:\Projects\RooRelForce120M1\target\classes\META-INF\spring\applicationContext.xml]: Invocation of init method failed; nested exception is org.datanucleus.exceptions.NucleusException: Failed to get next element
	at org.springframework.beans.factory.support.AbstractAutowireCapableBeanFactory.initializeBean(AbstractAutowireCapableBeanFactory.java:1420)
	at org.springframework.beans.factory.support.AbstractAutowireCapableBeanFactory.doCreateBean(AbstractAutowireCapableBeanFactory.java:519)
	at org.springframework.beans.factory.support.AbstractAutowireCapableBeanFactory.createBean(AbstractAutowireCapableBeanFactory.java:456)
	at org.springframework.beans.factory.support.AbstractBeanFactory$1.getObject(AbstractBeanFactory.java:293)
	at org.springframework.beans.factory.support.DefaultSingletonBeanRegistry.getSingleton(DefaultSingletonBeanRegistry.java:222)
	at org.springframework.beans.factory.support.AbstractBeanFactory.doGetBean(AbstractBeanFactory.java:290)
	at org.springframework.beans.factory.support.AbstractBeanFactory.getBean(AbstractBeanFactory.java:192)
	at org.springframework.beans.factory.support.BeanDefinitionValueResolver.resolveReference(BeanDefinitionValueResolver.java:322)
	... 46 more
Caused by: org.datanucleus.exceptions.NucleusException: Failed to get next element
	at com.force.sdk.jpa.schema.ForceStoreSchemaHandler.cacheDescribeSObjects(ForceStoreSchemaHandler.java:153)
	at com.force.sdk.jpa.ForceStoreManager.preInitialiseFileMetaData(ForceStoreManager.java:309)
	at com.force.sdk.jpa.ForceMetaDataManager.initialiseFileMetaDataForUse(ForceMetaDataManager.java:262)
	at org.datanucleus.metadata.MetaDataManager.loadPersistenceUnit(MetaDataManager.java:854)
	at com.force.sdk.jpa.ForceMetaDataManager.loadPersistenceUnit(ForceMetaDataManager.java:113)
	at org.datanucleus.jpa.EntityManagerFactoryImpl.initialisePMF(EntityManagerFactoryImpl.java:598)
	at org.datanucleus.jpa.EntityManagerFactoryImpl.&lt;init&gt;(EntityManagerFactoryImpl.java:282)
	at com.force.sdk.jpa.ForceEntityManagerFactory.&lt;init&gt;(ForceEntityManagerFactory.java:53)
	at com.force.sdk.jpa.PersistenceProviderImpl.createContainerEntityManagerFactory(PersistenceProviderImpl.java:59)
	at org.springframework.orm.jpa.LocalContainerEntityManagerFactoryBean.createNativeEntityManagerFactory(LocalContainerEntityManagerFactoryBean.java:225)
	at org.springframework.orm.jpa.AbstractEntityManagerFactoryBean.afterPropertiesSet(AbstractEntityManagerFactoryBean.java:310)
	at org.springframework.beans.factory.support.AbstractAutowireCapableBeanFactory.invokeInitMethods(AbstractAutowireCapableBeanFactory.java:1477)
	at org.springframework.beans.factory.support.AbstractAutowireCapableBeanFactory.initializeBean(AbstractAutowireCapableBeanFactory.java:1417)
	... 53 more
Caused by: com.sforce.ws.ConnectionException: Failed to get next element
	at com.sforce.ws.parser.XmlInputStream.nextTag(XmlInputStream.java:168)
	at com.sforce.ws.transport.SoapConnection.readSoapEnvelopeStart(SoapConnection.java:249)
	at com.sforce.ws.transport.SoapConnection.bind(SoapConnection.java:163)
	at com.sforce.ws.transport.SoapConnection.receive(SoapConnection.java:147)
	at com.sforce.ws.transport.SoapConnection.send(SoapConnection.java:98)
	at com.sforce.soap.partner.PartnerConnection.login(PartnerConnection.java:1664)
	at com.sforce.soap.partner.PartnerConnection.&lt;init&gt;(PartnerConnection.java:430)
	at com.sforce.soap.partner.Connector.newConnection(Connector.java:27)
	at com.force.sdk.connector.ForceServiceConnector.initConnection(ForceServiceConnector.java:260)
	at com.force.sdk.connector.ForceServiceConnector.initMetadataConnection(ForceServiceConnector.java:416)
	at com.force.sdk.connector.ForceServiceConnector.getNamespace(ForceServiceConnector.java:492)
	at com.force.sdk.jpa.ForceManagedConnection.getNamespace(ForceManagedConnection.java:111)
	at com.force.sdk.jpa.schema.ForceStoreSchemaHandler.cacheDescribeSObjects(ForceStoreSchemaHandler.java:124)
	... 65 more
Caused by: com.sforce.ws.parser.XmlPullParserException: only whitespace content allowed before start tag and not \ufffd (position: START_DOCUMENT seen \ufffd... @1:1) 
	at com.sforce.ws.parser.MXParser.parseProlog(MXParser.java:1505)
	at com.sforce.ws.parser.MXParser.nextImpl(MXParser.java:1382)
	at com.sforce.ws.parser.MXParser.next(MXParser.java:1085)
	at com.sforce.ws.parser.MXParser.nextTag(MXParser.java:1070)
	at com.sforce.ws.parser.XmlInputStream.nextTag(XmlInputStream.java:166)
	... 77 more
</error>
    <system-out>2011-09-23 09:29:47,078 [main] ERROR org.springframework.test.context.TestContextManager - Caught exception while allowing TestExecutionListener [org.springframework.test.context.support.DependencyInjectionTestExecutionListener@ffd135] to prepare test instance [com.serjann.force.domain.MechIntegrationTest@1b83048]
java.lang.IllegalStateException: Failed to load ApplicationContext
	at org.springframework.test.context.TestContext.getApplicationContext(TestContext.java:308)
	at org.springframework.test.context.support.DependencyInjectionTestExecutionListener.injectDependencies(DependencyInjectionTestExecutionListener.java:109)
	at org.springframework.test.context.support.DependencyInjectionTestExecutionListener.prepareTestInstance(DependencyInjectionTestExecutionListener.java:75)
	at org.springframework.test.context.TestContextManager.prepareTestInstance(TestContextManager.java:321)
	at org.springframework.test.context.junit4.SpringJUnit4ClassRunner.createTest(SpringJUnit4ClassRunner.java:211)
	at org.springframework.test.context.junit4.SpringJUnit4ClassRunner$1.runReflectiveCall(SpringJUnit4ClassRunner.java:287)
	at org.junit.internal.runners.model.ReflectiveCallable.run(ReflectiveCallable.java:15)
	at org.springframework.test.context.junit4.SpringJUnit4ClassRunner.methodBlock(SpringJUnit4ClassRunner.java:289)
	at org.springframework.test.context.junit4.SpringJUnit4ClassRunner.runChild(SpringJUnit4ClassRunner.java:231)
	at org.junit.runners.BlockJUnit4ClassRunner.runChild(BlockJUnit4ClassRunner.java:49)
	at org.junit.runners.ParentRunner$3.run(ParentRunner.java:193)
	at org.junit.runners.ParentRunner$1.schedule(ParentRunner.java:52)
	at org.junit.runners.ParentRunner.runChildren(ParentRunner.java:191)
	at org.junit.runners.ParentRunner.access$000(ParentRunner.java:42)
	at org.junit.runners.ParentRunner$2.evaluate(ParentRunner.java:184)
	at org.springframework.test.context.junit4.statements.RunBeforeTestClassCallbacks.evaluate(RunBeforeTestClassCallbacks.java:61)
	at org.springframework.test.context.junit4.statements.RunAfterTestClassCallbacks.evaluate(RunAfterTestClassCallbacks.java:70)
	at org.junit.runners.ParentRunner.run(ParentRunner.java:236)
	at org.springframework.test.context.junit4.SpringJUnit4ClassRunner.run(SpringJUnit4ClassRunner.java:174)
	at org.apache.maven.surefire.junit4.JUnit4TestSet.execute(JUnit4TestSet.java:53)
	at org.apache.maven.surefire.junit4.JUnit4Provider.executeTestSet(JUnit4Provider.java:119)
	at org.apache.maven.surefire.junit4.JUnit4Provider.invoke(JUnit4Provider.java:101)
	at sun.reflect.NativeMethodAccessorImpl.invoke0(Native Method)
	at sun.reflect.NativeMethodAccessorImpl.invoke(NativeMethodAccessorImpl.java:39)
	at sun.reflect.DelegatingMethodAccessorImpl.invoke(DelegatingMethodAccessorImpl.java:25)
	at java.lang.reflect.Method.invoke(Method.java:597)
	at org.apache.maven.surefire.booter.ProviderFactory$ClassLoaderProxy.invoke(ProviderFactory.java:103)
	at $Proxy0.invoke(Unknown Source)
	at org.apache.maven.surefire.booter.SurefireStarter.invokeProvider(SurefireStarter.java:150)
	at org.apache.maven.surefire.booter.SurefireStarter.runSuitesInProcess(SurefireStarter.java:91)
	at org.apache.maven.surefire.booter.ForkedBooter.main(ForkedBooter.java:69)
Caused by: org.springframework.beans.factory.BeanCreationException: Error creating bean with name &apos;transactionManager&apos; defined in file [C:\Projects\RooRelForce120M1\target\classes\META-INF\spring\applicationContext.xml]: Cannot resolve reference to bean &apos;entityManagerFactory&apos; while setting bean property &apos;entityManagerFactory&apos;; nested exception is org.springframework.beans.factory.BeanCreationException: Error creating bean with name &apos;entityManagerFactory&apos; defined in file [C:\Projects\RooRelForce120M1\target\classes\META-INF\spring\applicationContext.xml]: Invocation of init method failed; nested exception is org.datanucleus.exceptions.NucleusException: Failed to get next element
	at org.springframework.beans.factory.support.BeanDefinitionValueResolver.resolveReference(BeanDefinitionValueResolver.java:328)
	at org.springframework.beans.factory.support.BeanDefinitionValueResolver.resolveValueIfNecessary(BeanDefinitionValueResolver.java:106)
	at org.springframework.beans.factory.support.AbstractAutowireCapableBeanFactory.applyPropertyValues(AbstractAutowireCapableBeanFactory.java:1325)
	at org.springframework.beans.factory.support.AbstractAutowireCapableBeanFactory.populateBean(AbstractAutowireCapableBeanFactory.java:1086)
	at org.springframework.beans.factory.support.AbstractAutowireCapableBeanFactory.doCreateBean(AbstractAutowireCapableBeanFactory.java:517)
	at org.springframework.beans.factory.support.AbstractAutowireCapableBeanFactory.createBean(AbstractAutowireCapableBeanFactory.java:456)
	at org.springframework.beans.factory.support.AbstractBeanFactory$1.getObject(AbstractBeanFactory.java:293)
	at org.springframework.beans.factory.support.DefaultSingletonBeanRegistry.getSingleton(DefaultSingletonBeanRegistry.java:222)
	at org.springframework.beans.factory.support.AbstractBeanFactory.doGetBean(AbstractBeanFactory.java:290)
	at org.springframework.beans.factory.support.AbstractBeanFactory.getBean(AbstractBeanFactory.java:192)
	at org.springframework.beans.factory.support.DefaultListableBeanFactory.preInstantiateSingletons(DefaultListableBeanFactory.java:585)
	at org.springframework.context.support.AbstractApplicationContext.finishBeanFactoryInitialization(AbstractApplicationContext.java:895)
	at org.springframework.context.support.AbstractApplicationContext.refresh(AbstractApplicationContext.java:425)
	at org.springframework.test.context.support.AbstractGenericContextLoader.loadContext(AbstractGenericContextLoader.java:84)
	at org.springframework.test.context.support.AbstractGenericContextLoader.loadContext(AbstractGenericContextLoader.java:1)
	at org.springframework.test.context.TestContext.loadApplicationContext(TestContext.java:280)
	at org.springframework.test.context.TestContext.getApplicationContext(TestContext.java:304)
	... 30 more
Caused by: org.springframework.beans.factory.BeanCreationException: Error creating bean with name &apos;entityManagerFactory&apos; defined in file [C:\Projects\RooRelForce120M1\target\classes\META-INF\spring\applicationContext.xml]: Invocation of init method failed; nested exception is org.datanucleus.exceptions.NucleusException: Failed to get next element
	at org.springframework.beans.factory.support.AbstractAutowireCapableBeanFactory.initializeBean(AbstractAutowireCapableBeanFactory.java:1420)
	at org.springframework.beans.factory.support.AbstractAutowireCapableBeanFactory.doCreateBean(AbstractAutowireCapableBeanFactory.java:519)
	at org.springframework.beans.factory.support.AbstractAutowireCapableBeanFactory.createBean(AbstractAutowireCapableBeanFactory.java:456)
	at org.springframework.beans.factory.support.AbstractBeanFactory$1.getObject(AbstractBeanFactory.java:293)
	at org.springframework.beans.factory.support.DefaultSingletonBeanRegistry.getSingleton(DefaultSingletonBeanRegistry.java:222)
	at org.springframework.beans.factory.support.AbstractBeanFactory.doGetBean(AbstractBeanFactory.java:290)
	at org.springframework.beans.factory.support.AbstractBeanFactory.getBean(AbstractBeanFactory.java:192)
	at org.springframework.beans.factory.support.BeanDefinitionValueResolver.resolveReference(BeanDefinitionValueResolver.java:322)
	... 46 more
Caused by: org.datanucleus.exceptions.NucleusException: Failed to get next element
	at com.force.sdk.jpa.schema.ForceStoreSchemaHandler.cacheDescribeSObjects(ForceStoreSchemaHandler.java:153)
	at com.force.sdk.jpa.ForceStoreManager.preInitialiseFileMetaData(ForceStoreManager.java:309)
	at com.force.sdk.jpa.ForceMetaDataManager.initialiseFileMetaDataForUse(ForceMetaDataManager.java:262)
	at org.datanucleus.metadata.MetaDataManager.loadPersistenceUnit(MetaDataManager.java:854)
	at com.force.sdk.jpa.ForceMetaDataManager.loadPersistenceUnit(ForceMetaDataManager.java:113)
	at org.datanucleus.jpa.EntityManagerFactoryImpl.initialisePMF(EntityManagerFactoryImpl.java:598)
	at org.datanucleus.jpa.EntityManagerFactoryImpl.&lt;init&gt;(EntityManagerFactoryImpl.java:282)
	at com.force.sdk.jpa.ForceEntityManagerFactory.&lt;init&gt;(ForceEntityManagerFactory.java:53)
	at com.force.sdk.jpa.PersistenceProviderImpl.createContainerEntityManagerFactory(PersistenceProviderImpl.java:59)
	at org.springframework.orm.jpa.LocalContainerEntityManagerFactoryBean.createNativeEntityManagerFactory(LocalContainerEntityManagerFactoryBean.java:225)
	at org.springframework.orm.jpa.AbstractEntityManagerFactoryBean.afterPropertiesSet(AbstractEntityManagerFactoryBean.java:310)
	at org.springframework.beans.factory.support.AbstractAutowireCapableBeanFactory.invokeInitMethods(AbstractAutowireCapableBeanFactory.java:1477)
	at org.springframework.beans.factory.support.AbstractAutowireCapableBeanFactory.initializeBean(AbstractAutowireCapableBeanFactory.java:1417)
	... 53 more
Caused by: com.sforce.ws.ConnectionException: Failed to get next element
	at com.sforce.ws.parser.XmlInputStream.nextTag(XmlInputStream.java:168)
	at com.sforce.ws.transport.SoapConnection.readSoapEnvelopeStart(SoapConnection.java:249)
	at com.sforce.ws.transport.SoapConnection.bind(SoapConnection.java:163)
	at com.sforce.ws.transport.SoapConnection.receive(SoapConnection.java:147)
	at com.sforce.ws.transport.SoapConnection.send(SoapConnection.java:98)
	at com.sforce.soap.partner.PartnerConnection.login(PartnerConnection.java:1664)
	at com.sforce.soap.partner.PartnerConnection.&lt;init&gt;(PartnerConnection.java:430)
	at com.sforce.soap.partner.Connector.newConnection(Connector.java:27)
	at com.force.sdk.connector.ForceServiceConnector.initConnection(ForceServiceConnector.java:260)
	at com.force.sdk.connector.ForceServiceConnector.initMetadataConnection(ForceServiceConnector.java:416)
	at com.force.sdk.connector.ForceServiceConnector.getNamespace(ForceServiceConnector.java:492)
	at com.force.sdk.jpa.ForceManagedConnection.getNamespace(ForceManagedConnection.java:111)
	at com.force.sdk.jpa.schema.ForceStoreSchemaHandler.cacheDescribeSObjects(ForceStoreSchemaHandler.java:124)
	... 65 more
Caused by: com.sforce.ws.parser.XmlPullParserException: only whitespace content allowed before start tag and not \ufffd (position: START_DOCUMENT seen \ufffd... @1:1) 
	at com.sforce.ws.parser.MXParser.parseProlog(MXParser.java:1505)
	at com.sforce.ws.parser.MXParser.nextImpl(MXParser.java:1382)
	at com.sforce.ws.parser.MXParser.next(MXParser.java:1085)
	at com.sforce.ws.parser.MXParser.nextTag(MXParser.java:1070)
	at com.sforce.ws.parser.XmlInputStream.nextTag(XmlInputStream.java:166)
	... 77 more
</system-out>
  </testcase>
  <testcase time="0.156" classname="com.serjann.force.domain.MechIntegrationTest" name="testFindMechEntries">
    <error message="Failed to load ApplicationContext" type="java.lang.IllegalStateException">java.lang.IllegalStateException: Failed to load ApplicationContext
	at org.springframework.test.context.TestContext.getApplicationContext(TestContext.java:308)
	at org.springframework.test.context.support.DependencyInjectionTestExecutionListener.injectDependencies(DependencyInjectionTestExecutionListener.java:109)
	at org.springframework.test.context.support.DependencyInjectionTestExecutionListener.prepareTestInstance(DependencyInjectionTestExecutionListener.java:75)
	at org.springframework.test.context.TestContextManager.prepareTestInstance(TestContextManager.java:321)
	at org.springframework.test.context.junit4.SpringJUnit4ClassRunner.createTest(SpringJUnit4ClassRunner.java:211)
	at org.springframework.test.context.junit4.SpringJUnit4ClassRunner$1.runReflectiveCall(SpringJUnit4ClassRunner.java:287)
	at org.junit.internal.runners.model.ReflectiveCallable.run(ReflectiveCallable.java:15)
	at org.springframework.test.context.junit4.SpringJUnit4ClassRunner.methodBlock(SpringJUnit4ClassRunner.java:289)
	at org.springframework.test.context.junit4.SpringJUnit4ClassRunner.runChild(SpringJUnit4ClassRunner.java:231)
	at org.junit.runners.BlockJUnit4ClassRunner.runChild(BlockJUnit4ClassRunner.java:49)
	at org.junit.runners.ParentRunner$3.run(ParentRunner.java:193)
	at org.junit.runners.ParentRunner$1.schedule(ParentRunner.java:52)
	at org.junit.runners.ParentRunner.runChildren(ParentRunner.java:191)
	at org.junit.runners.ParentRunner.access$000(ParentRunner.java:42)
	at org.junit.runners.ParentRunner$2.evaluate(ParentRunner.java:184)
	at org.springframework.test.context.junit4.statements.RunBeforeTestClassCallbacks.evaluate(RunBeforeTestClassCallbacks.java:61)
	at org.springframework.test.context.junit4.statements.RunAfterTestClassCallbacks.evaluate(RunAfterTestClassCallbacks.java:70)
	at org.junit.runners.ParentRunner.run(ParentRunner.java:236)
	at org.springframework.test.context.junit4.SpringJUnit4ClassRunner.run(SpringJUnit4ClassRunner.java:174)
	at org.apache.maven.surefire.junit4.JUnit4TestSet.execute(JUnit4TestSet.java:53)
	at org.apache.maven.surefire.junit4.JUnit4Provider.executeTestSet(JUnit4Provider.java:119)
	at org.apache.maven.surefire.junit4.JUnit4Provider.invoke(JUnit4Provider.java:101)
	at sun.reflect.NativeMethodAccessorImpl.invoke0(Native Method)
	at sun.reflect.NativeMethodAccessorImpl.invoke(NativeMethodAccessorImpl.java:39)
	at sun.reflect.DelegatingMethodAccessorImpl.invoke(DelegatingMethodAccessorImpl.java:25)
	at java.lang.reflect.Method.invoke(Method.java:597)
	at org.apache.maven.surefire.booter.ProviderFactory$ClassLoaderProxy.invoke(ProviderFactory.java:103)
	at $Proxy0.invoke(Unknown Source)
	at org.apache.maven.surefire.booter.SurefireStarter.invokeProvider(SurefireStarter.java:150)
	at org.apache.maven.surefire.booter.SurefireStarter.runSuitesInProcess(SurefireStarter.java:91)
	at org.apache.maven.surefire.booter.ForkedBooter.main(ForkedBooter.java:69)
Caused by: org.springframework.beans.factory.BeanCreationException: Error creating bean with name &apos;transactionManager&apos; defined in file [C:\Projects\RooRelForce120M1\target\classes\META-INF\spring\applicationContext.xml]: Cannot resolve reference to bean &apos;entityManagerFactory&apos; while setting bean property &apos;entityManagerFactory&apos;; nested exception is org.springframework.beans.factory.BeanCreationException: Error creating bean with name &apos;entityManagerFactory&apos; defined in file [C:\Projects\RooRelForce120M1\target\classes\META-INF\spring\applicationContext.xml]: Invocation of init method failed; nested exception is org.datanucleus.exceptions.NucleusException: Failed to get next element
	at org.springframework.beans.factory.support.BeanDefinitionValueResolver.resolveReference(BeanDefinitionValueResolver.java:328)
	at org.springframework.beans.factory.support.BeanDefinitionValueResolver.resolveValueIfNecessary(BeanDefinitionValueResolver.java:106)
	at org.springframework.beans.factory.support.AbstractAutowireCapableBeanFactory.applyPropertyValues(AbstractAutowireCapableBeanFactory.java:1325)
	at org.springframework.beans.factory.support.AbstractAutowireCapableBeanFactory.populateBean(AbstractAutowireCapableBeanFactory.java:1086)
	at org.springframework.beans.factory.support.AbstractAutowireCapableBeanFactory.doCreateBean(AbstractAutowireCapableBeanFactory.java:517)
	at org.springframework.beans.factory.support.AbstractAutowireCapableBeanFactory.createBean(AbstractAutowireCapableBeanFactory.java:456)
	at org.springframework.beans.factory.support.AbstractBeanFactory$1.getObject(AbstractBeanFactory.java:293)
	at org.springframework.beans.factory.support.DefaultSingletonBeanRegistry.getSingleton(DefaultSingletonBeanRegistry.java:222)
	at org.springframework.beans.factory.support.AbstractBeanFactory.doGetBean(AbstractBeanFactory.java:290)
	at org.springframework.beans.factory.support.AbstractBeanFactory.getBean(AbstractBeanFactory.java:192)
	at org.springframework.beans.factory.support.DefaultListableBeanFactory.preInstantiateSingletons(DefaultListableBeanFactory.java:585)
	at org.springframework.context.support.AbstractApplicationContext.finishBeanFactoryInitialization(AbstractApplicationContext.java:895)
	at org.springframework.context.support.AbstractApplicationContext.refresh(AbstractApplicationContext.java:425)
	at org.springframework.test.context.support.AbstractGenericContextLoader.loadContext(AbstractGenericContextLoader.java:84)
	at org.springframework.test.context.support.AbstractGenericContextLoader.loadContext(AbstractGenericContextLoader.java:1)
	at org.springframework.test.context.TestContext.loadApplicationContext(TestContext.java:280)
	at org.springframework.test.context.TestContext.getApplicationContext(TestContext.java:304)
	... 30 more
Caused by: org.springframework.beans.factory.BeanCreationException: Error creating bean with name &apos;entityManagerFactory&apos; defined in file [C:\Projects\RooRelForce120M1\target\classes\META-INF\spring\applicationContext.xml]: Invocation of init method failed; nested exception is org.datanucleus.exceptions.NucleusException: Failed to get next element
	at org.springframework.beans.factory.support.AbstractAutowireCapableBeanFactory.initializeBean(AbstractAutowireCapableBeanFactory.java:1420)
	at org.springframework.beans.factory.support.AbstractAutowireCapableBeanFactory.doCreateBean(AbstractAutowireCapableBeanFactory.java:519)
	at org.springframework.beans.factory.support.AbstractAutowireCapableBeanFactory.createBean(AbstractAutowireCapableBeanFactory.java:456)
	at org.springframework.beans.factory.support.AbstractBeanFactory$1.getObject(AbstractBeanFactory.java:293)
	at org.springframework.beans.factory.support.DefaultSingletonBeanRegistry.getSingleton(DefaultSingletonBeanRegistry.java:222)
	at org.springframework.beans.factory.support.AbstractBeanFactory.doGetBean(AbstractBeanFactory.java:290)
	at org.springframework.beans.factory.support.AbstractBeanFactory.getBean(AbstractBeanFactory.java:192)
	at org.springframework.beans.factory.support.BeanDefinitionValueResolver.resolveReference(BeanDefinitionValueResolver.java:322)
	... 46 more
Caused by: org.datanucleus.exceptions.NucleusException: Failed to get next element
	at com.force.sdk.jpa.schema.ForceStoreSchemaHandler.cacheDescribeSObjects(ForceStoreSchemaHandler.java:153)
	at com.force.sdk.jpa.ForceStoreManager.preInitialiseFileMetaData(ForceStoreManager.java:309)
	at com.force.sdk.jpa.ForceMetaDataManager.initialiseFileMetaDataForUse(ForceMetaDataManager.java:262)
	at org.datanucleus.metadata.MetaDataManager.loadPersistenceUnit(MetaDataManager.java:854)
	at com.force.sdk.jpa.ForceMetaDataManager.loadPersistenceUnit(ForceMetaDataManager.java:113)
	at org.datanucleus.jpa.EntityManagerFactoryImpl.initialisePMF(EntityManagerFactoryImpl.java:598)
	at org.datanucleus.jpa.EntityManagerFactoryImpl.&lt;init&gt;(EntityManagerFactoryImpl.java:282)
	at com.force.sdk.jpa.ForceEntityManagerFactory.&lt;init&gt;(ForceEntityManagerFactory.java:53)
	at com.force.sdk.jpa.PersistenceProviderImpl.createContainerEntityManagerFactory(PersistenceProviderImpl.java:59)
	at org.springframework.orm.jpa.LocalContainerEntityManagerFactoryBean.createNativeEntityManagerFactory(LocalContainerEntityManagerFactoryBean.java:225)
	at org.springframework.orm.jpa.AbstractEntityManagerFactoryBean.afterPropertiesSet(AbstractEntityManagerFactoryBean.java:310)
	at org.springframework.beans.factory.support.AbstractAutowireCapableBeanFactory.invokeInitMethods(AbstractAutowireCapableBeanFactory.java:1477)
	at org.springframework.beans.factory.support.AbstractAutowireCapableBeanFactory.initializeBean(AbstractAutowireCapableBeanFactory.java:1417)
	... 53 more
Caused by: com.sforce.ws.ConnectionException: Failed to get next element
	at com.sforce.ws.parser.XmlInputStream.nextTag(XmlInputStream.java:168)
	at com.sforce.ws.transport.SoapConnection.readSoapEnvelopeStart(SoapConnection.java:249)
	at com.sforce.ws.transport.SoapConnection.bind(SoapConnection.java:163)
	at com.sforce.ws.transport.SoapConnection.receive(SoapConnection.java:147)
	at com.sforce.ws.transport.SoapConnection.send(SoapConnection.java:98)
	at com.sforce.soap.partner.PartnerConnection.login(PartnerConnection.java:1664)
	at com.sforce.soap.partner.PartnerConnection.&lt;init&gt;(PartnerConnection.java:430)
	at com.sforce.soap.partner.Connector.newConnection(Connector.java:27)
	at com.force.sdk.connector.ForceServiceConnector.initConnection(ForceServiceConnector.java:260)
	at com.force.sdk.connector.ForceServiceConnector.initMetadataConnection(ForceServiceConnector.java:416)
	at com.force.sdk.connector.ForceServiceConnector.getNamespace(ForceServiceConnector.java:492)
	at com.force.sdk.jpa.ForceManagedConnection.getNamespace(ForceManagedConnection.java:111)
	at com.force.sdk.jpa.schema.ForceStoreSchemaHandler.cacheDescribeSObjects(ForceStoreSchemaHandler.java:124)
	... 65 more
Caused by: com.sforce.ws.parser.XmlPullParserException: only whitespace content allowed before start tag and not \ufffd (position: START_DOCUMENT seen \ufffd... @1:1) 
	at com.sforce.ws.parser.MXParser.parseProlog(MXParser.java:1505)
	at com.sforce.ws.parser.MXParser.nextImpl(MXParser.java:1382)
	at com.sforce.ws.parser.MXParser.next(MXParser.java:1085)
	at com.sforce.ws.parser.MXParser.nextTag(MXParser.java:1070)
	at com.sforce.ws.parser.XmlInputStream.nextTag(XmlInputStream.java:166)
	... 77 more
</error>
    <system-out>2011-09-23 09:29:47,218 [main] ERROR org.springframework.test.context.TestContextManager - Caught exception while allowing TestExecutionListener [org.springframework.test.context.support.DependencyInjectionTestExecutionListener@ffd135] to prepare test instance [com.serjann.force.domain.MechIntegrationTest@15a4523]
java.lang.IllegalStateException: Failed to load ApplicationContext
	at org.springframework.test.context.TestContext.getApplicationContext(TestContext.java:308)
	at org.springframework.test.context.support.DependencyInjectionTestExecutionListener.injectDependencies(DependencyInjectionTestExecutionListener.java:109)
	at org.springframework.test.context.support.DependencyInjectionTestExecutionListener.prepareTestInstance(DependencyInjectionTestExecutionListener.java:75)
	at org.springframework.test.context.TestContextManager.prepareTestInstance(TestContextManager.java:321)
	at org.springframework.test.context.junit4.SpringJUnit4ClassRunner.createTest(SpringJUnit4ClassRunner.java:211)
	at org.springframework.test.context.junit4.SpringJUnit4ClassRunner$1.runReflectiveCall(SpringJUnit4ClassRunner.java:287)
	at org.junit.internal.runners.model.ReflectiveCallable.run(ReflectiveCallable.java:15)
	at org.springframework.test.context.junit4.SpringJUnit4ClassRunner.methodBlock(SpringJUnit4ClassRunner.java:289)
	at org.springframework.test.context.junit4.SpringJUnit4ClassRunner.runChild(SpringJUnit4ClassRunner.java:231)
	at org.junit.runners.BlockJUnit4ClassRunner.runChild(BlockJUnit4ClassRunner.java:49)
	at org.junit.runners.ParentRunner$3.run(ParentRunner.java:193)
	at org.junit.runners.ParentRunner$1.schedule(ParentRunner.java:52)
	at org.junit.runners.ParentRunner.runChildren(ParentRunner.java:191)
	at org.junit.runners.ParentRunner.access$000(ParentRunner.java:42)
	at org.junit.runners.ParentRunner$2.evaluate(ParentRunner.java:184)
	at org.springframework.test.context.junit4.statements.RunBeforeTestClassCallbacks.evaluate(RunBeforeTestClassCallbacks.java:61)
	at org.springframework.test.context.junit4.statements.RunAfterTestClassCallbacks.evaluate(RunAfterTestClassCallbacks.java:70)
	at org.junit.runners.ParentRunner.run(ParentRunner.java:236)
	at org.springframework.test.context.junit4.SpringJUnit4ClassRunner.run(SpringJUnit4ClassRunner.java:174)
	at org.apache.maven.surefire.junit4.JUnit4TestSet.execute(JUnit4TestSet.java:53)
	at org.apache.maven.surefire.junit4.JUnit4Provider.executeTestSet(JUnit4Provider.java:119)
	at org.apache.maven.surefire.junit4.JUnit4Provider.invoke(JUnit4Provider.java:101)
	at sun.reflect.NativeMethodAccessorImpl.invoke0(Native Method)
	at sun.reflect.NativeMethodAccessorImpl.invoke(NativeMethodAccessorImpl.java:39)
	at sun.reflect.DelegatingMethodAccessorImpl.invoke(DelegatingMethodAccessorImpl.java:25)
	at java.lang.reflect.Method.invoke(Method.java:597)
	at org.apache.maven.surefire.booter.ProviderFactory$ClassLoaderProxy.invoke(ProviderFactory.java:103)
	at $Proxy0.invoke(Unknown Source)
	at org.apache.maven.surefire.booter.SurefireStarter.invokeProvider(SurefireStarter.java:150)
	at org.apache.maven.surefire.booter.SurefireStarter.runSuitesInProcess(SurefireStarter.java:91)
	at org.apache.maven.surefire.booter.ForkedBooter.main(ForkedBooter.java:69)
Caused by: org.springframework.beans.factory.BeanCreationException: Error creating bean with name &apos;transactionManager&apos; defined in file [C:\Projects\RooRelForce120M1\target\classes\META-INF\spring\applicationContext.xml]: Cannot resolve reference to bean &apos;entityManagerFactory&apos; while setting bean property &apos;entityManagerFactory&apos;; nested exception is org.springframework.beans.factory.BeanCreationException: Error creating bean with name &apos;entityManagerFactory&apos; defined in file [C:\Projects\RooRelForce120M1\target\classes\META-INF\spring\applicationContext.xml]: Invocation of init method failed; nested exception is org.datanucleus.exceptions.NucleusException: Failed to get next element
	at org.springframework.beans.factory.support.BeanDefinitionValueResolver.resolveReference(BeanDefinitionValueResolver.java:328)
	at org.springframework.beans.factory.support.BeanDefinitionValueResolver.resolveValueIfNecessary(BeanDefinitionValueResolver.java:106)
	at org.springframework.beans.factory.support.AbstractAutowireCapableBeanFactory.applyPropertyValues(AbstractAutowireCapableBeanFactory.java:1325)
	at org.springframework.beans.factory.support.AbstractAutowireCapableBeanFactory.populateBean(AbstractAutowireCapableBeanFactory.java:1086)
	at org.springframework.beans.factory.support.AbstractAutowireCapableBeanFactory.doCreateBean(AbstractAutowireCapableBeanFactory.java:517)
	at org.springframework.beans.factory.support.AbstractAutowireCapableBeanFactory.createBean(AbstractAutowireCapableBeanFactory.java:456)
	at org.springframework.beans.factory.support.AbstractBeanFactory$1.getObject(AbstractBeanFactory.java:293)
	at org.springframework.beans.factory.support.DefaultSingletonBeanRegistry.getSingleton(DefaultSingletonBeanRegistry.java:222)
	at org.springframework.beans.factory.support.AbstractBeanFactory.doGetBean(AbstractBeanFactory.java:290)
	at org.springframework.beans.factory.support.AbstractBeanFactory.getBean(AbstractBeanFactory.java:192)
	at org.springframework.beans.factory.support.DefaultListableBeanFactory.preInstantiateSingletons(DefaultListableBeanFactory.java:585)
	at org.springframework.context.support.AbstractApplicationContext.finishBeanFactoryInitialization(AbstractApplicationContext.java:895)
	at org.springframework.context.support.AbstractApplicationContext.refresh(AbstractApplicationContext.java:425)
	at org.springframework.test.context.support.AbstractGenericContextLoader.loadContext(AbstractGenericContextLoader.java:84)
	at org.springframework.test.context.support.AbstractGenericContextLoader.loadContext(AbstractGenericContextLoader.java:1)
	at org.springframework.test.context.TestContext.loadApplicationContext(TestContext.java:280)
	at org.springframework.test.context.TestContext.getApplicationContext(TestContext.java:304)
	... 30 more
Caused by: org.springframework.beans.factory.BeanCreationException: Error creating bean with name &apos;entityManagerFactory&apos; defined in file [C:\Projects\RooRelForce120M1\target\classes\META-INF\spring\applicationContext.xml]: Invocation of init method failed; nested exception is org.datanucleus.exceptions.NucleusException: Failed to get next element
	at org.springframework.beans.factory.support.AbstractAutowireCapableBeanFactory.initializeBean(AbstractAutowireCapableBeanFactory.java:1420)
	at org.springframework.beans.factory.support.AbstractAutowireCapableBeanFactory.doCreateBean(AbstractAutowireCapableBeanFactory.java:519)
	at org.springframework.beans.factory.support.AbstractAutowireCapableBeanFactory.createBean(AbstractAutowireCapableBeanFactory.java:456)
	at org.springframework.beans.factory.support.AbstractBeanFactory$1.getObject(AbstractBeanFactory.java:293)
	at org.springframework.beans.factory.support.DefaultSingletonBeanRegistry.getSingleton(DefaultSingletonBeanRegistry.java:222)
	at org.springframework.beans.factory.support.AbstractBeanFactory.doGetBean(AbstractBeanFactory.java:290)
	at org.springframework.beans.factory.support.AbstractBeanFactory.getBean(AbstractBeanFactory.java:192)
	at org.springframework.beans.factory.support.BeanDefinitionValueResolver.resolveReference(BeanDefinitionValueResolver.java:322)
	... 46 more
Caused by: org.datanucleus.exceptions.NucleusException: Failed to get next element
	at com.force.sdk.jpa.schema.ForceStoreSchemaHandler.cacheDescribeSObjects(ForceStoreSchemaHandler.java:153)
	at com.force.sdk.jpa.ForceStoreManager.preInitialiseFileMetaData(ForceStoreManager.java:309)
	at com.force.sdk.jpa.ForceMetaDataManager.initialiseFileMetaDataForUse(ForceMetaDataManager.java:262)
	at org.datanucleus.metadata.MetaDataManager.loadPersistenceUnit(MetaDataManager.java:854)
	at com.force.sdk.jpa.ForceMetaDataManager.loadPersistenceUnit(ForceMetaDataManager.java:113)
	at org.datanucleus.jpa.EntityManagerFactoryImpl.initialisePMF(EntityManagerFactoryImpl.java:598)
	at org.datanucleus.jpa.EntityManagerFactoryImpl.&lt;init&gt;(EntityManagerFactoryImpl.java:282)
	at com.force.sdk.jpa.ForceEntityManagerFactory.&lt;init&gt;(ForceEntityManagerFactory.java:53)
	at com.force.sdk.jpa.PersistenceProviderImpl.createContainerEntityManagerFactory(PersistenceProviderImpl.java:59)
	at org.springframework.orm.jpa.LocalContainerEntityManagerFactoryBean.createNativeEntityManagerFactory(LocalContainerEntityManagerFactoryBean.java:225)
	at org.springframework.orm.jpa.AbstractEntityManagerFactoryBean.afterPropertiesSet(AbstractEntityManagerFactoryBean.java:310)
	at org.springframework.beans.factory.support.AbstractAutowireCapableBeanFactory.invokeInitMethods(AbstractAutowireCapableBeanFactory.java:1477)
	at org.springframework.beans.factory.support.AbstractAutowireCapableBeanFactory.initializeBean(AbstractAutowireCapableBeanFactory.java:1417)
	... 53 more
Caused by: com.sforce.ws.ConnectionException: Failed to get next element
	at com.sforce.ws.parser.XmlInputStream.nextTag(XmlInputStream.java:168)
	at com.sforce.ws.transport.SoapConnection.readSoapEnvelopeStart(SoapConnection.java:249)
	at com.sforce.ws.transport.SoapConnection.bind(SoapConnection.java:163)
	at com.sforce.ws.transport.SoapConnection.receive(SoapConnection.java:147)
	at com.sforce.ws.transport.SoapConnection.send(SoapConnection.java:98)
	at com.sforce.soap.partner.PartnerConnection.login(PartnerConnection.java:1664)
	at com.sforce.soap.partner.PartnerConnection.&lt;init&gt;(PartnerConnection.java:430)
	at com.sforce.soap.partner.Connector.newConnection(Connector.java:27)
	at com.force.sdk.connector.ForceServiceConnector.initConnection(ForceServiceConnector.java:260)
	at com.force.sdk.connector.ForceServiceConnector.initMetadataConnection(ForceServiceConnector.java:416)
	at com.force.sdk.connector.ForceServiceConnector.getNamespace(ForceServiceConnector.java:492)
	at com.force.sdk.jpa.ForceManagedConnection.getNamespace(ForceManagedConnection.java:111)
	at com.force.sdk.jpa.schema.ForceStoreSchemaHandler.cacheDescribeSObjects(ForceStoreSchemaHandler.java:124)
	... 65 more
Caused by: com.sforce.ws.parser.XmlPullParserException: only whitespace content allowed before start tag and not \ufffd (position: START_DOCUMENT seen \ufffd... @1:1) 
	at com.sforce.ws.parser.MXParser.parseProlog(MXParser.java:1505)
	at com.sforce.ws.parser.MXParser.nextImpl(MXParser.java:1382)
	at com.sforce.ws.parser.MXParser.next(MXParser.java:1085)
	at com.sforce.ws.parser.MXParser.nextTag(MXParser.java:1070)
	at com.sforce.ws.parser.XmlInputStream.nextTag(XmlInputStream.java:166)
	... 77 more
</system-out>
  </testcase>
  <testcase time="0.141" classname="com.serjann.force.domain.MechIntegrationTest" name="testFlush">
    <error message="Failed to load ApplicationContext" type="java.lang.IllegalStateException">java.lang.IllegalStateException: Failed to load ApplicationContext
	at org.springframework.test.context.TestContext.getApplicationContext(TestContext.java:308)
	at org.springframework.test.context.support.DependencyInjectionTestExecutionListener.injectDependencies(DependencyInjectionTestExecutionListener.java:109)
	at org.springframework.test.context.support.DependencyInjectionTestExecutionListener.prepareTestInstance(DependencyInjectionTestExecutionListener.java:75)
	at org.springframework.test.context.TestContextManager.prepareTestInstance(TestContextManager.java:321)
	at org.springframework.test.context.junit4.SpringJUnit4ClassRunner.createTest(SpringJUnit4ClassRunner.java:211)
	at org.springframework.test.context.junit4.SpringJUnit4ClassRunner$1.runReflectiveCall(SpringJUnit4ClassRunner.java:287)
	at org.junit.internal.runners.model.ReflectiveCallable.run(ReflectiveCallable.java:15)
	at org.springframework.test.context.junit4.SpringJUnit4ClassRunner.methodBlock(SpringJUnit4ClassRunner.java:289)
	at org.springframework.test.context.junit4.SpringJUnit4ClassRunner.runChild(SpringJUnit4ClassRunner.java:231)
	at org.junit.runners.BlockJUnit4ClassRunner.runChild(BlockJUnit4ClassRunner.java:49)
	at org.junit.runners.ParentRunner$3.run(ParentRunner.java:193)
	at org.junit.runners.ParentRunner$1.schedule(ParentRunner.java:52)
	at org.junit.runners.ParentRunner.runChildren(ParentRunner.java:191)
	at org.junit.runners.ParentRunner.access$000(ParentRunner.java:42)
	at org.junit.runners.ParentRunner$2.evaluate(ParentRunner.java:184)
	at org.springframework.test.context.junit4.statements.RunBeforeTestClassCallbacks.evaluate(RunBeforeTestClassCallbacks.java:61)
	at org.springframework.test.context.junit4.statements.RunAfterTestClassCallbacks.evaluate(RunAfterTestClassCallbacks.java:70)
	at org.junit.runners.ParentRunner.run(ParentRunner.java:236)
	at org.springframework.test.context.junit4.SpringJUnit4ClassRunner.run(SpringJUnit4ClassRunner.java:174)
	at org.apache.maven.surefire.junit4.JUnit4TestSet.execute(JUnit4TestSet.java:53)
	at org.apache.maven.surefire.junit4.JUnit4Provider.executeTestSet(JUnit4Provider.java:119)
	at org.apache.maven.surefire.junit4.JUnit4Provider.invoke(JUnit4Provider.java:101)
	at sun.reflect.NativeMethodAccessorImpl.invoke0(Native Method)
	at sun.reflect.NativeMethodAccessorImpl.invoke(NativeMethodAccessorImpl.java:39)
	at sun.reflect.DelegatingMethodAccessorImpl.invoke(DelegatingMethodAccessorImpl.java:25)
	at java.lang.reflect.Method.invoke(Method.java:597)
	at org.apache.maven.surefire.booter.ProviderFactory$ClassLoaderProxy.invoke(ProviderFactory.java:103)
	at $Proxy0.invoke(Unknown Source)
	at org.apache.maven.surefire.booter.SurefireStarter.invokeProvider(SurefireStarter.java:150)
	at org.apache.maven.surefire.booter.SurefireStarter.runSuitesInProcess(SurefireStarter.java:91)
	at org.apache.maven.surefire.booter.ForkedBooter.main(ForkedBooter.java:69)
Caused by: org.springframework.beans.factory.BeanCreationException: Error creating bean with name &apos;transactionManager&apos; defined in file [C:\Projects\RooRelForce120M1\target\classes\META-INF\spring\applicationContext.xml]: Cannot resolve reference to bean &apos;entityManagerFactory&apos; while setting bean property &apos;entityManagerFactory&apos;; nested exception is org.springframework.beans.factory.BeanCreationException: Error creating bean with name &apos;entityManagerFactory&apos; defined in file [C:\Projects\RooRelForce120M1\target\classes\META-INF\spring\applicationContext.xml]: Invocation of init method failed; nested exception is org.datanucleus.exceptions.NucleusException: Failed to get next element
	at org.springframework.beans.factory.support.BeanDefinitionValueResolver.resolveReference(BeanDefinitionValueResolver.java:328)
	at org.springframework.beans.factory.support.BeanDefinitionValueResolver.resolveValueIfNecessary(BeanDefinitionValueResolver.java:106)
	at org.springframework.beans.factory.support.AbstractAutowireCapableBeanFactory.applyPropertyValues(AbstractAutowireCapableBeanFactory.java:1325)
	at org.springframework.beans.factory.support.AbstractAutowireCapableBeanFactory.populateBean(AbstractAutowireCapableBeanFactory.java:1086)
	at org.springframework.beans.factory.support.AbstractAutowireCapableBeanFactory.doCreateBean(AbstractAutowireCapableBeanFactory.java:517)
	at org.springframework.beans.factory.support.AbstractAutowireCapableBeanFactory.createBean(AbstractAutowireCapableBeanFactory.java:456)
	at org.springframework.beans.factory.support.AbstractBeanFactory$1.getObject(AbstractBeanFactory.java:293)
	at org.springframework.beans.factory.support.DefaultSingletonBeanRegistry.getSingleton(DefaultSingletonBeanRegistry.java:222)
	at org.springframework.beans.factory.support.AbstractBeanFactory.doGetBean(AbstractBeanFactory.java:290)
	at org.springframework.beans.factory.support.AbstractBeanFactory.getBean(AbstractBeanFactory.java:192)
	at org.springframework.beans.factory.support.DefaultListableBeanFactory.preInstantiateSingletons(DefaultListableBeanFactory.java:585)
	at org.springframework.context.support.AbstractApplicationContext.finishBeanFactoryInitialization(AbstractApplicationContext.java:895)
	at org.springframework.context.support.AbstractApplicationContext.refresh(AbstractApplicationContext.java:425)
	at org.springframework.test.context.support.AbstractGenericContextLoader.loadContext(AbstractGenericContextLoader.java:84)
	at org.springframework.test.context.support.AbstractGenericContextLoader.loadContext(AbstractGenericContextLoader.java:1)
	at org.springframework.test.context.TestContext.loadApplicationContext(TestContext.java:280)
	at org.springframework.test.context.TestContext.getApplicationContext(TestContext.java:304)
	... 30 more
Caused by: org.springframework.beans.factory.BeanCreationException: Error creating bean with name &apos;entityManagerFactory&apos; defined in file [C:\Projects\RooRelForce120M1\target\classes\META-INF\spring\applicationContext.xml]: Invocation of init method failed; nested exception is org.datanucleus.exceptions.NucleusException: Failed to get next element
	at org.springframework.beans.factory.support.AbstractAutowireCapableBeanFactory.initializeBean(AbstractAutowireCapableBeanFactory.java:1420)
	at org.springframework.beans.factory.support.AbstractAutowireCapableBeanFactory.doCreateBean(AbstractAutowireCapableBeanFactory.java:519)
	at org.springframework.beans.factory.support.AbstractAutowireCapableBeanFactory.createBean(AbstractAutowireCapableBeanFactory.java:456)
	at org.springframework.beans.factory.support.AbstractBeanFactory$1.getObject(AbstractBeanFactory.java:293)
	at org.springframework.beans.factory.support.DefaultSingletonBeanRegistry.getSingleton(DefaultSingletonBeanRegistry.java:222)
	at org.springframework.beans.factory.support.AbstractBeanFactory.doGetBean(AbstractBeanFactory.java:290)
	at org.springframework.beans.factory.support.AbstractBeanFactory.getBean(AbstractBeanFactory.java:192)
	at org.springframework.beans.factory.support.BeanDefinitionValueResolver.resolveReference(BeanDefinitionValueResolver.java:322)
	... 46 more
Caused by: org.datanucleus.exceptions.NucleusException: Failed to get next element
	at com.force.sdk.jpa.schema.ForceStoreSchemaHandler.cacheDescribeSObjects(ForceStoreSchemaHandler.java:153)
	at com.force.sdk.jpa.ForceStoreManager.preInitialiseFileMetaData(ForceStoreManager.java:309)
	at com.force.sdk.jpa.ForceMetaDataManager.initialiseFileMetaDataForUse(ForceMetaDataManager.java:262)
	at org.datanucleus.metadata.MetaDataManager.loadPersistenceUnit(MetaDataManager.java:854)
	at com.force.sdk.jpa.ForceMetaDataManager.loadPersistenceUnit(ForceMetaDataManager.java:113)
	at org.datanucleus.jpa.EntityManagerFactoryImpl.initialisePMF(EntityManagerFactoryImpl.java:598)
	at org.datanucleus.jpa.EntityManagerFactoryImpl.&lt;init&gt;(EntityManagerFactoryImpl.java:282)
	at com.force.sdk.jpa.ForceEntityManagerFactory.&lt;init&gt;(ForceEntityManagerFactory.java:53)
	at com.force.sdk.jpa.PersistenceProviderImpl.createContainerEntityManagerFactory(PersistenceProviderImpl.java:59)
	at org.springframework.orm.jpa.LocalContainerEntityManagerFactoryBean.createNativeEntityManagerFactory(LocalContainerEntityManagerFactoryBean.java:225)
	at org.springframework.orm.jpa.AbstractEntityManagerFactoryBean.afterPropertiesSet(AbstractEntityManagerFactoryBean.java:310)
	at org.springframework.beans.factory.support.AbstractAutowireCapableBeanFactory.invokeInitMethods(AbstractAutowireCapableBeanFactory.java:1477)
	at org.springframework.beans.factory.support.AbstractAutowireCapableBeanFactory.initializeBean(AbstractAutowireCapableBeanFactory.java:1417)
	... 53 more
Caused by: com.sforce.ws.ConnectionException: Failed to get next element
	at com.sforce.ws.parser.XmlInputStream.nextTag(XmlInputStream.java:168)
	at com.sforce.ws.transport.SoapConnection.readSoapEnvelopeStart(SoapConnection.java:249)
	at com.sforce.ws.transport.SoapConnection.bind(SoapConnection.java:163)
	at com.sforce.ws.transport.SoapConnection.receive(SoapConnection.java:147)
	at com.sforce.ws.transport.SoapConnection.send(SoapConnection.java:98)
	at com.sforce.soap.partner.PartnerConnection.login(PartnerConnection.java:1664)
	at com.sforce.soap.partner.PartnerConnection.&lt;init&gt;(PartnerConnection.java:430)
	at com.sforce.soap.partner.Connector.newConnection(Connector.java:27)
	at com.force.sdk.connector.ForceServiceConnector.initConnection(ForceServiceConnector.java:260)
	at com.force.sdk.connector.ForceServiceConnector.initMetadataConnection(ForceServiceConnector.java:416)
	at com.force.sdk.connector.ForceServiceConnector.getNamespace(ForceServiceConnector.java:492)
	at com.force.sdk.jpa.ForceManagedConnection.getNamespace(ForceManagedConnection.java:111)
	at com.force.sdk.jpa.schema.ForceStoreSchemaHandler.cacheDescribeSObjects(ForceStoreSchemaHandler.java:124)
	... 65 more
Caused by: com.sforce.ws.parser.XmlPullParserException: only whitespace content allowed before start tag and not r (position: START_DOCUMENT seen r... @1:1) 
	at com.sforce.ws.parser.MXParser.parseProlog(MXParser.java:1505)
	at com.sforce.ws.parser.MXParser.nextImpl(MXParser.java:1382)
	at com.sforce.ws.parser.MXParser.next(MXParser.java:1085)
	at com.sforce.ws.parser.MXParser.nextTag(MXParser.java:1070)
	at com.sforce.ws.parser.XmlInputStream.nextTag(XmlInputStream.java:166)
	... 77 more
</error>
    <system-out>2011-09-23 09:29:47,359 [main] ERROR org.springframework.test.context.TestContextManager - Caught exception while allowing TestExecutionListener [org.springframework.test.context.support.DependencyInjectionTestExecutionListener@ffd135] to prepare test instance [com.serjann.force.domain.MechIntegrationTest@f1f34a]
java.lang.IllegalStateException: Failed to load ApplicationContext
	at org.springframework.test.context.TestContext.getApplicationContext(TestContext.java:308)
	at org.springframework.test.context.support.DependencyInjectionTestExecutionListener.injectDependencies(DependencyInjectionTestExecutionListener.java:109)
	at org.springframework.test.context.support.DependencyInjectionTestExecutionListener.prepareTestInstance(DependencyInjectionTestExecutionListener.java:75)
	at org.springframework.test.context.TestContextManager.prepareTestInstance(TestContextManager.java:321)
	at org.springframework.test.context.junit4.SpringJUnit4ClassRunner.createTest(SpringJUnit4ClassRunner.java:211)
	at org.springframework.test.context.junit4.SpringJUnit4ClassRunner$1.runReflectiveCall(SpringJUnit4ClassRunner.java:287)
	at org.junit.internal.runners.model.ReflectiveCallable.run(ReflectiveCallable.java:15)
	at org.springframework.test.context.junit4.SpringJUnit4ClassRunner.methodBlock(SpringJUnit4ClassRunner.java:289)
	at org.springframework.test.context.junit4.SpringJUnit4ClassRunner.runChild(SpringJUnit4ClassRunner.java:231)
	at org.junit.runners.BlockJUnit4ClassRunner.runChild(BlockJUnit4ClassRunner.java:49)
	at org.junit.runners.ParentRunner$3.run(ParentRunner.java:193)
	at org.junit.runners.ParentRunner$1.schedule(ParentRunner.java:52)
	at org.junit.runners.ParentRunner.runChildren(ParentRunner.java:191)
	at org.junit.runners.ParentRunner.access$000(ParentRunner.java:42)
	at org.junit.runners.ParentRunner$2.evaluate(ParentRunner.java:184)
	at org.springframework.test.context.junit4.statements.RunBeforeTestClassCallbacks.evaluate(RunBeforeTestClassCallbacks.java:61)
	at org.springframework.test.context.junit4.statements.RunAfterTestClassCallbacks.evaluate(RunAfterTestClassCallbacks.java:70)
	at org.junit.runners.ParentRunner.run(ParentRunner.java:236)
	at org.springframework.test.context.junit4.SpringJUnit4ClassRunner.run(SpringJUnit4ClassRunner.java:174)
	at org.apache.maven.surefire.junit4.JUnit4TestSet.execute(JUnit4TestSet.java:53)
	at org.apache.maven.surefire.junit4.JUnit4Provider.executeTestSet(JUnit4Provider.java:119)
	at org.apache.maven.surefire.junit4.JUnit4Provider.invoke(JUnit4Provider.java:101)
	at sun.reflect.NativeMethodAccessorImpl.invoke0(Native Method)
	at sun.reflect.NativeMethodAccessorImpl.invoke(NativeMethodAccessorImpl.java:39)
	at sun.reflect.DelegatingMethodAccessorImpl.invoke(DelegatingMethodAccessorImpl.java:25)
	at java.lang.reflect.Method.invoke(Method.java:597)
	at org.apache.maven.surefire.booter.ProviderFactory$ClassLoaderProxy.invoke(ProviderFactory.java:103)
	at $Proxy0.invoke(Unknown Source)
	at org.apache.maven.surefire.booter.SurefireStarter.invokeProvider(SurefireStarter.java:150)
	at org.apache.maven.surefire.booter.SurefireStarter.runSuitesInProcess(SurefireStarter.java:91)
	at org.apache.maven.surefire.booter.ForkedBooter.main(ForkedBooter.java:69)
Caused by: org.springframework.beans.factory.BeanCreationException: Error creating bean with name &apos;transactionManager&apos; defined in file [C:\Projects\RooRelForce120M1\target\classes\META-INF\spring\applicationContext.xml]: Cannot resolve reference to bean &apos;entityManagerFactory&apos; while setting bean property &apos;entityManagerFactory&apos;; nested exception is org.springframework.beans.factory.BeanCreationException: Error creating bean with name &apos;entityManagerFactory&apos; defined in file [C:\Projects\RooRelForce120M1\target\classes\META-INF\spring\applicationContext.xml]: Invocation of init method failed; nested exception is org.datanucleus.exceptions.NucleusException: Failed to get next element
	at org.springframework.beans.factory.support.BeanDefinitionValueResolver.resolveReference(BeanDefinitionValueResolver.java:328)
	at org.springframework.beans.factory.support.BeanDefinitionValueResolver.resolveValueIfNecessary(BeanDefinitionValueResolver.java:106)
	at org.springframework.beans.factory.support.AbstractAutowireCapableBeanFactory.applyPropertyValues(AbstractAutowireCapableBeanFactory.java:1325)
	at org.springframework.beans.factory.support.AbstractAutowireCapableBeanFactory.populateBean(AbstractAutowireCapableBeanFactory.java:1086)
	at org.springframework.beans.factory.support.AbstractAutowireCapableBeanFactory.doCreateBean(AbstractAutowireCapableBeanFactory.java:517)
	at org.springframework.beans.factory.support.AbstractAutowireCapableBeanFactory.createBean(AbstractAutowireCapableBeanFactory.java:456)
	at org.springframework.beans.factory.support.AbstractBeanFactory$1.getObject(AbstractBeanFactory.java:293)
	at org.springframework.beans.factory.support.DefaultSingletonBeanRegistry.getSingleton(DefaultSingletonBeanRegistry.java:222)
	at org.springframework.beans.factory.support.AbstractBeanFactory.doGetBean(AbstractBeanFactory.java:290)
	at org.springframework.beans.factory.support.AbstractBeanFactory.getBean(AbstractBeanFactory.java:192)
	at org.springframework.beans.factory.support.DefaultListableBeanFactory.preInstantiateSingletons(DefaultListableBeanFactory.java:585)
	at org.springframework.context.support.AbstractApplicationContext.finishBeanFactoryInitialization(AbstractApplicationContext.java:895)
	at org.springframework.context.support.AbstractApplicationContext.refresh(AbstractApplicationContext.java:425)
	at org.springframework.test.context.support.AbstractGenericContextLoader.loadContext(AbstractGenericContextLoader.java:84)
	at org.springframework.test.context.support.AbstractGenericContextLoader.loadContext(AbstractGenericContextLoader.java:1)
	at org.springframework.test.context.TestContext.loadApplicationContext(TestContext.java:280)
	at org.springframework.test.context.TestContext.getApplicationContext(TestContext.java:304)
	... 30 more
Caused by: org.springframework.beans.factory.BeanCreationException: Error creating bean with name &apos;entityManagerFactory&apos; defined in file [C:\Projects\RooRelForce120M1\target\classes\META-INF\spring\applicationContext.xml]: Invocation of init method failed; nested exception is org.datanucleus.exceptions.NucleusException: Failed to get next element
	at org.springframework.beans.factory.support.AbstractAutowireCapableBeanFactory.initializeBean(AbstractAutowireCapableBeanFactory.java:1420)
	at org.springframework.beans.factory.support.AbstractAutowireCapableBeanFactory.doCreateBean(AbstractAutowireCapableBeanFactory.java:519)
	at org.springframework.beans.factory.support.AbstractAutowireCapableBeanFactory.createBean(AbstractAutowireCapableBeanFactory.java:456)
	at org.springframework.beans.factory.support.AbstractBeanFactory$1.getObject(AbstractBeanFactory.java:293)
	at org.springframework.beans.factory.support.DefaultSingletonBeanRegistry.getSingleton(DefaultSingletonBeanRegistry.java:222)
	at org.springframework.beans.factory.support.AbstractBeanFactory.doGetBean(AbstractBeanFactory.java:290)
	at org.springframework.beans.factory.support.AbstractBeanFactory.getBean(AbstractBeanFactory.java:192)
	at org.springframework.beans.factory.support.BeanDefinitionValueResolver.resolveReference(BeanDefinitionValueResolver.java:322)
	... 46 more
Caused by: org.datanucleus.exceptions.NucleusException: Failed to get next element
	at com.force.sdk.jpa.schema.ForceStoreSchemaHandler.cacheDescribeSObjects(ForceStoreSchemaHandler.java:153)
	at com.force.sdk.jpa.ForceStoreManager.preInitialiseFileMetaData(ForceStoreManager.java:309)
	at com.force.sdk.jpa.ForceMetaDataManager.initialiseFileMetaDataForUse(ForceMetaDataManager.java:262)
	at org.datanucleus.metadata.MetaDataManager.loadPersistenceUnit(MetaDataManager.java:854)
	at com.force.sdk.jpa.ForceMetaDataManager.loadPersistenceUnit(ForceMetaDataManager.java:113)
	at org.datanucleus.jpa.EntityManagerFactoryImpl.initialisePMF(EntityManagerFactoryImpl.java:598)
	at org.datanucleus.jpa.EntityManagerFactoryImpl.&lt;init&gt;(EntityManagerFactoryImpl.java:282)
	at com.force.sdk.jpa.ForceEntityManagerFactory.&lt;init&gt;(ForceEntityManagerFactory.java:53)
	at com.force.sdk.jpa.PersistenceProviderImpl.createContainerEntityManagerFactory(PersistenceProviderImpl.java:59)
	at org.springframework.orm.jpa.LocalContainerEntityManagerFactoryBean.createNativeEntityManagerFactory(LocalContainerEntityManagerFactoryBean.java:225)
	at org.springframework.orm.jpa.AbstractEntityManagerFactoryBean.afterPropertiesSet(AbstractEntityManagerFactoryBean.java:310)
	at org.springframework.beans.factory.support.AbstractAutowireCapableBeanFactory.invokeInitMethods(AbstractAutowireCapableBeanFactory.java:1477)
	at org.springframework.beans.factory.support.AbstractAutowireCapableBeanFactory.initializeBean(AbstractAutowireCapableBeanFactory.java:1417)
	... 53 more
Caused by: com.sforce.ws.ConnectionException: Failed to get next element
	at com.sforce.ws.parser.XmlInputStream.nextTag(XmlInputStream.java:168)
	at com.sforce.ws.transport.SoapConnection.readSoapEnvelopeStart(SoapConnection.java:249)
	at com.sforce.ws.transport.SoapConnection.bind(SoapConnection.java:163)
	at com.sforce.ws.transport.SoapConnection.receive(SoapConnection.java:147)
	at com.sforce.ws.transport.SoapConnection.send(SoapConnection.java:98)
	at com.sforce.soap.partner.PartnerConnection.login(PartnerConnection.java:1664)
	at com.sforce.soap.partner.PartnerConnection.&lt;init&gt;(PartnerConnection.java:430)
	at com.sforce.soap.partner.Connector.newConnection(Connector.java:27)
	at com.force.sdk.connector.ForceServiceConnector.initConnection(ForceServiceConnector.java:260)
	at com.force.sdk.connector.ForceServiceConnector.initMetadataConnection(ForceServiceConnector.java:416)
	at com.force.sdk.connector.ForceServiceConnector.getNamespace(ForceServiceConnector.java:492)
	at com.force.sdk.jpa.ForceManagedConnection.getNamespace(ForceManagedConnection.java:111)
	at com.force.sdk.jpa.schema.ForceStoreSchemaHandler.cacheDescribeSObjects(ForceStoreSchemaHandler.java:124)
	... 65 more
Caused by: com.sforce.ws.parser.XmlPullParserException: only whitespace content allowed before start tag and not r (position: START_DOCUMENT seen r... @1:1) 
	at com.sforce.ws.parser.MXParser.parseProlog(MXParser.java:1505)
	at com.sforce.ws.parser.MXParser.nextImpl(MXParser.java:1382)
	at com.sforce.ws.parser.MXParser.next(MXParser.java:1085)
	at com.sforce.ws.parser.MXParser.nextTag(MXParser.java:1070)
	at com.sforce.ws.parser.XmlInputStream.nextTag(XmlInputStream.java:166)
	... 77 more
</system-out>
  </testcase>
  <testcase time="0.093" classname="com.serjann.force.domain.MechIntegrationTest" name="testMergeUpdate">
    <error message="Failed to load ApplicationContext" type="java.lang.IllegalStateException">java.lang.IllegalStateException: Failed to load ApplicationContext
	at org.springframework.test.context.TestContext.getApplicationContext(TestContext.java:308)
	at org.springframework.test.context.support.DependencyInjectionTestExecutionListener.injectDependencies(DependencyInjectionTestExecutionListener.java:109)
	at org.springframework.test.context.support.DependencyInjectionTestExecutionListener.prepareTestInstance(DependencyInjectionTestExecutionListener.java:75)
	at org.springframework.test.context.TestContextManager.prepareTestInstance(TestContextManager.java:321)
	at org.springframework.test.context.junit4.SpringJUnit4ClassRunner.createTest(SpringJUnit4ClassRunner.java:211)
	at org.springframework.test.context.junit4.SpringJUnit4ClassRunner$1.runReflectiveCall(SpringJUnit4ClassRunner.java:287)
	at org.junit.internal.runners.model.ReflectiveCallable.run(ReflectiveCallable.java:15)
	at org.springframework.test.context.junit4.SpringJUnit4ClassRunner.methodBlock(SpringJUnit4ClassRunner.java:289)
	at org.springframework.test.context.junit4.SpringJUnit4ClassRunner.runChild(SpringJUnit4ClassRunner.java:231)
	at org.junit.runners.BlockJUnit4ClassRunner.runChild(BlockJUnit4ClassRunner.java:49)
	at org.junit.runners.ParentRunner$3.run(ParentRunner.java:193)
	at org.junit.runners.ParentRunner$1.schedule(ParentRunner.java:52)
	at org.junit.runners.ParentRunner.runChildren(ParentRunner.java:191)
	at org.junit.runners.ParentRunner.access$000(ParentRunner.java:42)
	at org.junit.runners.ParentRunner$2.evaluate(ParentRunner.java:184)
	at org.springframework.test.context.junit4.statements.RunBeforeTestClassCallbacks.evaluate(RunBeforeTestClassCallbacks.java:61)
	at org.springframework.test.context.junit4.statements.RunAfterTestClassCallbacks.evaluate(RunAfterTestClassCallbacks.java:70)
	at org.junit.runners.ParentRunner.run(ParentRunner.java:236)
	at org.springframework.test.context.junit4.SpringJUnit4ClassRunner.run(SpringJUnit4ClassRunner.java:174)
	at org.apache.maven.surefire.junit4.JUnit4TestSet.execute(JUnit4TestSet.java:53)
	at org.apache.maven.surefire.junit4.JUnit4Provider.executeTestSet(JUnit4Provider.java:119)
	at org.apache.maven.surefire.junit4.JUnit4Provider.invoke(JUnit4Provider.java:101)
	at sun.reflect.NativeMethodAccessorImpl.invoke0(Native Method)
	at sun.reflect.NativeMethodAccessorImpl.invoke(NativeMethodAccessorImpl.java:39)
	at sun.reflect.DelegatingMethodAccessorImpl.invoke(DelegatingMethodAccessorImpl.java:25)
	at java.lang.reflect.Method.invoke(Method.java:597)
	at org.apache.maven.surefire.booter.ProviderFactory$ClassLoaderProxy.invoke(ProviderFactory.java:103)
	at $Proxy0.invoke(Unknown Source)
	at org.apache.maven.surefire.booter.SurefireStarter.invokeProvider(SurefireStarter.java:150)
	at org.apache.maven.surefire.booter.SurefireStarter.runSuitesInProcess(SurefireStarter.java:91)
	at org.apache.maven.surefire.booter.ForkedBooter.main(ForkedBooter.java:69)
Caused by: org.springframework.beans.factory.BeanCreationException: Error creating bean with name &apos;transactionManager&apos; defined in file [C:\Projects\RooRelForce120M1\target\classes\META-INF\spring\applicationContext.xml]: Cannot resolve reference to bean &apos;entityManagerFactory&apos; while setting bean property &apos;entityManagerFactory&apos;; nested exception is org.springframework.beans.factory.BeanCreationException: Error creating bean with name &apos;entityManagerFactory&apos; defined in file [C:\Projects\RooRelForce120M1\target\classes\META-INF\spring\applicationContext.xml]: Invocation of init method failed; nested exception is org.datanucleus.exceptions.NucleusException: Failed to get next element
	at org.springframework.beans.factory.support.BeanDefinitionValueResolver.resolveReference(BeanDefinitionValueResolver.java:328)
	at org.springframework.beans.factory.support.BeanDefinitionValueResolver.resolveValueIfNecessary(BeanDefinitionValueResolver.java:106)
	at org.springframework.beans.factory.support.AbstractAutowireCapableBeanFactory.applyPropertyValues(AbstractAutowireCapableBeanFactory.java:1325)
	at org.springframework.beans.factory.support.AbstractAutowireCapableBeanFactory.populateBean(AbstractAutowireCapableBeanFactory.java:1086)
	at org.springframework.beans.factory.support.AbstractAutowireCapableBeanFactory.doCreateBean(AbstractAutowireCapableBeanFactory.java:517)
	at org.springframework.beans.factory.support.AbstractAutowireCapableBeanFactory.createBean(AbstractAutowireCapableBeanFactory.java:456)
	at org.springframework.beans.factory.support.AbstractBeanFactory$1.getObject(AbstractBeanFactory.java:293)
	at org.springframework.beans.factory.support.DefaultSingletonBeanRegistry.getSingleton(DefaultSingletonBeanRegistry.java:222)
	at org.springframework.beans.factory.support.AbstractBeanFactory.doGetBean(AbstractBeanFactory.java:290)
	at org.springframework.beans.factory.support.AbstractBeanFactory.getBean(AbstractBeanFactory.java:192)
	at org.springframework.beans.factory.support.DefaultListableBeanFactory.preInstantiateSingletons(DefaultListableBeanFactory.java:585)
	at org.springframework.context.support.AbstractApplicationContext.finishBeanFactoryInitialization(AbstractApplicationContext.java:895)
	at org.springframework.context.support.AbstractApplicationContext.refresh(AbstractApplicationContext.java:425)
	at org.springframework.test.context.support.AbstractGenericContextLoader.loadContext(AbstractGenericContextLoader.java:84)
	at org.springframework.test.context.support.AbstractGenericContextLoader.loadContext(AbstractGenericContextLoader.java:1)
	at org.springframework.test.context.TestContext.loadApplicationContext(TestContext.java:280)
	at org.springframework.test.context.TestContext.getApplicationContext(TestContext.java:304)
	... 30 more
Caused by: org.springframework.beans.factory.BeanCreationException: Error creating bean with name &apos;entityManagerFactory&apos; defined in file [C:\Projects\RooRelForce120M1\target\classes\META-INF\spring\applicationContext.xml]: Invocation of init method failed; nested exception is org.datanucleus.exceptions.NucleusException: Failed to get next element
	at org.springframework.beans.factory.support.AbstractAutowireCapableBeanFactory.initializeBean(AbstractAutowireCapableBeanFactory.java:1420)
	at org.springframework.beans.factory.support.AbstractAutowireCapableBeanFactory.doCreateBean(AbstractAutowireCapableBeanFactory.java:519)
	at org.springframework.beans.factory.support.AbstractAutowireCapableBeanFactory.createBean(AbstractAutowireCapableBeanFactory.java:456)
	at org.springframework.beans.factory.support.AbstractBeanFactory$1.getObject(AbstractBeanFactory.java:293)
	at org.springframework.beans.factory.support.DefaultSingletonBeanRegistry.getSingleton(DefaultSingletonBeanRegistry.java:222)
	at org.springframework.beans.factory.support.AbstractBeanFactory.doGetBean(AbstractBeanFactory.java:290)
	at org.springframework.beans.factory.support.AbstractBeanFactory.getBean(AbstractBeanFactory.java:192)
	at org.springframework.beans.factory.support.BeanDefinitionValueResolver.resolveReference(BeanDefinitionValueResolver.java:322)
	... 46 more
Caused by: org.datanucleus.exceptions.NucleusException: Failed to get next element
	at com.force.sdk.jpa.schema.ForceStoreSchemaHandler.cacheDescribeSObjects(ForceStoreSchemaHandler.java:153)
	at com.force.sdk.jpa.ForceStoreManager.preInitialiseFileMetaData(ForceStoreManager.java:309)
	at com.force.sdk.jpa.ForceMetaDataManager.initialiseFileMetaDataForUse(ForceMetaDataManager.java:262)
	at org.datanucleus.metadata.MetaDataManager.loadPersistenceUnit(MetaDataManager.java:854)
	at com.force.sdk.jpa.ForceMetaDataManager.loadPersistenceUnit(ForceMetaDataManager.java:113)
	at org.datanucleus.jpa.EntityManagerFactoryImpl.initialisePMF(EntityManagerFactoryImpl.java:598)
	at org.datanucleus.jpa.EntityManagerFactoryImpl.&lt;init&gt;(EntityManagerFactoryImpl.java:282)
	at com.force.sdk.jpa.ForceEntityManagerFactory.&lt;init&gt;(ForceEntityManagerFactory.java:53)
	at com.force.sdk.jpa.PersistenceProviderImpl.createContainerEntityManagerFactory(PersistenceProviderImpl.java:59)
	at org.springframework.orm.jpa.LocalContainerEntityManagerFactoryBean.createNativeEntityManagerFactory(LocalContainerEntityManagerFactoryBean.java:225)
	at org.springframework.orm.jpa.AbstractEntityManagerFactoryBean.afterPropertiesSet(AbstractEntityManagerFactoryBean.java:310)
	at org.springframework.beans.factory.support.AbstractAutowireCapableBeanFactory.invokeInitMethods(AbstractAutowireCapableBeanFactory.java:1477)
	at org.springframework.beans.factory.support.AbstractAutowireCapableBeanFactory.initializeBean(AbstractAutowireCapableBeanFactory.java:1417)
	... 53 more
Caused by: com.sforce.ws.ConnectionException: Failed to get next element
	at com.sforce.ws.parser.XmlInputStream.nextTag(XmlInputStream.java:168)
	at com.sforce.ws.transport.SoapConnection.readSoapEnvelopeStart(SoapConnection.java:249)
	at com.sforce.ws.transport.SoapConnection.bind(SoapConnection.java:163)
	at com.sforce.ws.transport.SoapConnection.receive(SoapConnection.java:147)
	at com.sforce.ws.transport.SoapConnection.send(SoapConnection.java:98)
	at com.sforce.soap.partner.PartnerConnection.login(PartnerConnection.java:1664)
	at com.sforce.soap.partner.PartnerConnection.&lt;init&gt;(PartnerConnection.java:430)
	at com.sforce.soap.partner.Connector.newConnection(Connector.java:27)
	at com.force.sdk.connector.ForceServiceConnector.initConnection(ForceServiceConnector.java:260)
	at com.force.sdk.connector.ForceServiceConnector.initMetadataConnection(ForceServiceConnector.java:416)
	at com.force.sdk.connector.ForceServiceConnector.getNamespace(ForceServiceConnector.java:492)
	at com.force.sdk.jpa.ForceManagedConnection.getNamespace(ForceManagedConnection.java:111)
	at com.force.sdk.jpa.schema.ForceStoreSchemaHandler.cacheDescribeSObjects(ForceStoreSchemaHandler.java:124)
	... 65 more
Caused by: com.sforce.ws.parser.XmlPullParserException: only whitespace content allowed before start tag and not \ufffd (position: START_DOCUMENT seen \ufffd... @1:1) 
	at com.sforce.ws.parser.MXParser.parseProlog(MXParser.java:1505)
	at com.sforce.ws.parser.MXParser.nextImpl(MXParser.java:1382)
	at com.sforce.ws.parser.MXParser.next(MXParser.java:1085)
	at com.sforce.ws.parser.MXParser.nextTag(MXParser.java:1070)
	at com.sforce.ws.parser.XmlInputStream.nextTag(XmlInputStream.java:166)
	... 77 more
</error>
    <system-out>2011-09-23 09:29:47,468 [main] ERROR org.springframework.test.context.TestContextManager - Caught exception while allowing TestExecutionListener [org.springframework.test.context.support.DependencyInjectionTestExecutionListener@ffd135] to prepare test instance [com.serjann.force.domain.MechIntegrationTest@48cd13]
java.lang.IllegalStateException: Failed to load ApplicationContext
	at org.springframework.test.context.TestContext.getApplicationContext(TestContext.java:308)
	at org.springframework.test.context.support.DependencyInjectionTestExecutionListener.injectDependencies(DependencyInjectionTestExecutionListener.java:109)
	at org.springframework.test.context.support.DependencyInjectionTestExecutionListener.prepareTestInstance(DependencyInjectionTestExecutionListener.java:75)
	at org.springframework.test.context.TestContextManager.prepareTestInstance(TestContextManager.java:321)
	at org.springframework.test.context.junit4.SpringJUnit4ClassRunner.createTest(SpringJUnit4ClassRunner.java:211)
	at org.springframework.test.context.junit4.SpringJUnit4ClassRunner$1.runReflectiveCall(SpringJUnit4ClassRunner.java:287)
	at org.junit.internal.runners.model.ReflectiveCallable.run(ReflectiveCallable.java:15)
	at org.springframework.test.context.junit4.SpringJUnit4ClassRunner.methodBlock(SpringJUnit4ClassRunner.java:289)
	at org.springframework.test.context.junit4.SpringJUnit4ClassRunner.runChild(SpringJUnit4ClassRunner.java:231)
	at org.junit.runners.BlockJUnit4ClassRunner.runChild(BlockJUnit4ClassRunner.java:49)
	at org.junit.runners.ParentRunner$3.run(ParentRunner.java:193)
	at org.junit.runners.ParentRunner$1.schedule(ParentRunner.java:52)
	at org.junit.runners.ParentRunner.runChildren(ParentRunner.java:191)
	at org.junit.runners.ParentRunner.access$000(ParentRunner.java:42)
	at org.junit.runners.ParentRunner$2.evaluate(ParentRunner.java:184)
	at org.springframework.test.context.junit4.statements.RunBeforeTestClassCallbacks.evaluate(RunBeforeTestClassCallbacks.java:61)
	at org.springframework.test.context.junit4.statements.RunAfterTestClassCallbacks.evaluate(RunAfterTestClassCallbacks.java:70)
	at org.junit.runners.ParentRunner.run(ParentRunner.java:236)
	at org.springframework.test.context.junit4.SpringJUnit4ClassRunner.run(SpringJUnit4ClassRunner.java:174)
	at org.apache.maven.surefire.junit4.JUnit4TestSet.execute(JUnit4TestSet.java:53)
	at org.apache.maven.surefire.junit4.JUnit4Provider.executeTestSet(JUnit4Provider.java:119)
	at org.apache.maven.surefire.junit4.JUnit4Provider.invoke(JUnit4Provider.java:101)
	at sun.reflect.NativeMethodAccessorImpl.invoke0(Native Method)
	at sun.reflect.NativeMethodAccessorImpl.invoke(NativeMethodAccessorImpl.java:39)
	at sun.reflect.DelegatingMethodAccessorImpl.invoke(DelegatingMethodAccessorImpl.java:25)
	at java.lang.reflect.Method.invoke(Method.java:597)
	at org.apache.maven.surefire.booter.ProviderFactory$ClassLoaderProxy.invoke(ProviderFactory.java:103)
	at $Proxy0.invoke(Unknown Source)
	at org.apache.maven.surefire.booter.SurefireStarter.invokeProvider(SurefireStarter.java:150)
	at org.apache.maven.surefire.booter.SurefireStarter.runSuitesInProcess(SurefireStarter.java:91)
	at org.apache.maven.surefire.booter.ForkedBooter.main(ForkedBooter.java:69)
Caused by: org.springframework.beans.factory.BeanCreationException: Error creating bean with name &apos;transactionManager&apos; defined in file [C:\Projects\RooRelForce120M1\target\classes\META-INF\spring\applicationContext.xml]: Cannot resolve reference to bean &apos;entityManagerFactory&apos; while setting bean property &apos;entityManagerFactory&apos;; nested exception is org.springframework.beans.factory.BeanCreationException: Error creating bean with name &apos;entityManagerFactory&apos; defined in file [C:\Projects\RooRelForce120M1\target\classes\META-INF\spring\applicationContext.xml]: Invocation of init method failed; nested exception is org.datanucleus.exceptions.NucleusException: Failed to get next element
	at org.springframework.beans.factory.support.BeanDefinitionValueResolver.resolveReference(BeanDefinitionValueResolver.java:328)
	at org.springframework.beans.factory.support.BeanDefinitionValueResolver.resolveValueIfNecessary(BeanDefinitionValueResolver.java:106)
	at org.springframework.beans.factory.support.AbstractAutowireCapableBeanFactory.applyPropertyValues(AbstractAutowireCapableBeanFactory.java:1325)
	at org.springframework.beans.factory.support.AbstractAutowireCapableBeanFactory.populateBean(AbstractAutowireCapableBeanFactory.java:1086)
	at org.springframework.beans.factory.support.AbstractAutowireCapableBeanFactory.doCreateBean(AbstractAutowireCapableBeanFactory.java:517)
	at org.springframework.beans.factory.support.AbstractAutowireCapableBeanFactory.createBean(AbstractAutowireCapableBeanFactory.java:456)
	at org.springframework.beans.factory.support.AbstractBeanFactory$1.getObject(AbstractBeanFactory.java:293)
	at org.springframework.beans.factory.support.DefaultSingletonBeanRegistry.getSingleton(DefaultSingletonBeanRegistry.java:222)
	at org.springframework.beans.factory.support.AbstractBeanFactory.doGetBean(AbstractBeanFactory.java:290)
	at org.springframework.beans.factory.support.AbstractBeanFactory.getBean(AbstractBeanFactory.java:192)
	at org.springframework.beans.factory.support.DefaultListableBeanFactory.preInstantiateSingletons(DefaultListableBeanFactory.java:585)
	at org.springframework.context.support.AbstractApplicationContext.finishBeanFactoryInitialization(AbstractApplicationContext.java:895)
	at org.springframework.context.support.AbstractApplicationContext.refresh(AbstractApplicationContext.java:425)
	at org.springframework.test.context.support.AbstractGenericContextLoader.loadContext(AbstractGenericContextLoader.java:84)
	at org.springframework.test.context.support.AbstractGenericContextLoader.loadContext(AbstractGenericContextLoader.java:1)
	at org.springframework.test.context.TestContext.loadApplicationContext(TestContext.java:280)
	at org.springframework.test.context.TestContext.getApplicationContext(TestContext.java:304)
	... 30 more
Caused by: org.springframework.beans.factory.BeanCreationException: Error creating bean with name &apos;entityManagerFactory&apos; defined in file [C:\Projects\RooRelForce120M1\target\classes\META-INF\spring\applicationContext.xml]: Invocation of init method failed; nested exception is org.datanucleus.exceptions.NucleusException: Failed to get next element
	at org.springframework.beans.factory.support.AbstractAutowireCapableBeanFactory.initializeBean(AbstractAutowireCapableBeanFactory.java:1420)
	at org.springframework.beans.factory.support.AbstractAutowireCapableBeanFactory.doCreateBean(AbstractAutowireCapableBeanFactory.java:519)
	at org.springframework.beans.factory.support.AbstractAutowireCapableBeanFactory.createBean(AbstractAutowireCapableBeanFactory.java:456)
	at org.springframework.beans.factory.support.AbstractBeanFactory$1.getObject(AbstractBeanFactory.java:293)
	at org.springframework.beans.factory.support.DefaultSingletonBeanRegistry.getSingleton(DefaultSingletonBeanRegistry.java:222)
	at org.springframework.beans.factory.support.AbstractBeanFactory.doGetBean(AbstractBeanFactory.java:290)
	at org.springframework.beans.factory.support.AbstractBeanFactory.getBean(AbstractBeanFactory.java:192)
	at org.springframework.beans.factory.support.BeanDefinitionValueResolver.resolveReference(BeanDefinitionValueResolver.java:322)
	... 46 more
Caused by: org.datanucleus.exceptions.NucleusException: Failed to get next element
	at com.force.sdk.jpa.schema.ForceStoreSchemaHandler.cacheDescribeSObjects(ForceStoreSchemaHandler.java:153)
	at com.force.sdk.jpa.ForceStoreManager.preInitialiseFileMetaData(ForceStoreManager.java:309)
	at com.force.sdk.jpa.ForceMetaDataManager.initialiseFileMetaDataForUse(ForceMetaDataManager.java:262)
	at org.datanucleus.metadata.MetaDataManager.loadPersistenceUnit(MetaDataManager.java:854)
	at com.force.sdk.jpa.ForceMetaDataManager.loadPersistenceUnit(ForceMetaDataManager.java:113)
	at org.datanucleus.jpa.EntityManagerFactoryImpl.initialisePMF(EntityManagerFactoryImpl.java:598)
	at org.datanucleus.jpa.EntityManagerFactoryImpl.&lt;init&gt;(EntityManagerFactoryImpl.java:282)
	at com.force.sdk.jpa.ForceEntityManagerFactory.&lt;init&gt;(ForceEntityManagerFactory.java:53)
	at com.force.sdk.jpa.PersistenceProviderImpl.createContainerEntityManagerFactory(PersistenceProviderImpl.java:59)
	at org.springframework.orm.jpa.LocalContainerEntityManagerFactoryBean.createNativeEntityManagerFactory(LocalContainerEntityManagerFactoryBean.java:225)
	at org.springframework.orm.jpa.AbstractEntityManagerFactoryBean.afterPropertiesSet(AbstractEntityManagerFactoryBean.java:310)
	at org.springframework.beans.factory.support.AbstractAutowireCapableBeanFactory.invokeInitMethods(AbstractAutowireCapableBeanFactory.java:1477)
	at org.springframework.beans.factory.support.AbstractAutowireCapableBeanFactory.initializeBean(AbstractAutowireCapableBeanFactory.java:1417)
	... 53 more
Caused by: com.sforce.ws.ConnectionException: Failed to get next element
	at com.sforce.ws.parser.XmlInputStream.nextTag(XmlInputStream.java:168)
	at com.sforce.ws.transport.SoapConnection.readSoapEnvelopeStart(SoapConnection.java:249)
	at com.sforce.ws.transport.SoapConnection.bind(SoapConnection.java:163)
	at com.sforce.ws.transport.SoapConnection.receive(SoapConnection.java:147)
	at com.sforce.ws.transport.SoapConnection.send(SoapConnection.java:98)
	at com.sforce.soap.partner.PartnerConnection.login(PartnerConnection.java:1664)
	at com.sforce.soap.partner.PartnerConnection.&lt;init&gt;(PartnerConnection.java:430)
	at com.sforce.soap.partner.Connector.newConnection(Connector.java:27)
	at com.force.sdk.connector.ForceServiceConnector.initConnection(ForceServiceConnector.java:260)
	at com.force.sdk.connector.ForceServiceConnector.initMetadataConnection(ForceServiceConnector.java:416)
	at com.force.sdk.connector.ForceServiceConnector.getNamespace(ForceServiceConnector.java:492)
	at com.force.sdk.jpa.ForceManagedConnection.getNamespace(ForceManagedConnection.java:111)
	at com.force.sdk.jpa.schema.ForceStoreSchemaHandler.cacheDescribeSObjects(ForceStoreSchemaHandler.java:124)
	... 65 more
Caused by: com.sforce.ws.parser.XmlPullParserException: only whitespace content allowed before start tag and not \ufffd (position: START_DOCUMENT seen \ufffd... @1:1) 
	at com.sforce.ws.parser.MXParser.parseProlog(MXParser.java:1505)
	at com.sforce.ws.parser.MXParser.nextImpl(MXParser.java:1382)
	at com.sforce.ws.parser.MXParser.next(MXParser.java:1085)
	at com.sforce.ws.parser.MXParser.nextTag(MXParser.java:1070)
	at com.sforce.ws.parser.XmlInputStream.nextTag(XmlInputStream.java:166)
	... 77 more
</system-out>
  </testcase>
  <testcase time="0.141" classname="com.serjann.force.domain.MechIntegrationTest" name="testPersist">
    <error message="Failed to load ApplicationContext" type="java.lang.IllegalStateException">java.lang.IllegalStateException: Failed to load ApplicationContext
	at org.springframework.test.context.TestContext.getApplicationContext(TestContext.java:308)
	at org.springframework.test.context.support.DependencyInjectionTestExecutionListener.injectDependencies(DependencyInjectionTestExecutionListener.java:109)
	at org.springframework.test.context.support.DependencyInjectionTestExecutionListener.prepareTestInstance(DependencyInjectionTestExecutionListener.java:75)
	at org.springframework.test.context.TestContextManager.prepareTestInstance(TestContextManager.java:321)
	at org.springframework.test.context.junit4.SpringJUnit4ClassRunner.createTest(SpringJUnit4ClassRunner.java:211)
	at org.springframework.test.context.junit4.SpringJUnit4ClassRunner$1.runReflectiveCall(SpringJUnit4ClassRunner.java:287)
	at org.junit.internal.runners.model.ReflectiveCallable.run(ReflectiveCallable.java:15)
	at org.springframework.test.context.junit4.SpringJUnit4ClassRunner.methodBlock(SpringJUnit4ClassRunner.java:289)
	at org.springframework.test.context.junit4.SpringJUnit4ClassRunner.runChild(SpringJUnit4ClassRunner.java:231)
	at org.junit.runners.BlockJUnit4ClassRunner.runChild(BlockJUnit4ClassRunner.java:49)
	at org.junit.runners.ParentRunner$3.run(ParentRunner.java:193)
	at org.junit.runners.ParentRunner$1.schedule(ParentRunner.java:52)
	at org.junit.runners.ParentRunner.runChildren(ParentRunner.java:191)
	at org.junit.runners.ParentRunner.access$000(ParentRunner.java:42)
	at org.junit.runners.ParentRunner$2.evaluate(ParentRunner.java:184)
	at org.springframework.test.context.junit4.statements.RunBeforeTestClassCallbacks.evaluate(RunBeforeTestClassCallbacks.java:61)
	at org.springframework.test.context.junit4.statements.RunAfterTestClassCallbacks.evaluate(RunAfterTestClassCallbacks.java:70)
	at org.junit.runners.ParentRunner.run(ParentRunner.java:236)
	at org.springframework.test.context.junit4.SpringJUnit4ClassRunner.run(SpringJUnit4ClassRunner.java:174)
	at org.apache.maven.surefire.junit4.JUnit4TestSet.execute(JUnit4TestSet.java:53)
	at org.apache.maven.surefire.junit4.JUnit4Provider.executeTestSet(JUnit4Provider.java:119)
	at org.apache.maven.surefire.junit4.JUnit4Provider.invoke(JUnit4Provider.java:101)
	at sun.reflect.NativeMethodAccessorImpl.invoke0(Native Method)
	at sun.reflect.NativeMethodAccessorImpl.invoke(NativeMethodAccessorImpl.java:39)
	at sun.reflect.DelegatingMethodAccessorImpl.invoke(DelegatingMethodAccessorImpl.java:25)
	at java.lang.reflect.Method.invoke(Method.java:597)
	at org.apache.maven.surefire.booter.ProviderFactory$ClassLoaderProxy.invoke(ProviderFactory.java:103)
	at $Proxy0.invoke(Unknown Source)
	at org.apache.maven.surefire.booter.SurefireStarter.invokeProvider(SurefireStarter.java:150)
	at org.apache.maven.surefire.booter.SurefireStarter.runSuitesInProcess(SurefireStarter.java:91)
	at org.apache.maven.surefire.booter.ForkedBooter.main(ForkedBooter.java:69)
Caused by: org.springframework.beans.factory.BeanCreationException: Error creating bean with name &apos;transactionManager&apos; defined in file [C:\Projects\RooRelForce120M1\target\classes\META-INF\spring\applicationContext.xml]: Cannot resolve reference to bean &apos;entityManagerFactory&apos; while setting bean property &apos;entityManagerFactory&apos;; nested exception is org.springframework.beans.factory.BeanCreationException: Error creating bean with name &apos;entityManagerFactory&apos; defined in file [C:\Projects\RooRelForce120M1\target\classes\META-INF\spring\applicationContext.xml]: Invocation of init method failed; nested exception is org.datanucleus.exceptions.NucleusException: Failed to get next element
	at org.springframework.beans.factory.support.BeanDefinitionValueResolver.resolveReference(BeanDefinitionValueResolver.java:328)
	at org.springframework.beans.factory.support.BeanDefinitionValueResolver.resolveValueIfNecessary(BeanDefinitionValueResolver.java:106)
	at org.springframework.beans.factory.support.AbstractAutowireCapableBeanFactory.applyPropertyValues(AbstractAutowireCapableBeanFactory.java:1325)
	at org.springframework.beans.factory.support.AbstractAutowireCapableBeanFactory.populateBean(AbstractAutowireCapableBeanFactory.java:1086)
	at org.springframework.beans.factory.support.AbstractAutowireCapableBeanFactory.doCreateBean(AbstractAutowireCapableBeanFactory.java:517)
	at org.springframework.beans.factory.support.AbstractAutowireCapableBeanFactory.createBean(AbstractAutowireCapableBeanFactory.java:456)
	at org.springframework.beans.factory.support.AbstractBeanFactory$1.getObject(AbstractBeanFactory.java:293)
	at org.springframework.beans.factory.support.DefaultSingletonBeanRegistry.getSingleton(DefaultSingletonBeanRegistry.java:222)
	at org.springframework.beans.factory.support.AbstractBeanFactory.doGetBean(AbstractBeanFactory.java:290)
	at org.springframework.beans.factory.support.AbstractBeanFactory.getBean(AbstractBeanFactory.java:192)
	at org.springframework.beans.factory.support.DefaultListableBeanFactory.preInstantiateSingletons(DefaultListableBeanFactory.java:585)
	at org.springframework.context.support.AbstractApplicationContext.finishBeanFactoryInitialization(AbstractApplicationContext.java:895)
	at org.springframework.context.support.AbstractApplicationContext.refresh(AbstractApplicationContext.java:425)
	at org.springframework.test.context.support.AbstractGenericContextLoader.loadContext(AbstractGenericContextLoader.java:84)
	at org.springframework.test.context.support.AbstractGenericContextLoader.loadContext(AbstractGenericContextLoader.java:1)
	at org.springframework.test.context.TestContext.loadApplicationContext(TestContext.java:280)
	at org.springframework.test.context.TestContext.getApplicationContext(TestContext.java:304)
	... 30 more
Caused by: org.springframework.beans.factory.BeanCreationException: Error creating bean with name &apos;entityManagerFactory&apos; defined in file [C:\Projects\RooRelForce120M1\target\classes\META-INF\spring\applicationContext.xml]: Invocation of init method failed; nested exception is org.datanucleus.exceptions.NucleusException: Failed to get next element
	at org.springframework.beans.factory.support.AbstractAutowireCapableBeanFactory.initializeBean(AbstractAutowireCapableBeanFactory.java:1420)
	at org.springframework.beans.factory.support.AbstractAutowireCapableBeanFactory.doCreateBean(AbstractAutowireCapableBeanFactory.java:519)
	at org.springframework.beans.factory.support.AbstractAutowireCapableBeanFactory.createBean(AbstractAutowireCapableBeanFactory.java:456)
	at org.springframework.beans.factory.support.AbstractBeanFactory$1.getObject(AbstractBeanFactory.java:293)
	at org.springframework.beans.factory.support.DefaultSingletonBeanRegistry.getSingleton(DefaultSingletonBeanRegistry.java:222)
	at org.springframework.beans.factory.support.AbstractBeanFactory.doGetBean(AbstractBeanFactory.java:290)
	at org.springframework.beans.factory.support.AbstractBeanFactory.getBean(AbstractBeanFactory.java:192)
	at org.springframework.beans.factory.support.BeanDefinitionValueResolver.resolveReference(BeanDefinitionValueResolver.java:322)
	... 46 more
Caused by: org.datanucleus.exceptions.NucleusException: Failed to get next element
	at com.force.sdk.jpa.schema.ForceStoreSchemaHandler.cacheDescribeSObjects(ForceStoreSchemaHandler.java:153)
	at com.force.sdk.jpa.ForceStoreManager.preInitialiseFileMetaData(ForceStoreManager.java:309)
	at com.force.sdk.jpa.ForceMetaDataManager.initialiseFileMetaDataForUse(ForceMetaDataManager.java:262)
	at org.datanucleus.metadata.MetaDataManager.loadPersistenceUnit(MetaDataManager.java:854)
	at com.force.sdk.jpa.ForceMetaDataManager.loadPersistenceUnit(ForceMetaDataManager.java:113)
	at org.datanucleus.jpa.EntityManagerFactoryImpl.initialisePMF(EntityManagerFactoryImpl.java:598)
	at org.datanucleus.jpa.EntityManagerFactoryImpl.&lt;init&gt;(EntityManagerFactoryImpl.java:282)
	at com.force.sdk.jpa.ForceEntityManagerFactory.&lt;init&gt;(ForceEntityManagerFactory.java:53)
	at com.force.sdk.jpa.PersistenceProviderImpl.createContainerEntityManagerFactory(PersistenceProviderImpl.java:59)
	at org.springframework.orm.jpa.LocalContainerEntityManagerFactoryBean.createNativeEntityManagerFactory(LocalContainerEntityManagerFactoryBean.java:225)
	at org.springframework.orm.jpa.AbstractEntityManagerFactoryBean.afterPropertiesSet(AbstractEntityManagerFactoryBean.java:310)
	at org.springframework.beans.factory.support.AbstractAutowireCapableBeanFactory.invokeInitMethods(AbstractAutowireCapableBeanFactory.java:1477)
	at org.springframework.beans.factory.support.AbstractAutowireCapableBeanFactory.initializeBean(AbstractAutowireCapableBeanFactory.java:1417)
	... 53 more
Caused by: com.sforce.ws.ConnectionException: Failed to get next element
	at com.sforce.ws.parser.XmlInputStream.nextTag(XmlInputStream.java:168)
	at com.sforce.ws.transport.SoapConnection.readSoapEnvelopeStart(SoapConnection.java:249)
	at com.sforce.ws.transport.SoapConnection.bind(SoapConnection.java:163)
	at com.sforce.ws.transport.SoapConnection.receive(SoapConnection.java:147)
	at com.sforce.ws.transport.SoapConnection.send(SoapConnection.java:98)
	at com.sforce.soap.partner.PartnerConnection.login(PartnerConnection.java:1664)
	at com.sforce.soap.partner.PartnerConnection.&lt;init&gt;(PartnerConnection.java:430)
	at com.sforce.soap.partner.Connector.newConnection(Connector.java:27)
	at com.force.sdk.connector.ForceServiceConnector.initConnection(ForceServiceConnector.java:260)
	at com.force.sdk.connector.ForceServiceConnector.initMetadataConnection(ForceServiceConnector.java:416)
	at com.force.sdk.connector.ForceServiceConnector.getNamespace(ForceServiceConnector.java:492)
	at com.force.sdk.jpa.ForceManagedConnection.getNamespace(ForceManagedConnection.java:111)
	at com.force.sdk.jpa.schema.ForceStoreSchemaHandler.cacheDescribeSObjects(ForceStoreSchemaHandler.java:124)
	... 65 more
Caused by: com.sforce.ws.parser.XmlPullParserException: only whitespace content allowed before start tag and not \u4 (position: START_DOCUMENT seen \u4... @1:1) 
	at com.sforce.ws.parser.MXParser.parseProlog(MXParser.java:1505)
	at com.sforce.ws.parser.MXParser.nextImpl(MXParser.java:1382)
	at com.sforce.ws.parser.MXParser.next(MXParser.java:1085)
	at com.sforce.ws.parser.MXParser.nextTag(MXParser.java:1070)
	at com.sforce.ws.parser.XmlInputStream.nextTag(XmlInputStream.java:166)
	... 77 more
</error>
    <system-out>2011-09-23 09:29:47,609 [main] ERROR org.springframework.test.context.TestContextManager - Caught exception while allowing TestExecutionListener [org.springframework.test.context.support.DependencyInjectionTestExecutionListener@ffd135] to prepare test instance [com.serjann.force.domain.MechIntegrationTest@1696452]
java.lang.IllegalStateException: Failed to load ApplicationContext
	at org.springframework.test.context.TestContext.getApplicationContext(TestContext.java:308)
	at org.springframework.test.context.support.DependencyInjectionTestExecutionListener.injectDependencies(DependencyInjectionTestExecutionListener.java:109)
	at org.springframework.test.context.support.DependencyInjectionTestExecutionListener.prepareTestInstance(DependencyInjectionTestExecutionListener.java:75)
	at org.springframework.test.context.TestContextManager.prepareTestInstance(TestContextManager.java:321)
	at org.springframework.test.context.junit4.SpringJUnit4ClassRunner.createTest(SpringJUnit4ClassRunner.java:211)
	at org.springframework.test.context.junit4.SpringJUnit4ClassRunner$1.runReflectiveCall(SpringJUnit4ClassRunner.java:287)
	at org.junit.internal.runners.model.ReflectiveCallable.run(ReflectiveCallable.java:15)
	at org.springframework.test.context.junit4.SpringJUnit4ClassRunner.methodBlock(SpringJUnit4ClassRunner.java:289)
	at org.springframework.test.context.junit4.SpringJUnit4ClassRunner.runChild(SpringJUnit4ClassRunner.java:231)
	at org.junit.runners.BlockJUnit4ClassRunner.runChild(BlockJUnit4ClassRunner.java:49)
	at org.junit.runners.ParentRunner$3.run(ParentRunner.java:193)
	at org.junit.runners.ParentRunner$1.schedule(ParentRunner.java:52)
	at org.junit.runners.ParentRunner.runChildren(ParentRunner.java:191)
	at org.junit.runners.ParentRunner.access$000(ParentRunner.java:42)
	at org.junit.runners.ParentRunner$2.evaluate(ParentRunner.java:184)
	at org.springframework.test.context.junit4.statements.RunBeforeTestClassCallbacks.evaluate(RunBeforeTestClassCallbacks.java:61)
	at org.springframework.test.context.junit4.statements.RunAfterTestClassCallbacks.evaluate(RunAfterTestClassCallbacks.java:70)
	at org.junit.runners.ParentRunner.run(ParentRunner.java:236)
	at org.springframework.test.context.junit4.SpringJUnit4ClassRunner.run(SpringJUnit4ClassRunner.java:174)
	at org.apache.maven.surefire.junit4.JUnit4TestSet.execute(JUnit4TestSet.java:53)
	at org.apache.maven.surefire.junit4.JUnit4Provider.executeTestSet(JUnit4Provider.java:119)
	at org.apache.maven.surefire.junit4.JUnit4Provider.invoke(JUnit4Provider.java:101)
	at sun.reflect.NativeMethodAccessorImpl.invoke0(Native Method)
	at sun.reflect.NativeMethodAccessorImpl.invoke(NativeMethodAccessorImpl.java:39)
	at sun.reflect.DelegatingMethodAccessorImpl.invoke(DelegatingMethodAccessorImpl.java:25)
	at java.lang.reflect.Method.invoke(Method.java:597)
	at org.apache.maven.surefire.booter.ProviderFactory$ClassLoaderProxy.invoke(ProviderFactory.java:103)
	at $Proxy0.invoke(Unknown Source)
	at org.apache.maven.surefire.booter.SurefireStarter.invokeProvider(SurefireStarter.java:150)
	at org.apache.maven.surefire.booter.SurefireStarter.runSuitesInProcess(SurefireStarter.java:91)
	at org.apache.maven.surefire.booter.ForkedBooter.main(ForkedBooter.java:69)
Caused by: org.springframework.beans.factory.BeanCreationException: Error creating bean with name &apos;transactionManager&apos; defined in file [C:\Projects\RooRelForce120M1\target\classes\META-INF\spring\applicationContext.xml]: Cannot resolve reference to bean &apos;entityManagerFactory&apos; while setting bean property &apos;entityManagerFactory&apos;; nested exception is org.springframework.beans.factory.BeanCreationException: Error creating bean with name &apos;entityManagerFactory&apos; defined in file [C:\Projects\RooRelForce120M1\target\classes\META-INF\spring\applicationContext.xml]: Invocation of init method failed; nested exception is org.datanucleus.exceptions.NucleusException: Failed to get next element
	at org.springframework.beans.factory.support.BeanDefinitionValueResolver.resolveReference(BeanDefinitionValueResolver.java:328)
	at org.springframework.beans.factory.support.BeanDefinitionValueResolver.resolveValueIfNecessary(BeanDefinitionValueResolver.java:106)
	at org.springframework.beans.factory.support.AbstractAutowireCapableBeanFactory.applyPropertyValues(AbstractAutowireCapableBeanFactory.java:1325)
	at org.springframework.beans.factory.support.AbstractAutowireCapableBeanFactory.populateBean(AbstractAutowireCapableBeanFactory.java:1086)
	at org.springframework.beans.factory.support.AbstractAutowireCapableBeanFactory.doCreateBean(AbstractAutowireCapableBeanFactory.java:517)
	at org.springframework.beans.factory.support.AbstractAutowireCapableBeanFactory.createBean(AbstractAutowireCapableBeanFactory.java:456)
	at org.springframework.beans.factory.support.AbstractBeanFactory$1.getObject(AbstractBeanFactory.java:293)
	at org.springframework.beans.factory.support.DefaultSingletonBeanRegistry.getSingleton(DefaultSingletonBeanRegistry.java:222)
	at org.springframework.beans.factory.support.AbstractBeanFactory.doGetBean(AbstractBeanFactory.java:290)
	at org.springframework.beans.factory.support.AbstractBeanFactory.getBean(AbstractBeanFactory.java:192)
	at org.springframework.beans.factory.support.DefaultListableBeanFactory.preInstantiateSingletons(DefaultListableBeanFactory.java:585)
	at org.springframework.context.support.AbstractApplicationContext.finishBeanFactoryInitialization(AbstractApplicationContext.java:895)
	at org.springframework.context.support.AbstractApplicationContext.refresh(AbstractApplicationContext.java:425)
	at org.springframework.test.context.support.AbstractGenericContextLoader.loadContext(AbstractGenericContextLoader.java:84)
	at org.springframework.test.context.support.AbstractGenericContextLoader.loadContext(AbstractGenericContextLoader.java:1)
	at org.springframework.test.context.TestContext.loadApplicationContext(TestContext.java:280)
	at org.springframework.test.context.TestContext.getApplicationContext(TestContext.java:304)
	... 30 more
Caused by: org.springframework.beans.factory.BeanCreationException: Error creating bean with name &apos;entityManagerFactory&apos; defined in file [C:\Projects\RooRelForce120M1\target\classes\META-INF\spring\applicationContext.xml]: Invocation of init method failed; nested exception is org.datanucleus.exceptions.NucleusException: Failed to get next element
	at org.springframework.beans.factory.support.AbstractAutowireCapableBeanFactory.initializeBean(AbstractAutowireCapableBeanFactory.java:1420)
	at org.springframework.beans.factory.support.AbstractAutowireCapableBeanFactory.doCreateBean(AbstractAutowireCapableBeanFactory.java:519)
	at org.springframework.beans.factory.support.AbstractAutowireCapableBeanFactory.createBean(AbstractAutowireCapableBeanFactory.java:456)
	at org.springframework.beans.factory.support.AbstractBeanFactory$1.getObject(AbstractBeanFactory.java:293)
	at org.springframework.beans.factory.support.DefaultSingletonBeanRegistry.getSingleton(DefaultSingletonBeanRegistry.java:222)
	at org.springframework.beans.factory.support.AbstractBeanFactory.doGetBean(AbstractBeanFactory.java:290)
	at org.springframework.beans.factory.support.AbstractBeanFactory.getBean(AbstractBeanFactory.java:192)
	at org.springframework.beans.factory.support.BeanDefinitionValueResolver.resolveReference(BeanDefinitionValueResolver.java:322)
	... 46 more
Caused by: org.datanucleus.exceptions.NucleusException: Failed to get next element
	at com.force.sdk.jpa.schema.ForceStoreSchemaHandler.cacheDescribeSObjects(ForceStoreSchemaHandler.java:153)
	at com.force.sdk.jpa.ForceStoreManager.preInitialiseFileMetaData(ForceStoreManager.java:309)
	at com.force.sdk.jpa.ForceMetaDataManager.initialiseFileMetaDataForUse(ForceMetaDataManager.java:262)
	at org.datanucleus.metadata.MetaDataManager.loadPersistenceUnit(MetaDataManager.java:854)
	at com.force.sdk.jpa.ForceMetaDataManager.loadPersistenceUnit(ForceMetaDataManager.java:113)
	at org.datanucleus.jpa.EntityManagerFactoryImpl.initialisePMF(EntityManagerFactoryImpl.java:598)
	at org.datanucleus.jpa.EntityManagerFactoryImpl.&lt;init&gt;(EntityManagerFactoryImpl.java:282)
	at com.force.sdk.jpa.ForceEntityManagerFactory.&lt;init&gt;(ForceEntityManagerFactory.java:53)
	at com.force.sdk.jpa.PersistenceProviderImpl.createContainerEntityManagerFactory(PersistenceProviderImpl.java:59)
	at org.springframework.orm.jpa.LocalContainerEntityManagerFactoryBean.createNativeEntityManagerFactory(LocalContainerEntityManagerFactoryBean.java:225)
	at org.springframework.orm.jpa.AbstractEntityManagerFactoryBean.afterPropertiesSet(AbstractEntityManagerFactoryBean.java:310)
	at org.springframework.beans.factory.support.AbstractAutowireCapableBeanFactory.invokeInitMethods(AbstractAutowireCapableBeanFactory.java:1477)
	at org.springframework.beans.factory.support.AbstractAutowireCapableBeanFactory.initializeBean(AbstractAutowireCapableBeanFactory.java:1417)
	... 53 more
Caused by: com.sforce.ws.ConnectionException: Failed to get next element
	at com.sforce.ws.parser.XmlInputStream.nextTag(XmlInputStream.java:168)
	at com.sforce.ws.transport.SoapConnection.readSoapEnvelopeStart(SoapConnection.java:249)
	at com.sforce.ws.transport.SoapConnection.bind(SoapConnection.java:163)
	at com.sforce.ws.transport.SoapConnection.receive(SoapConnection.java:147)
	at com.sforce.ws.transport.SoapConnection.send(SoapConnection.java:98)
	at com.sforce.soap.partner.PartnerConnection.login(PartnerConnection.java:1664)
	at com.sforce.soap.partner.PartnerConnection.&lt;init&gt;(PartnerConnection.java:430)
	at com.sforce.soap.partner.Connector.newConnection(Connector.java:27)
	at com.force.sdk.connector.ForceServiceConnector.initConnection(ForceServiceConnector.java:260)
	at com.force.sdk.connector.ForceServiceConnector.initMetadataConnection(ForceServiceConnector.java:416)
	at com.force.sdk.connector.ForceServiceConnector.getNamespace(ForceServiceConnector.java:492)
	at com.force.sdk.jpa.ForceManagedConnection.getNamespace(ForceManagedConnection.java:111)
	at com.force.sdk.jpa.schema.ForceStoreSchemaHandler.cacheDescribeSObjects(ForceStoreSchemaHandler.java:124)
	... 65 more
Caused by: com.sforce.ws.parser.XmlPullParserException: only whitespace content allowed before start tag and not \u4 (position: START_DOCUMENT seen \u4... @1:1) 
	at com.sforce.ws.parser.MXParser.parseProlog(MXParser.java:1505)
	at com.sforce.ws.parser.MXParser.nextImpl(MXParser.java:1382)
	at com.sforce.ws.parser.MXParser.next(MXParser.java:1085)
	at com.sforce.ws.parser.MXParser.nextTag(MXParser.java:1070)
	at com.sforce.ws.parser.XmlInputStream.nextTag(XmlInputStream.java:166)
	... 77 more
</system-out>
  </testcase>
  <testcase time="0.156" classname="com.serjann.force.domain.MechIntegrationTest" name="testRemove">
    <error message="Failed to load ApplicationContext" type="java.lang.IllegalStateException">java.lang.IllegalStateException: Failed to load ApplicationContext
	at org.springframework.test.context.TestContext.getApplicationContext(TestContext.java:308)
	at org.springframework.test.context.support.DependencyInjectionTestExecutionListener.injectDependencies(DependencyInjectionTestExecutionListener.java:109)
	at org.springframework.test.context.support.DependencyInjectionTestExecutionListener.prepareTestInstance(DependencyInjectionTestExecutionListener.java:75)
	at org.springframework.test.context.TestContextManager.prepareTestInstance(TestContextManager.java:321)
	at org.springframework.test.context.junit4.SpringJUnit4ClassRunner.createTest(SpringJUnit4ClassRunner.java:211)
	at org.springframework.test.context.junit4.SpringJUnit4ClassRunner$1.runReflectiveCall(SpringJUnit4ClassRunner.java:287)
	at org.junit.internal.runners.model.ReflectiveCallable.run(ReflectiveCallable.java:15)
	at org.springframework.test.context.junit4.SpringJUnit4ClassRunner.methodBlock(SpringJUnit4ClassRunner.java:289)
	at org.springframework.test.context.junit4.SpringJUnit4ClassRunner.runChild(SpringJUnit4ClassRunner.java:231)
	at org.junit.runners.BlockJUnit4ClassRunner.runChild(BlockJUnit4ClassRunner.java:49)
	at org.junit.runners.ParentRunner$3.run(ParentRunner.java:193)
	at org.junit.runners.ParentRunner$1.schedule(ParentRunner.java:52)
	at org.junit.runners.ParentRunner.runChildren(ParentRunner.java:191)
	at org.junit.runners.ParentRunner.access$000(ParentRunner.java:42)
	at org.junit.runners.ParentRunner$2.evaluate(ParentRunner.java:184)
	at org.springframework.test.context.junit4.statements.RunBeforeTestClassCallbacks.evaluate(RunBeforeTestClassCallbacks.java:61)
	at org.springframework.test.context.junit4.statements.RunAfterTestClassCallbacks.evaluate(RunAfterTestClassCallbacks.java:70)
	at org.junit.runners.ParentRunner.run(ParentRunner.java:236)
	at org.springframework.test.context.junit4.SpringJUnit4ClassRunner.run(SpringJUnit4ClassRunner.java:174)
	at org.apache.maven.surefire.junit4.JUnit4TestSet.execute(JUnit4TestSet.java:53)
	at org.apache.maven.surefire.junit4.JUnit4Provider.executeTestSet(JUnit4Provider.java:119)
	at org.apache.maven.surefire.junit4.JUnit4Provider.invoke(JUnit4Provider.java:101)
	at sun.reflect.NativeMethodAccessorImpl.invoke0(Native Method)
	at sun.reflect.NativeMethodAccessorImpl.invoke(NativeMethodAccessorImpl.java:39)
	at sun.reflect.DelegatingMethodAccessorImpl.invoke(DelegatingMethodAccessorImpl.java:25)
	at java.lang.reflect.Method.invoke(Method.java:597)
	at org.apache.maven.surefire.booter.ProviderFactory$ClassLoaderProxy.invoke(ProviderFactory.java:103)
	at $Proxy0.invoke(Unknown Source)
	at org.apache.maven.surefire.booter.SurefireStarter.invokeProvider(SurefireStarter.java:150)
	at org.apache.maven.surefire.booter.SurefireStarter.runSuitesInProcess(SurefireStarter.java:91)
	at org.apache.maven.surefire.booter.ForkedBooter.main(ForkedBooter.java:69)
Caused by: org.springframework.beans.factory.BeanCreationException: Error creating bean with name &apos;transactionManager&apos; defined in file [C:\Projects\RooRelForce120M1\target\classes\META-INF\spring\applicationContext.xml]: Cannot resolve reference to bean &apos;entityManagerFactory&apos; while setting bean property &apos;entityManagerFactory&apos;; nested exception is org.springframework.beans.factory.BeanCreationException: Error creating bean with name &apos;entityManagerFactory&apos; defined in file [C:\Projects\RooRelForce120M1\target\classes\META-INF\spring\applicationContext.xml]: Invocation of init method failed; nested exception is org.datanucleus.exceptions.NucleusException: Failed to get next element
	at org.springframework.beans.factory.support.BeanDefinitionValueResolver.resolveReference(BeanDefinitionValueResolver.java:328)
	at org.springframework.beans.factory.support.BeanDefinitionValueResolver.resolveValueIfNecessary(BeanDefinitionValueResolver.java:106)
	at org.springframework.beans.factory.support.AbstractAutowireCapableBeanFactory.applyPropertyValues(AbstractAutowireCapableBeanFactory.java:1325)
	at org.springframework.beans.factory.support.AbstractAutowireCapableBeanFactory.populateBean(AbstractAutowireCapableBeanFactory.java:1086)
	at org.springframework.beans.factory.support.AbstractAutowireCapableBeanFactory.doCreateBean(AbstractAutowireCapableBeanFactory.java:517)
	at org.springframework.beans.factory.support.AbstractAutowireCapableBeanFactory.createBean(AbstractAutowireCapableBeanFactory.java:456)
	at org.springframework.beans.factory.support.AbstractBeanFactory$1.getObject(AbstractBeanFactory.java:293)
	at org.springframework.beans.factory.support.DefaultSingletonBeanRegistry.getSingleton(DefaultSingletonBeanRegistry.java:222)
	at org.springframework.beans.factory.support.AbstractBeanFactory.doGetBean(AbstractBeanFactory.java:290)
	at org.springframework.beans.factory.support.AbstractBeanFactory.getBean(AbstractBeanFactory.java:192)
	at org.springframework.beans.factory.support.DefaultListableBeanFactory.preInstantiateSingletons(DefaultListableBeanFactory.java:585)
	at org.springframework.context.support.AbstractApplicationContext.finishBeanFactoryInitialization(AbstractApplicationContext.java:895)
	at org.springframework.context.support.AbstractApplicationContext.refresh(AbstractApplicationContext.java:425)
	at org.springframework.test.context.support.AbstractGenericContextLoader.loadContext(AbstractGenericContextLoader.java:84)
	at org.springframework.test.context.support.AbstractGenericContextLoader.loadContext(AbstractGenericContextLoader.java:1)
	at org.springframework.test.context.TestContext.loadApplicationContext(TestContext.java:280)
	at org.springframework.test.context.TestContext.getApplicationContext(TestContext.java:304)
	... 30 more
Caused by: org.springframework.beans.factory.BeanCreationException: Error creating bean with name &apos;entityManagerFactory&apos; defined in file [C:\Projects\RooRelForce120M1\target\classes\META-INF\spring\applicationContext.xml]: Invocation of init method failed; nested exception is org.datanucleus.exceptions.NucleusException: Failed to get next element
	at org.springframework.beans.factory.support.AbstractAutowireCapableBeanFactory.initializeBean(AbstractAutowireCapableBeanFactory.java:1420)
	at org.springframework.beans.factory.support.AbstractAutowireCapableBeanFactory.doCreateBean(AbstractAutowireCapableBeanFactory.java:519)
	at org.springframework.beans.factory.support.AbstractAutowireCapableBeanFactory.createBean(AbstractAutowireCapableBeanFactory.java:456)
	at org.springframework.beans.factory.support.AbstractBeanFactory$1.getObject(AbstractBeanFactory.java:293)
	at org.springframework.beans.factory.support.DefaultSingletonBeanRegistry.getSingleton(DefaultSingletonBeanRegistry.java:222)
	at org.springframework.beans.factory.support.AbstractBeanFactory.doGetBean(AbstractBeanFactory.java:290)
	at org.springframework.beans.factory.support.AbstractBeanFactory.getBean(AbstractBeanFactory.java:192)
	at org.springframework.beans.factory.support.BeanDefinitionValueResolver.resolveReference(BeanDefinitionValueResolver.java:322)
	... 46 more
Caused by: org.datanucleus.exceptions.NucleusException: Failed to get next element
	at com.force.sdk.jpa.schema.ForceStoreSchemaHandler.cacheDescribeSObjects(ForceStoreSchemaHandler.java:153)
	at com.force.sdk.jpa.ForceStoreManager.preInitialiseFileMetaData(ForceStoreManager.java:309)
	at com.force.sdk.jpa.ForceMetaDataManager.initialiseFileMetaDataForUse(ForceMetaDataManager.java:262)
	at org.datanucleus.metadata.MetaDataManager.loadPersistenceUnit(MetaDataManager.java:854)
	at com.force.sdk.jpa.ForceMetaDataManager.loadPersistenceUnit(ForceMetaDataManager.java:113)
	at org.datanucleus.jpa.EntityManagerFactoryImpl.initialisePMF(EntityManagerFactoryImpl.java:598)
	at org.datanucleus.jpa.EntityManagerFactoryImpl.&lt;init&gt;(EntityManagerFactoryImpl.java:282)
	at com.force.sdk.jpa.ForceEntityManagerFactory.&lt;init&gt;(ForceEntityManagerFactory.java:53)
	at com.force.sdk.jpa.PersistenceProviderImpl.createContainerEntityManagerFactory(PersistenceProviderImpl.java:59)
	at org.springframework.orm.jpa.LocalContainerEntityManagerFactoryBean.createNativeEntityManagerFactory(LocalContainerEntityManagerFactoryBean.java:225)
	at org.springframework.orm.jpa.AbstractEntityManagerFactoryBean.afterPropertiesSet(AbstractEntityManagerFactoryBean.java:310)
	at org.springframework.beans.factory.support.AbstractAutowireCapableBeanFactory.invokeInitMethods(AbstractAutowireCapableBeanFactory.java:1477)
	at org.springframework.beans.factory.support.AbstractAutowireCapableBeanFactory.initializeBean(AbstractAutowireCapableBeanFactory.java:1417)
	... 53 more
Caused by: com.sforce.ws.ConnectionException: Failed to get next element
	at com.sforce.ws.parser.XmlInputStream.nextTag(XmlInputStream.java:168)
	at com.sforce.ws.transport.SoapConnection.readSoapEnvelopeStart(SoapConnection.java:249)
	at com.sforce.ws.transport.SoapConnection.bind(SoapConnection.java:163)
	at com.sforce.ws.transport.SoapConnection.receive(SoapConnection.java:147)
	at com.sforce.ws.transport.SoapConnection.send(SoapConnection.java:98)
	at com.sforce.soap.partner.PartnerConnection.login(PartnerConnection.java:1664)
	at com.sforce.soap.partner.PartnerConnection.&lt;init&gt;(PartnerConnection.java:430)
	at com.sforce.soap.partner.Connector.newConnection(Connector.java:27)
	at com.force.sdk.connector.ForceServiceConnector.initConnection(ForceServiceConnector.java:260)
	at com.force.sdk.connector.ForceServiceConnector.initMetadataConnection(ForceServiceConnector.java:416)
	at com.force.sdk.connector.ForceServiceConnector.getNamespace(ForceServiceConnector.java:492)
	at com.force.sdk.jpa.ForceManagedConnection.getNamespace(ForceManagedConnection.java:111)
	at com.force.sdk.jpa.schema.ForceStoreSchemaHandler.cacheDescribeSObjects(ForceStoreSchemaHandler.java:124)
	... 65 more
Caused by: com.sforce.ws.parser.XmlPullParserException: only whitespace content allowed before start tag and not \ufffd (position: START_DOCUMENT seen \ufffd... @1:1) 
	at com.sforce.ws.parser.MXParser.parseProlog(MXParser.java:1505)
	at com.sforce.ws.parser.MXParser.nextImpl(MXParser.java:1382)
	at com.sforce.ws.parser.MXParser.next(MXParser.java:1085)
	at com.sforce.ws.parser.MXParser.nextTag(MXParser.java:1070)
	at com.sforce.ws.parser.XmlInputStream.nextTag(XmlInputStream.java:166)
	... 77 more
</error>
    <system-out>2011-09-23 09:29:47,750 [main] ERROR org.springframework.test.context.TestContextManager - Caught exception while allowing TestExecutionListener [org.springframework.test.context.support.DependencyInjectionTestExecutionListener@ffd135] to prepare test instance [com.serjann.force.domain.MechIntegrationTest@15e0638]
java.lang.IllegalStateException: Failed to load ApplicationContext
	at org.springframework.test.context.TestContext.getApplicationContext(TestContext.java:308)
	at org.springframework.test.context.support.DependencyInjectionTestExecutionListener.injectDependencies(DependencyInjectionTestExecutionListener.java:109)
	at org.springframework.test.context.support.DependencyInjectionTestExecutionListener.prepareTestInstance(DependencyInjectionTestExecutionListener.java:75)
	at org.springframework.test.context.TestContextManager.prepareTestInstance(TestContextManager.java:321)
	at org.springframework.test.context.junit4.SpringJUnit4ClassRunner.createTest(SpringJUnit4ClassRunner.java:211)
	at org.springframework.test.context.junit4.SpringJUnit4ClassRunner$1.runReflectiveCall(SpringJUnit4ClassRunner.java:287)
	at org.junit.internal.runners.model.ReflectiveCallable.run(ReflectiveCallable.java:15)
	at org.springframework.test.context.junit4.SpringJUnit4ClassRunner.methodBlock(SpringJUnit4ClassRunner.java:289)
	at org.springframework.test.context.junit4.SpringJUnit4ClassRunner.runChild(SpringJUnit4ClassRunner.java:231)
	at org.junit.runners.BlockJUnit4ClassRunner.runChild(BlockJUnit4ClassRunner.java:49)
	at org.junit.runners.ParentRunner$3.run(ParentRunner.java:193)
	at org.junit.runners.ParentRunner$1.schedule(ParentRunner.java:52)
	at org.junit.runners.ParentRunner.runChildren(ParentRunner.java:191)
	at org.junit.runners.ParentRunner.access$000(ParentRunner.java:42)
	at org.junit.runners.ParentRunner$2.evaluate(ParentRunner.java:184)
	at org.springframework.test.context.junit4.statements.RunBeforeTestClassCallbacks.evaluate(RunBeforeTestClassCallbacks.java:61)
	at org.springframework.test.context.junit4.statements.RunAfterTestClassCallbacks.evaluate(RunAfterTestClassCallbacks.java:70)
	at org.junit.runners.ParentRunner.run(ParentRunner.java:236)
	at org.springframework.test.context.junit4.SpringJUnit4ClassRunner.run(SpringJUnit4ClassRunner.java:174)
	at org.apache.maven.surefire.junit4.JUnit4TestSet.execute(JUnit4TestSet.java:53)
	at org.apache.maven.surefire.junit4.JUnit4Provider.executeTestSet(JUnit4Provider.java:119)
	at org.apache.maven.surefire.junit4.JUnit4Provider.invoke(JUnit4Provider.java:101)
	at sun.reflect.NativeMethodAccessorImpl.invoke0(Native Method)
	at sun.reflect.NativeMethodAccessorImpl.invoke(NativeMethodAccessorImpl.java:39)
	at sun.reflect.DelegatingMethodAccessorImpl.invoke(DelegatingMethodAccessorImpl.java:25)
	at java.lang.reflect.Method.invoke(Method.java:597)
	at org.apache.maven.surefire.booter.ProviderFactory$ClassLoaderProxy.invoke(ProviderFactory.java:103)
	at $Proxy0.invoke(Unknown Source)
	at org.apache.maven.surefire.booter.SurefireStarter.invokeProvider(SurefireStarter.java:150)
	at org.apache.maven.surefire.booter.SurefireStarter.runSuitesInProcess(SurefireStarter.java:91)
	at org.apache.maven.surefire.booter.ForkedBooter.main(ForkedBooter.java:69)
Caused by: org.springframework.beans.factory.BeanCreationException: Error creating bean with name &apos;transactionManager&apos; defined in file [C:\Projects\RooRelForce120M1\target\classes\META-INF\spring\applicationContext.xml]: Cannot resolve reference to bean &apos;entityManagerFactory&apos; while setting bean property &apos;entityManagerFactory&apos;; nested exception is org.springframework.beans.factory.BeanCreationException: Error creating bean with name &apos;entityManagerFactory&apos; defined in file [C:\Projects\RooRelForce120M1\target\classes\META-INF\spring\applicationContext.xml]: Invocation of init method failed; nested exception is org.datanucleus.exceptions.NucleusException: Failed to get next element
	at org.springframework.beans.factory.support.BeanDefinitionValueResolver.resolveReference(BeanDefinitionValueResolver.java:328)
	at org.springframework.beans.factory.support.BeanDefinitionValueResolver.resolveValueIfNecessary(BeanDefinitionValueResolver.java:106)
	at org.springframework.beans.factory.support.AbstractAutowireCapableBeanFactory.applyPropertyValues(AbstractAutowireCapableBeanFactory.java:1325)
	at org.springframework.beans.factory.support.AbstractAutowireCapableBeanFactory.populateBean(AbstractAutowireCapableBeanFactory.java:1086)
	at org.springframework.beans.factory.support.AbstractAutowireCapableBeanFactory.doCreateBean(AbstractAutowireCapableBeanFactory.java:517)
	at org.springframework.beans.factory.support.AbstractAutowireCapableBeanFactory.createBean(AbstractAutowireCapableBeanFactory.java:456)
	at org.springframework.beans.factory.support.AbstractBeanFactory$1.getObject(AbstractBeanFactory.java:293)
	at org.springframework.beans.factory.support.DefaultSingletonBeanRegistry.getSingleton(DefaultSingletonBeanRegistry.java:222)
	at org.springframework.beans.factory.support.AbstractBeanFactory.doGetBean(AbstractBeanFactory.java:290)
	at org.springframework.beans.factory.support.AbstractBeanFactory.getBean(AbstractBeanFactory.java:192)
	at org.springframework.beans.factory.support.DefaultListableBeanFactory.preInstantiateSingletons(DefaultListableBeanFactory.java:585)
	at org.springframework.context.support.AbstractApplicationContext.finishBeanFactoryInitialization(AbstractApplicationContext.java:895)
	at org.springframework.context.support.AbstractApplicationContext.refresh(AbstractApplicationContext.java:425)
	at org.springframework.test.context.support.AbstractGenericContextLoader.loadContext(AbstractGenericContextLoader.java:84)
	at org.springframework.test.context.support.AbstractGenericContextLoader.loadContext(AbstractGenericContextLoader.java:1)
	at org.springframework.test.context.TestContext.loadApplicationContext(TestContext.java:280)
	at org.springframework.test.context.TestContext.getApplicationContext(TestContext.java:304)
	... 30 more
Caused by: org.springframework.beans.factory.BeanCreationException: Error creating bean with name &apos;entityManagerFactory&apos; defined in file [C:\Projects\RooRelForce120M1\target\classes\META-INF\spring\applicationContext.xml]: Invocation of init method failed; nested exception is org.datanucleus.exceptions.NucleusException: Failed to get next element
	at org.springframework.beans.factory.support.AbstractAutowireCapableBeanFactory.initializeBean(AbstractAutowireCapableBeanFactory.java:1420)
	at org.springframework.beans.factory.support.AbstractAutowireCapableBeanFactory.doCreateBean(AbstractAutowireCapableBeanFactory.java:519)
	at org.springframework.beans.factory.support.AbstractAutowireCapableBeanFactory.createBean(AbstractAutowireCapableBeanFactory.java:456)
	at org.springframework.beans.factory.support.AbstractBeanFactory$1.getObject(AbstractBeanFactory.java:293)
	at org.springframework.beans.factory.support.DefaultSingletonBeanRegistry.getSingleton(DefaultSingletonBeanRegistry.java:222)
	at org.springframework.beans.factory.support.AbstractBeanFactory.doGetBean(AbstractBeanFactory.java:290)
	at org.springframework.beans.factory.support.AbstractBeanFactory.getBean(AbstractBeanFactory.java:192)
	at org.springframework.beans.factory.support.BeanDefinitionValueResolver.resolveReference(BeanDefinitionValueResolver.java:322)
	... 46 more
Caused by: org.datanucleus.exceptions.NucleusException: Failed to get next element
	at com.force.sdk.jpa.schema.ForceStoreSchemaHandler.cacheDescribeSObjects(ForceStoreSchemaHandler.java:153)
	at com.force.sdk.jpa.ForceStoreManager.preInitialiseFileMetaData(ForceStoreManager.java:309)
	at com.force.sdk.jpa.ForceMetaDataManager.initialiseFileMetaDataForUse(ForceMetaDataManager.java:262)
	at org.datanucleus.metadata.MetaDataManager.loadPersistenceUnit(MetaDataManager.java:854)
	at com.force.sdk.jpa.ForceMetaDataManager.loadPersistenceUnit(ForceMetaDataManager.java:113)
	at org.datanucleus.jpa.EntityManagerFactoryImpl.initialisePMF(EntityManagerFactoryImpl.java:598)
	at org.datanucleus.jpa.EntityManagerFactoryImpl.&lt;init&gt;(EntityManagerFactoryImpl.java:282)
	at com.force.sdk.jpa.ForceEntityManagerFactory.&lt;init&gt;(ForceEntityManagerFactory.java:53)
	at com.force.sdk.jpa.PersistenceProviderImpl.createContainerEntityManagerFactory(PersistenceProviderImpl.java:59)
	at org.springframework.orm.jpa.LocalContainerEntityManagerFactoryBean.createNativeEntityManagerFactory(LocalContainerEntityManagerFactoryBean.java:225)
	at org.springframework.orm.jpa.AbstractEntityManagerFactoryBean.afterPropertiesSet(AbstractEntityManagerFactoryBean.java:310)
	at org.springframework.beans.factory.support.AbstractAutowireCapableBeanFactory.invokeInitMethods(AbstractAutowireCapableBeanFactory.java:1477)
	at org.springframework.beans.factory.support.AbstractAutowireCapableBeanFactory.initializeBean(AbstractAutowireCapableBeanFactory.java:1417)
	... 53 more
Caused by: com.sforce.ws.ConnectionException: Failed to get next element
	at com.sforce.ws.parser.XmlInputStream.nextTag(XmlInputStream.java:168)
	at com.sforce.ws.transport.SoapConnection.readSoapEnvelopeStart(SoapConnection.java:249)
	at com.sforce.ws.transport.SoapConnection.bind(SoapConnection.java:163)
	at com.sforce.ws.transport.SoapConnection.receive(SoapConnection.java:147)
	at com.sforce.ws.transport.SoapConnection.send(SoapConnection.java:98)
	at com.sforce.soap.partner.PartnerConnection.login(PartnerConnection.java:1664)
	at com.sforce.soap.partner.PartnerConnection.&lt;init&gt;(PartnerConnection.java:430)
	at com.sforce.soap.partner.Connector.newConnection(Connector.java:27)
	at com.force.sdk.connector.ForceServiceConnector.initConnection(ForceServiceConnector.java:260)
	at com.force.sdk.connector.ForceServiceConnector.initMetadataConnection(ForceServiceConnector.java:416)
	at com.force.sdk.connector.ForceServiceConnector.getNamespace(ForceServiceConnector.java:492)
	at com.force.sdk.jpa.ForceManagedConnection.getNamespace(ForceManagedConnection.java:111)
	at com.force.sdk.jpa.schema.ForceStoreSchemaHandler.cacheDescribeSObjects(ForceStoreSchemaHandler.java:124)
	... 65 more
Caused by: com.sforce.ws.parser.XmlPullParserException: only whitespace content allowed before start tag and not \ufffd (position: START_DOCUMENT seen \ufffd... @1:1) 
	at com.sforce.ws.parser.MXParser.parseProlog(MXParser.java:1505)
	at com.sforce.ws.parser.MXParser.nextImpl(MXParser.java:1382)
	at com.sforce.ws.parser.MXParser.next(MXParser.java:1085)
	at com.sforce.ws.parser.MXParser.nextTag(MXParser.java:1070)
	at com.sforce.ws.parser.XmlInputStream.nextTag(XmlInputStream.java:166)
	... 77 more
</system-out>
  </testcase>
</testsuite>